{"/home/travis/build/npmtest/node-npmtest-es5-ext/test.js":{"path":"/home/travis/build/npmtest/node-npmtest-es5-ext/test.js","s":{"1":2,"2":2,"3":2,"4":2,"5":2,"6":2,"7":2,"8":1,"9":2,"10":2,"11":1,"12":1,"13":1,"14":1,"15":2,"16":2,"17":2,"18":2,"19":1,"20":1,"21":2,"22":2,"23":2,"24":1,"25":1,"26":1,"27":1,"28":1,"29":1,"30":1,"31":1,"32":1,"33":1,"34":1,"35":1,"36":1,"37":1,"38":1,"39":2,"40":2,"41":1,"42":2,"43":2,"44":1,"45":2,"46":2,"47":1,"48":2,"49":2,"50":1,"51":1,"52":1,"53":1,"54":1},"b":{"1":[2,1,1,1],"2":[1,1,1,1],"3":[1,1],"4":[1,1],"5":[1,1],"6":[1,1],"7":[1,1],"8":[1,1],"9":[1,1],"10":[1,1,1],"11":[1,1],"12":[1,1],"13":[1,1],"14":[1,1],"15":[1,1],"16":[1,1],"17":[1,1]},"f":{"1":2,"2":2,"3":2,"4":2,"5":2,"6":1,"7":1,"8":1,"9":2,"10":2,"11":2,"12":2,"13":1},"fnMap":{"1":{"name":"(anonymous_1)","line":12,"loc":{"start":{"line":12,"column":1},"end":{"line":12,"column":13}}},"2":{"name":"(anonymous_2)","line":19,"loc":{"start":{"line":19,"column":5},"end":{"line":19,"column":17}}},"3":{"name":"(anonymous_3)","line":23,"loc":{"start":{"line":23,"column":24},"end":{"line":23,"column":36}}},"4":{"name":"(anonymous_4)","line":61,"loc":{"start":{"line":61,"column":5},"end":{"line":61,"column":17}}},"5":{"name":"(anonymous_5)","line":82,"loc":{"start":{"line":82,"column":5},"end":{"line":82,"column":17}}},"6":{"name":"(anonymous_6)","line":91,"loc":{"start":{"line":91,"column":77},"end":{"line":94,"column":10}}},"7":{"name":"(anonymous_7)","line":112,"loc":{"start":{"line":112,"column":83},"end":{"line":115,"column":10}},"skip":true},"8":{"name":"(anonymous_8)","line":123,"loc":{"start":{"line":123,"column":77},"end":{"line":126,"column":10}},"skip":true},"9":{"name":"(anonymous_9)","line":139,"loc":{"start":{"line":139,"column":12},"end":{"line":139,"column":40}},"skip":true},"10":{"name":"(anonymous_10)","line":147,"loc":{"start":{"line":147,"column":77},"end":{"line":150,"column":10}},"skip":true},"11":{"name":"(anonymous_11)","line":158,"loc":{"start":{"line":158,"column":83},"end":{"line":161,"column":10}},"skip":true},"12":{"name":"(anonymous_12)","line":169,"loc":{"start":{"line":169,"column":79},"end":{"line":172,"column":10}},"skip":true},"13":{"name":"(anonymous_13)","line":180,"loc":{"start":{"line":180,"column":75},"end":{"line":183,"column":10}},"skip":true}},"statementMap":{"1":{"start":{"line":12,"column":0},"end":{"line":195,"column":5}},"2":{"start":{"line":14,"column":4},"end":{"line":14,"column":14}},"3":{"start":{"line":19,"column":4},"end":{"line":56,"column":9}},"4":{"start":{"line":21,"column":8},"end":{"line":21,"column":19}},"5":{"start":{"line":23,"column":8},"end":{"line":35,"column":13}},"6":{"start":{"line":24,"column":12},"end":{"line":34,"column":13}},"7":{"start":{"line":25,"column":16},"end":{"line":28,"column":30}},"8":{"start":{"line":30,"column":16},"end":{"line":33,"column":27}},"9":{"start":{"line":37,"column":8},"end":{"line":39,"column":21}},"10":{"start":{"line":40,"column":8},"end":{"line":53,"column":9}},"11":{"start":{"line":43,"column":12},"end":{"line":46,"column":14}},"12":{"start":{"line":47,"column":12},"end":{"line":47,"column":18}},"13":{"start":{"line":50,"column":12},"end":{"line":51,"column":33}},"14":{"start":{"line":52,"column":12},"end":{"line":52,"column":18}},"15":{"start":{"line":55,"column":8},"end":{"line":55,"column":35}},"16":{"start":{"line":61,"column":4},"end":{"line":63,"column":9}},"17":{"start":{"line":62,"column":8},"end":{"line":62,"column":15}},"18":{"start":{"line":64,"column":4},"end":{"line":77,"column":5}},"19":{"start":{"line":70,"column":8},"end":{"line":70,"column":14}},"20":{"start":{"line":76,"column":8},"end":{"line":76,"column":14}},"21":{"start":{"line":82,"column":4},"end":{"line":84,"column":9}},"22":{"start":{"line":83,"column":8},"end":{"line":83,"column":15}},"23":{"start":{"line":85,"column":4},"end":{"line":194,"column":5}},"24":{"start":{"line":91,"column":8},"end":{"line":99,"column":10}},"25":{"start":{"line":98,"column":12},"end":{"line":98,"column":35}},"26":{"start":{"line":102,"column":8},"end":{"line":104,"column":63}},"27":{"start":{"line":105,"column":8},"end":{"line":105,"column":14}},"28":{"start":{"line":112,"column":8},"end":{"line":121,"column":10},"skip":true},"29":{"start":{"line":119,"column":12},"end":{"line":119,"column":55},"skip":true},"30":{"start":{"line":120,"column":12},"end":{"line":120,"column":48},"skip":true},"31":{"start":{"line":123,"column":8},"end":{"line":136,"column":10},"skip":true},"32":{"start":{"line":130,"column":12},"end":{"line":130,"column":76},"skip":true},"33":{"start":{"line":131,"column":12},"end":{"line":131,"column":73},"skip":true},"34":{"start":{"line":132,"column":12},"end":{"line":132,"column":74},"skip":true},"35":{"start":{"line":133,"column":12},"end":{"line":133,"column":79},"skip":true},"36":{"start":{"line":134,"column":12},"end":{"line":134,"column":25},"skip":true},"37":{"start":{"line":135,"column":12},"end":{"line":135,"column":45},"skip":true},"38":{"start":{"line":138,"column":8},"end":{"line":145,"column":14},"skip":true},"39":{"start":{"line":143,"column":16},"end":{"line":143,"column":29},"skip":true},"40":{"start":{"line":144,"column":16},"end":{"line":144,"column":55},"skip":true},"41":{"start":{"line":147,"column":8},"end":{"line":156,"column":10},"skip":true},"42":{"start":{"line":154,"column":12},"end":{"line":154,"column":25},"skip":true},"43":{"start":{"line":155,"column":12},"end":{"line":155,"column":45},"skip":true},"44":{"start":{"line":158,"column":8},"end":{"line":167,"column":10},"skip":true},"45":{"start":{"line":165,"column":12},"end":{"line":165,"column":25},"skip":true},"46":{"start":{"line":166,"column":12},"end":{"line":166,"column":48},"skip":true},"47":{"start":{"line":169,"column":8},"end":{"line":178,"column":10},"skip":true},"48":{"start":{"line":176,"column":12},"end":{"line":176,"column":25},"skip":true},"49":{"start":{"line":177,"column":12},"end":{"line":177,"column":46},"skip":true},"50":{"start":{"line":180,"column":8},"end":{"line":189,"column":10},"skip":true},"51":{"start":{"line":187,"column":12},"end":{"line":187,"column":94},"skip":true},"52":{"start":{"line":188,"column":12},"end":{"line":188,"column":48},"skip":true},"53":{"start":{"line":192,"column":8},"end":{"line":192,"column":35},"skip":true},"54":{"start":{"line":193,"column":8},"end":{"line":193,"column":14},"skip":true}},"branchMap":{"1":{"line":25,"type":"binary-expr","locations":[{"start":{"line":25,"column":23},"end":{"line":25,"column":62}},{"start":{"line":26,"column":20},"end":{"line":26,"column":70}},{"start":{"line":27,"column":20},"end":{"line":27,"column":71}},{"start":{"line":28,"column":20},"end":{"line":28,"column":29}}]},"2":{"line":30,"type":"binary-expr","locations":[{"start":{"line":30,"column":23},"end":{"line":30,"column":37}},{"start":{"line":31,"column":20},"end":{"line":31,"column":61}},{"start":{"line":32,"column":20},"end":{"line":32,"column":70}},{"start":{"line":33,"column":20},"end":{"line":33,"column":26}}]},"3":{"line":37,"type":"cond-expr","locations":[{"start":{"line":38,"column":14},"end":{"line":38,"column":20}},{"start":{"line":39,"column":14},"end":{"line":39,"column":20}}]},"4":{"line":40,"type":"switch","locations":[{"start":{"line":42,"column":8},"end":{"line":47,"column":18}},{"start":{"line":49,"column":8},"end":{"line":52,"column":18}}]},"5":{"line":44,"type":"binary-expr","locations":[{"start":{"line":44,"column":16},"end":{"line":44,"column":44}},{"start":{"line":44,"column":48},"end":{"line":44,"column":66}}]},"6":{"line":50,"type":"binary-expr","locations":[{"start":{"line":50,"column":21},"end":{"line":50,"column":49}},{"start":{"line":50,"column":53},"end":{"line":50,"column":72}}]},"7":{"line":64,"type":"switch","locations":[{"start":{"line":69,"column":4},"end":{"line":70,"column":14}},{"start":{"line":75,"column":4},"end":{"line":76,"column":14}}]},"8":{"line":85,"type":"switch","locations":[{"start":{"line":90,"column":4},"end":{"line":105,"column":14}},{"start":{"line":111,"column":4},"end":{"line":193,"column":14},"skip":true}]},"9":{"line":91,"type":"binary-expr","locations":[{"start":{"line":91,"column":42},"end":{"line":91,"column":73}},{"start":{"line":91,"column":77},"end":{"line":99,"column":9}}]},"10":{"line":102,"type":"binary-expr","locations":[{"start":{"line":102,"column":18},"end":{"line":102,"column":32}},{"start":{"line":103,"column":12},"end":{"line":103,"column":53}},{"start":{"line":104,"column":12},"end":{"line":104,"column":61}}]},"11":{"line":112,"type":"binary-expr","locations":[{"start":{"line":112,"column":45},"end":{"line":112,"column":79},"skip":true},{"start":{"line":112,"column":83},"end":{"line":121,"column":9},"skip":true}]},"12":{"line":123,"type":"binary-expr","locations":[{"start":{"line":123,"column":42},"end":{"line":123,"column":73},"skip":true},{"start":{"line":123,"column":77},"end":{"line":136,"column":9},"skip":true}]},"13":{"line":138,"type":"binary-expr","locations":[{"start":{"line":138,"column":48},"end":{"line":138,"column":85},"skip":true},{"start":{"line":139,"column":12},"end":{"line":145,"column":13},"skip":true}]},"14":{"line":147,"type":"binary-expr","locations":[{"start":{"line":147,"column":42},"end":{"line":147,"column":73},"skip":true},{"start":{"line":147,"column":77},"end":{"line":156,"column":9},"skip":true}]},"15":{"line":158,"type":"binary-expr","locations":[{"start":{"line":158,"column":45},"end":{"line":158,"column":79},"skip":true},{"start":{"line":158,"column":83},"end":{"line":167,"column":9},"skip":true}]},"16":{"line":169,"type":"binary-expr","locations":[{"start":{"line":169,"column":43},"end":{"line":169,"column":75},"skip":true},{"start":{"line":169,"column":79},"end":{"line":178,"column":9},"skip":true}]},"17":{"line":180,"type":"binary-expr","locations":[{"start":{"line":180,"column":41},"end":{"line":180,"column":71},"skip":true},{"start":{"line":180,"column":75},"end":{"line":189,"column":9},"skip":true}]}},"code":["/* istanbul instrument in package npmtest_es5_ext */","/*jslint","    bitwise: true,","    browser: true,","    maxerr: 8,","    maxlen: 96,","    node: true,","    nomen: true,","    regexp: true,","    stupid: true","*/","(function () {","    'use strict';","    var local;","","","","    // run shared js-env code - pre-init","    (function () {","        // init local","        local = {};","        // init modeJs","        local.modeJs = (function () {","            try {","                return typeof navigator.userAgent === 'string' &&","                    typeof document.querySelector('body') === 'object' &&","                    typeof XMLHttpRequest.prototype.open === 'function' &&","                    'browser';","            } catch (errorCaughtBrowser) {","                return module.exports &&","                    typeof process.versions.node === 'string' &&","                    typeof require('http').createServer === 'function' &&","                    'node';","            }","        }());","        // init global","        local.global = local.modeJs === 'browser'","            ? window","            : global;","        switch (local.modeJs) {","        // re-init local from window.local","        case 'browser':","            local = local.global.utility2.objectSetDefault(","                local.global.utility2_rollup || local.global.local,","                local.global.utility2","            );","            break;","        // re-init local from example.js","        case 'node':","            local = (local.global.utility2_rollup || require('utility2'))","                .requireReadme();","            break;","        }","        // export local","        local.global.local = local;","    }());","","","","    // run shared js-env code - function","    (function () {","        return;","    }());","    switch (local.modeJs) {","","","","    // run browser js-env code - function","    case 'browser':","        break;","","","","    // run node js-env code - function","    case 'node':","        break;","    }","","","","    // run shared js-env code - post-init","    (function () {","        return;","    }());","    switch (local.modeJs) {","","","","    // run browser js-env code - post-init","    case 'browser':","        local.testCase_browser_nullCase = local.testCase_browser_nullCase || function (","            options,","            onError","        ) {","        /*","         * this function will test browsers's null-case handling-behavior-behavior","         */","            onError(null, options);","        };","","        // run tests","        local.nop(local.modeTest &&","            document.querySelector('#testRunButton1') &&","            document.querySelector('#testRunButton1').click());","        break;","","","","    // run node js-env code - post-init","    /* istanbul ignore next */","    case 'node':","        local.testCase_buildApidoc_default = local.testCase_buildApidoc_default || function (","            options,","            onError","        ) {","        /*","         * this function will test buildApidoc's default handling-behavior-behavior","         */","            options = { modulePathList: module.paths };","            local.buildApidoc(options, onError);","        };","","        local.testCase_buildApp_default = local.testCase_buildApp_default || function (","            options,","            onError","        ) {","        /*","         * this function will test buildApp's default handling-behavior-behavior","         */","            local.testCase_buildReadme_default(options, local.onErrorThrow);","            local.testCase_buildLib_default(options, local.onErrorThrow);","            local.testCase_buildTest_default(options, local.onErrorThrow);","            local.testCase_buildCustomOrg_default(options, local.onErrorThrow);","            options = [];","            local.buildApp(options, onError);","        };","","        local.testCase_buildCustomOrg_default = local.testCase_buildCustomOrg_default ||","            function (options, onError) {","            /*","             * this function will test buildCustomOrg's default handling-behavior","             */","                options = {};","                local.buildCustomOrg(options, onError);","            };","","        local.testCase_buildLib_default = local.testCase_buildLib_default || function (","            options,","            onError","        ) {","        /*","         * this function will test buildLib's default handling-behavior","         */","            options = {};","            local.buildLib(options, onError);","        };","","        local.testCase_buildReadme_default = local.testCase_buildReadme_default || function (","            options,","            onError","        ) {","        /*","         * this function will test buildReadme's default handling-behavior-behavior","         */","            options = {};","            local.buildReadme(options, onError);","        };","","        local.testCase_buildTest_default = local.testCase_buildTest_default || function (","            options,","            onError","        ) {","        /*","         * this function will test buildTest's default handling-behavior","         */","            options = {};","            local.buildTest(options, onError);","        };","","        local.testCase_webpage_default = local.testCase_webpage_default || function (","            options,","            onError","        ) {","        /*","         * this function will test webpage's default handling-behavior","         */","            options = { modeCoverageMerge: true, url: local.serverLocalHost + '?modeTest=1' };","            local.browserTest(options, onError);","        };","","        // run test-server","        local.testRunServer(local);","        break;","    }","}());",""],"l":{"12":2,"14":2,"19":2,"21":2,"23":2,"24":2,"25":2,"30":1,"37":2,"40":2,"43":1,"47":1,"50":1,"52":1,"55":2,"61":2,"62":2,"64":2,"70":1,"76":1,"82":2,"83":2,"85":2,"91":1,"98":1,"102":1,"105":1,"112":1,"119":1,"120":1,"123":1,"130":1,"131":1,"132":1,"133":1,"134":1,"135":1,"138":1,"143":2,"144":2,"147":1,"154":2,"155":2,"158":1,"165":2,"166":2,"169":1,"176":2,"177":2,"180":1,"187":1,"188":1,"192":1,"193":1}},"/home/travis/build/npmtest/node-npmtest-es5-ext/lib.npmtest_es5_ext.js":{"path":"/home/travis/build/npmtest/node-npmtest-es5-ext/lib.npmtest_es5_ext.js","s":{"1":2,"2":2,"3":2,"4":2,"5":2,"6":2,"7":2,"8":1,"9":2,"10":2,"11":2,"12":2,"13":1,"14":1,"15":1,"16":1},"b":{"1":[2,1,1,1],"2":[1,1,1,1],"3":[1,1],"4":[2,2],"5":[1,1]},"f":{"1":2,"2":2,"3":2},"fnMap":{"1":{"name":"(anonymous_1)","line":12,"loc":{"start":{"line":12,"column":1},"end":{"line":12,"column":13}}},"2":{"name":"(anonymous_2)","line":19,"loc":{"start":{"line":19,"column":5},"end":{"line":19,"column":17}}},"3":{"name":"(anonymous_3)","line":23,"loc":{"start":{"line":23,"column":24},"end":{"line":23,"column":36}}}},"statementMap":{"1":{"start":{"line":12,"column":0},"end":{"line":53,"column":5}},"2":{"start":{"line":14,"column":4},"end":{"line":14,"column":14}},"3":{"start":{"line":19,"column":4},"end":{"line":52,"column":9}},"4":{"start":{"line":21,"column":8},"end":{"line":21,"column":19}},"5":{"start":{"line":23,"column":8},"end":{"line":35,"column":13}},"6":{"start":{"line":24,"column":12},"end":{"line":34,"column":13}},"7":{"start":{"line":25,"column":16},"end":{"line":28,"column":30}},"8":{"start":{"line":30,"column":16},"end":{"line":33,"column":27}},"9":{"start":{"line":37,"column":8},"end":{"line":39,"column":21}},"10":{"start":{"line":41,"column":8},"end":{"line":41,"column":54}},"11":{"start":{"line":43,"column":8},"end":{"line":43,"column":52}},"12":{"start":{"line":45,"column":8},"end":{"line":51,"column":9}},"13":{"start":{"line":46,"column":12},"end":{"line":46,"column":58}},"14":{"start":{"line":48,"column":12},"end":{"line":48,"column":35}},"15":{"start":{"line":49,"column":12},"end":{"line":49,"column":49}},"16":{"start":{"line":50,"column":12},"end":{"line":50,"column":43}}},"branchMap":{"1":{"line":25,"type":"binary-expr","locations":[{"start":{"line":25,"column":23},"end":{"line":25,"column":62}},{"start":{"line":26,"column":20},"end":{"line":26,"column":70}},{"start":{"line":27,"column":20},"end":{"line":27,"column":71}},{"start":{"line":28,"column":20},"end":{"line":28,"column":29}}]},"2":{"line":30,"type":"binary-expr","locations":[{"start":{"line":30,"column":23},"end":{"line":30,"column":37}},{"start":{"line":31,"column":20},"end":{"line":31,"column":61}},{"start":{"line":32,"column":20},"end":{"line":32,"column":70}},{"start":{"line":33,"column":20},"end":{"line":33,"column":26}}]},"3":{"line":37,"type":"cond-expr","locations":[{"start":{"line":38,"column":14},"end":{"line":38,"column":20}},{"start":{"line":39,"column":14},"end":{"line":39,"column":20}}]},"4":{"line":41,"type":"binary-expr","locations":[{"start":{"line":41,"column":16},"end":{"line":41,"column":44}},{"start":{"line":41,"column":48},"end":{"line":41,"column":53}}]},"5":{"line":45,"type":"if","locations":[{"start":{"line":45,"column":8},"end":{"line":45,"column":8}},{"start":{"line":45,"column":8},"end":{"line":45,"column":8}}]}},"code":["/* istanbul instrument in package npmtest_es5_ext */","/*jslint","    bitwise: true,","    browser: true,","    maxerr: 8,","    maxlen: 96,","    node: true,","    nomen: true,","    regexp: true,","    stupid: true","*/","(function () {","    'use strict';","    var local;","","","","    // run shared js-env code - pre-init","    (function () {","        // init local","        local = {};","        // init modeJs","        local.modeJs = (function () {","            try {","                return typeof navigator.userAgent === 'string' &&","                    typeof document.querySelector('body') === 'object' &&","                    typeof XMLHttpRequest.prototype.open === 'function' &&","                    'browser';","            } catch (errorCaughtBrowser) {","                return module.exports &&","                    typeof process.versions.node === 'string' &&","                    typeof require('http').createServer === 'function' &&","                    'node';","            }","        }());","        // init global","        local.global = local.modeJs === 'browser'","            ? window","            : global;","        // init utility2_rollup","        local = local.global.utility2_rollup || local;","        // init lib","        local.local = local.npmtest_es5_ext = local;","        // init exports","        if (local.modeJs === 'browser') {","            local.global.utility2_npmtest_es5_ext = local;","        } else {","            module.exports = local;","            module.exports.__dirname = __dirname;","            module.exports.module = module;","        }","    }());","}());",""],"l":{"12":2,"14":2,"19":2,"21":2,"23":2,"24":2,"25":2,"30":1,"37":2,"41":2,"43":2,"45":2,"46":1,"48":1,"49":1,"50":1}},"/home/travis/build/npmtest/node-npmtest-es5-ext/example.js":{"path":"/home/travis/build/npmtest/node-npmtest-es5-ext/example.js","s":{"1":2,"2":2,"3":2,"4":2,"5":2,"6":2,"7":2,"8":1,"9":2,"10":2,"11":2,"12":2,"13":1,"14":2,"15":2,"16":2,"17":2,"18":2,"19":0,"20":2,"21":1,"22":1,"23":1,"24":1,"25":1,"26":0,"27":0,"28":1,"29":1,"30":2,"31":0,"32":0,"33":0,"34":1,"35":2,"36":2,"37":3,"38":3,"39":3,"40":3,"41":0,"42":3,"43":3,"44":3,"45":1,"46":3,"47":1,"48":1,"49":1,"50":1,"51":1,"52":1,"53":1,"54":1,"55":1,"56":1,"57":0,"58":1,"59":6,"60":6,"61":1,"62":2,"63":0,"64":2,"65":1,"66":1,"67":0,"68":0,"69":0,"70":0,"71":0,"72":0,"73":0,"74":0,"75":0,"76":0,"77":0,"78":0,"79":0,"80":0,"81":0,"82":0,"83":0},"b":{"1":[2,1,1,1],"2":[1,1,1,1],"3":[1,1],"4":[2,2],"5":[1,1],"6":[1,1],"7":[2,0],"8":[2,1,1,1,1,1],"9":[0,2,0],"10":[1,1],"11":[2,1,1],"12":[1,0],"13":[0,2],"14":[2,0,0,0,0,0,0],"15":[0,3],"16":[3,0],"17":[1,1],"18":[0,1],"19":[1,2,0,2],"20":[1,0],"21":[1,1],"22":[0,0],"23":[0,0],"24":[0,0],"25":[0,0],"26":[0,0],"27":[0,0],"28":[0,0]},"f":{"1":2,"2":2,"3":2,"4":2,"5":2,"6":2,"7":3,"8":3,"9":3,"10":1,"11":6,"12":0},"fnMap":{"1":{"name":"(anonymous_1)","line":26,"loc":{"start":{"line":26,"column":1},"end":{"line":26,"column":13}}},"2":{"name":"(anonymous_2)","line":33,"loc":{"start":{"line":33,"column":5},"end":{"line":33,"column":17}}},"3":{"name":"(anonymous_3)","line":37,"loc":{"start":{"line":37,"column":24},"end":{"line":37,"column":36}}},"4":{"name":"(anonymous_4)","line":69,"loc":{"start":{"line":69,"column":31},"end":{"line":69,"column":48}},"skip":true},"5":{"name":"(anonymous_5)","line":78,"loc":{"start":{"line":78,"column":26},"end":{"line":78,"column":45}},"skip":true},"6":{"name":"(anonymous_6)","line":123,"loc":{"start":{"line":123,"column":33},"end":{"line":123,"column":48}},"skip":true},"7":{"name":"(anonymous_7)","line":125,"loc":{"start":{"line":125,"column":27},"end":{"line":125,"column":39}},"skip":true},"8":{"name":"(anonymous_8)","line":133,"loc":{"start":{"line":133,"column":59},"end":{"line":133,"column":74}},"skip":true},"9":{"name":"(anonymous_9)","line":143,"loc":{"start":{"line":143,"column":45},"end":{"line":143,"column":62}},"skip":true},"10":{"name":"(anonymous_10)","line":144,"loc":{"start":{"line":144,"column":73},"end":{"line":144,"column":92}},"skip":true},"11":{"name":"(anonymous_11)","line":272,"loc":{"start":{"line":272,"column":51},"end":{"line":272,"column":77}},"skip":true},"12":{"name":"(anonymous_12)","line":315,"loc":{"start":{"line":315,"column":32},"end":{"line":315,"column":61}},"skip":true}},"statementMap":{"1":{"start":{"line":26,"column":0},"end":{"line":326,"column":5}},"2":{"start":{"line":28,"column":4},"end":{"line":28,"column":14}},"3":{"start":{"line":33,"column":4},"end":{"line":60,"column":9}},"4":{"start":{"line":35,"column":8},"end":{"line":35,"column":19}},"5":{"start":{"line":37,"column":8},"end":{"line":49,"column":13}},"6":{"start":{"line":38,"column":12},"end":{"line":48,"column":13}},"7":{"start":{"line":39,"column":16},"end":{"line":42,"column":30}},"8":{"start":{"line":44,"column":16},"end":{"line":47,"column":27}},"9":{"start":{"line":51,"column":8},"end":{"line":53,"column":21}},"10":{"start":{"line":55,"column":8},"end":{"line":57,"column":45}},"11":{"start":{"line":59,"column":8},"end":{"line":59,"column":35}},"12":{"start":{"line":61,"column":4},"end":{"line":325,"column":5}},"13":{"start":{"line":69,"column":8},"end":{"line":121,"column":10},"skip":true},"14":{"start":{"line":70,"column":12},"end":{"line":88,"column":13},"skip":true},"15":{"start":{"line":76,"column":16},"end":{"line":87,"column":19},"skip":true},"16":{"start":{"line":79,"column":20},"end":{"line":86,"column":21},"skip":true},"17":{"start":{"line":82,"column":24},"end":{"line":82,"column":43},"skip":true},"18":{"start":{"line":83,"column":24},"end":{"line":83,"column":30},"skip":true},"19":{"start":{"line":85,"column":24},"end":{"line":85,"column":49},"skip":true},"20":{"start":{"line":89,"column":12},"end":{"line":107,"column":13},"skip":true},"21":{"start":{"line":92,"column":16},"end":{"line":102,"column":17},"skip":true},"22":{"start":{"line":93,"column":20},"end":{"line":93,"column":86},"skip":true},"23":{"start":{"line":94,"column":20},"end":{"line":95,"column":45},"skip":true},"24":{"start":{"line":96,"column":20},"end":{"line":96,"column":42},"skip":true},"25":{"start":{"line":97,"column":20},"end":{"line":97,"column":48},"skip":true},"26":{"start":{"line":100,"column":20},"end":{"line":100,"column":85},"skip":true},"27":{"start":{"line":101,"column":20},"end":{"line":101,"column":96},"skip":true},"28":{"start":{"line":103,"column":16},"end":{"line":103,"column":22},"skip":true},"29":{"start":{"line":106,"column":16},"end":{"line":106,"column":22},"skip":true},"30":{"start":{"line":108,"column":12},"end":{"line":120,"column":13},"skip":true},"31":{"start":{"line":114,"column":16},"end":{"line":119,"column":17},"skip":true},"32":{"start":{"line":116,"column":20},"end":{"line":116,"column":78},"skip":true},"33":{"start":{"line":118,"column":20},"end":{"line":118,"column":47},"skip":true},"34":{"start":{"line":123,"column":8},"end":{"line":141,"column":11},"skip":true},"35":{"start":{"line":124,"column":12},"end":{"line":124,"column":54},"skip":true},"36":{"start":{"line":125,"column":12},"end":{"line":140,"column":14},"skip":true},"37":{"start":{"line":126,"column":16},"end":{"line":126,"column":28},"skip":true},"38":{"start":{"line":127,"column":16},"end":{"line":127,"column":69},"skip":true},"39":{"start":{"line":128,"column":16},"end":{"line":128,"column":75},"skip":true},"40":{"start":{"line":129,"column":16},"end":{"line":131,"column":17},"skip":true},"41":{"start":{"line":130,"column":20},"end":{"line":130,"column":27},"skip":true},"42":{"start":{"line":133,"column":16},"end":{"line":137,"column":36},"skip":true},"43":{"start":{"line":134,"column":20},"end":{"line":136,"column":55},"skip":true},"44":{"start":{"line":139,"column":16},"end":{"line":139,"column":57},"skip":true},"45":{"start":{"line":143,"column":8},"end":{"line":147,"column":11},"skip":true},"46":{"start":{"line":144,"column":12},"end":{"line":146,"column":15},"skip":true},"47":{"start":{"line":145,"column":16},"end":{"line":145,"column":70},"skip":true},"48":{"start":{"line":149,"column":8},"end":{"line":149,"column":31},"skip":true},"49":{"start":{"line":150,"column":8},"end":{"line":150,"column":14},"skip":true},"50":{"start":{"line":158,"column":8},"end":{"line":158,"column":31},"skip":true},"51":{"start":{"line":160,"column":8},"end":{"line":160,"column":33},"skip":true},"52":{"start":{"line":161,"column":8},"end":{"line":161,"column":37},"skip":true},"53":{"start":{"line":162,"column":8},"end":{"line":162,"column":35},"skip":true},"54":{"start":{"line":164,"column":8},"end":{"line":164,"column":50},"skip":true},"55":{"start":{"line":166,"column":8},"end":{"line":256,"column":2},"skip":true},"56":{"start":{"line":258,"column":8},"end":{"line":286,"column":9},"skip":true},"57":{"start":{"line":259,"column":12},"end":{"line":269,"column":14},"skip":true},"58":{"start":{"line":271,"column":12},"end":{"line":285,"column":19},"skip":true},"59":{"start":{"line":274,"column":20},"end":{"line":274,"column":35},"skip":true},"60":{"start":{"line":275,"column":20},"end":{"line":284,"column":21},"skip":true},"61":{"start":{"line":277,"column":24},"end":{"line":277,"column":64},"skip":true},"62":{"start":{"line":279,"column":24},"end":{"line":279,"column":40},"skip":true},"63":{"start":{"line":281,"column":24},"end":{"line":281,"column":40},"skip":true},"64":{"start":{"line":283,"column":24},"end":{"line":283,"column":39},"skip":true},"65":{"start":{"line":288,"column":8},"end":{"line":290,"column":9},"skip":true},"66":{"start":{"line":289,"column":12},"end":{"line":289,"column":18},"skip":true},"67":{"start":{"line":291,"column":8},"end":{"line":293,"column":54},"skip":true},"68":{"start":{"line":296,"column":8},"end":{"line":301,"column":37},"skip":true},"69":{"start":{"line":303,"column":8},"end":{"line":303,"column":82},"skip":true},"70":{"start":{"line":306,"column":8},"end":{"line":308,"column":9},"skip":true},"71":{"start":{"line":307,"column":12},"end":{"line":307,"column":82},"skip":true},"72":{"start":{"line":310,"column":8},"end":{"line":312,"column":9},"skip":true},"73":{"start":{"line":311,"column":12},"end":{"line":311,"column":18},"skip":true},"74":{"start":{"line":313,"column":8},"end":{"line":313,"column":54},"skip":true},"75":{"start":{"line":314,"column":8},"end":{"line":314,"column":69},"skip":true},"76":{"start":{"line":315,"column":8},"end":{"line":323,"column":36},"skip":true},"77":{"start":{"line":316,"column":12},"end":{"line":316,"column":61},"skip":true},"78":{"start":{"line":317,"column":12},"end":{"line":320,"column":13},"skip":true},"79":{"start":{"line":318,"column":16},"end":{"line":318,"column":75},"skip":true},"80":{"start":{"line":319,"column":16},"end":{"line":319,"column":23},"skip":true},"81":{"start":{"line":321,"column":12},"end":{"line":321,"column":38},"skip":true},"82":{"start":{"line":322,"column":12},"end":{"line":322,"column":27},"skip":true},"83":{"start":{"line":324,"column":8},"end":{"line":324,"column":14},"skip":true}},"branchMap":{"1":{"line":39,"type":"binary-expr","locations":[{"start":{"line":39,"column":23},"end":{"line":39,"column":62}},{"start":{"line":40,"column":20},"end":{"line":40,"column":70}},{"start":{"line":41,"column":20},"end":{"line":41,"column":71}},{"start":{"line":42,"column":20},"end":{"line":42,"column":29}}]},"2":{"line":44,"type":"binary-expr","locations":[{"start":{"line":44,"column":23},"end":{"line":44,"column":37}},{"start":{"line":45,"column":20},"end":{"line":45,"column":61}},{"start":{"line":46,"column":20},"end":{"line":46,"column":70}},{"start":{"line":47,"column":20},"end":{"line":47,"column":26}}]},"3":{"line":51,"type":"cond-expr","locations":[{"start":{"line":52,"column":14},"end":{"line":52,"column":20}},{"start":{"line":53,"column":14},"end":{"line":53,"column":20}}]},"4":{"line":55,"type":"binary-expr","locations":[{"start":{"line":55,"column":16},"end":{"line":55,"column":44}},{"start":{"line":55,"column":49},"end":{"line":57,"column":43}}]},"5":{"line":55,"type":"cond-expr","locations":[{"start":{"line":56,"column":14},"end":{"line":56,"column":51}},{"start":{"line":57,"column":14},"end":{"line":57,"column":43}}]},"6":{"line":61,"type":"switch","locations":[{"start":{"line":68,"column":4},"end":{"line":150,"column":14},"skip":true},{"start":{"line":156,"column":4},"end":{"line":324,"column":14},"skip":true}]},"7":{"line":70,"type":"if","locations":[{"start":{"line":70,"column":12},"end":{"line":70,"column":12},"skip":true},{"start":{"line":70,"column":12},"end":{"line":70,"column":12},"skip":true}]},"8":{"line":70,"type":"binary-expr","locations":[{"start":{"line":70,"column":16},"end":{"line":70,"column":22},"skip":true},{"start":{"line":70,"column":27},"end":{"line":70,"column":32},"skip":true},{"start":{"line":71,"column":20},"end":{"line":71,"column":39},"skip":true},{"start":{"line":72,"column":20},"end":{"line":72,"column":49},"skip":true},{"start":{"line":73,"column":20},"end":{"line":73,"column":58},"skip":true},{"start":{"line":74,"column":20},"end":{"line":74,"column":69},"skip":true}]},"9":{"line":79,"type":"switch","locations":[{"start":{"line":80,"column":20},"end":{"line":80,"column":33},"skip":true},{"start":{"line":81,"column":20},"end":{"line":83,"column":30},"skip":true},{"start":{"line":84,"column":20},"end":{"line":85,"column":49},"skip":true}]},"10":{"line":89,"type":"switch","locations":[{"start":{"line":90,"column":12},"end":{"line":103,"column":22},"skip":true},{"start":{"line":105,"column":12},"end":{"line":106,"column":22},"skip":true}]},"11":{"line":89,"type":"binary-expr","locations":[{"start":{"line":89,"column":20},"end":{"line":89,"column":25},"skip":true},{"start":{"line":89,"column":29},"end":{"line":89,"column":48},"skip":true},{"start":{"line":89,"column":52},"end":{"line":89,"column":74},"skip":true}]},"12":{"line":92,"type":"if","locations":[{"start":{"line":92,"column":16},"end":{"line":92,"column":16},"skip":true},{"start":{"line":92,"column":16},"end":{"line":92,"column":16},"skip":true}]},"13":{"line":108,"type":"if","locations":[{"start":{"line":108,"column":12},"end":{"line":108,"column":12},"skip":true},{"start":{"line":108,"column":12},"end":{"line":108,"column":12},"skip":true}]},"14":{"line":108,"type":"binary-expr","locations":[{"start":{"line":108,"column":16},"end":{"line":108,"column":61},"skip":true},{"start":{"line":108,"column":66},"end":{"line":108,"column":72},"skip":true},{"start":{"line":108,"column":77},"end":{"line":108,"column":82},"skip":true},{"start":{"line":109,"column":20},"end":{"line":109,"column":39},"skip":true},{"start":{"line":110,"column":20},"end":{"line":110,"column":49},"skip":true},{"start":{"line":111,"column":20},"end":{"line":111,"column":58},"skip":true},{"start":{"line":112,"column":20},"end":{"line":112,"column":68},"skip":true}]},"15":{"line":129,"type":"if","locations":[{"start":{"line":129,"column":16},"end":{"line":129,"column":16},"skip":true},{"start":{"line":129,"column":16},"end":{"line":129,"column":16},"skip":true}]},"16":{"line":134,"type":"cond-expr","locations":[{"start":{"line":135,"column":26},"end":{"line":135,"column":29},"skip":true},{"start":{"line":136,"column":26},"end":{"line":136,"column":54},"skip":true}]},"17":{"line":164,"type":"binary-expr","locations":[{"start":{"line":164,"column":27},"end":{"line":164,"column":43},"skip":true},{"start":{"line":164,"column":47},"end":{"line":164,"column":49},"skip":true}]},"18":{"line":258,"type":"if","locations":[{"start":{"line":258,"column":8},"end":{"line":258,"column":8},"skip":true},{"start":{"line":258,"column":8},"end":{"line":258,"column":8},"skip":true}]},"19":{"line":275,"type":"switch","locations":[{"start":{"line":276,"column":20},"end":{"line":277,"column":64},"skip":true},{"start":{"line":278,"column":20},"end":{"line":279,"column":40},"skip":true},{"start":{"line":280,"column":20},"end":{"line":281,"column":40},"skip":true},{"start":{"line":282,"column":20},"end":{"line":283,"column":39},"skip":true}]},"20":{"line":288,"type":"if","locations":[{"start":{"line":288,"column":8},"end":{"line":288,"column":8},"skip":true},{"start":{"line":288,"column":8},"end":{"line":288,"column":8},"skip":true}]},"21":{"line":288,"type":"binary-expr","locations":[{"start":{"line":288,"column":12},"end":{"line":288,"column":40},"skip":true},{"start":{"line":288,"column":44},"end":{"line":288,"column":67},"skip":true}]},"22":{"line":292,"type":"binary-expr","locations":[{"start":{"line":292,"column":12},"end":{"line":292,"column":50},"skip":true},{"start":{"line":293,"column":12},"end":{"line":293,"column":53},"skip":true}]},"23":{"line":297,"type":"binary-expr","locations":[{"start":{"line":297,"column":12},"end":{"line":297,"column":65},"skip":true},{"start":{"line":298,"column":12},"end":{"line":301,"column":36},"skip":true}]},"24":{"line":303,"type":"binary-expr","locations":[{"start":{"line":303,"column":43},"end":{"line":303,"column":75},"skip":true},{"start":{"line":303,"column":79},"end":{"line":303,"column":81},"skip":true}]},"25":{"line":306,"type":"if","locations":[{"start":{"line":306,"column":8},"end":{"line":306,"column":8},"skip":true},{"start":{"line":306,"column":8},"end":{"line":306,"column":8},"skip":true}]},"26":{"line":310,"type":"if","locations":[{"start":{"line":310,"column":8},"end":{"line":310,"column":8},"skip":true},{"start":{"line":310,"column":8},"end":{"line":310,"column":8},"skip":true}]},"27":{"line":313,"type":"binary-expr","locations":[{"start":{"line":313,"column":27},"end":{"line":313,"column":43},"skip":true},{"start":{"line":313,"column":47},"end":{"line":313,"column":53},"skip":true}]},"28":{"line":317,"type":"if","locations":[{"start":{"line":317,"column":12},"end":{"line":317,"column":12},"skip":true},{"start":{"line":317,"column":12},"end":{"line":317,"column":12},"skip":true}]}},"code":["/*","example.js","","quickstart example","","instruction","    1. save this script as example.js","    2. run the shell command:","        $ npm install npmtest-es5-ext && PORT=8081 node example.js","    3. play with the browser-demo on http://127.0.0.1:8081","*/","","","","/* istanbul instrument in package npmtest_es5_ext */","/*jslint","    bitwise: true,","    browser: true,","    maxerr: 8,","    maxlen: 96,","    node: true,","    nomen: true,","    regexp: true,","    stupid: true","*/","(function () {","    'use strict';","    var local;","","","","    // run shared js-env code - pre-init","    (function () {","        // init local","        local = {};","        // init modeJs","        local.modeJs = (function () {","            try {","                return typeof navigator.userAgent === 'string' &&","                    typeof document.querySelector('body') === 'object' &&","                    typeof XMLHttpRequest.prototype.open === 'function' &&","                    'browser';","            } catch (errorCaughtBrowser) {","                return module.exports &&","                    typeof process.versions.node === 'string' &&","                    typeof require('http').createServer === 'function' &&","                    'node';","            }","        }());","        // init global","        local.global = local.modeJs === 'browser'","            ? window","            : global;","        // init utility2_rollup","        local = local.global.utility2_rollup || (local.modeJs === 'browser'","            ? local.global.utility2_npmtest_es5_ext","            : global.utility2_moduleExports);","        // export local","        local.global.local = local;","    }());","    switch (local.modeJs) {","","","","    // post-init","    // run browser js-env code - post-init","    /* istanbul ignore next */","    case 'browser':","        local.testRunBrowser = function (event) {","            if (!event || (event &&","                    event.currentTarget &&","                    event.currentTarget.className &&","                    event.currentTarget.className.includes &&","                    event.currentTarget.className.includes('onreset'))) {","                // reset output","                Array.from(","                    document.querySelectorAll('body > .resettable')","                ).forEach(function (element) {","                    switch (element.tagName) {","                    case 'INPUT':","                    case 'TEXTAREA':","                        element.value = '';","                        break;","                    default:","                        element.textContent = '';","                    }","                });","            }","            switch (event && event.currentTarget && event.currentTarget.id) {","            case 'testRunButton1':","                // show tests","                if (document.querySelector('#testReportDiv1').style.display === 'none') {","                    document.querySelector('#testReportDiv1').style.display = 'block';","                    document.querySelector('#testRunButton1').textContent =","                        'hide internal test';","                    local.modeTest = true;","                    local.testRunDefault(local);","                // hide tests","                } else {","                    document.querySelector('#testReportDiv1').style.display = 'none';","                    document.querySelector('#testRunButton1').textContent = 'run internal test';","                }","                break;","            // custom-case","            default:","                break;","            }","            if (document.querySelector('#inputTextareaEval1') && (!event || (event &&","                    event.currentTarget &&","                    event.currentTarget.className &&","                    event.currentTarget.className.includes &&","                    event.currentTarget.className.includes('oneval')))) {","                // try to eval input-code","                try {","                    /*jslint evil: true*/","                    eval(document.querySelector('#inputTextareaEval1').value);","                } catch (errorCaught) {","                    console.error(errorCaught);","                }","            }","        };","        // log stderr and stdout to #outputTextareaStdout1","        ['error', 'log'].forEach(function (key) {","            console[key + '_original'] = console[key];","            console[key] = function () {","                var element;","                console[key + '_original'].apply(console, arguments);","                element = document.querySelector('#outputTextareaStdout1');","                if (!element) {","                    return;","                }","                // append text to #outputTextareaStdout1","                element.value += Array.from(arguments).map(function (arg) {","                    return typeof arg === 'string'","                        ? arg","                        : JSON.stringify(arg, null, 4);","                }).join(' ') + '\\n';","                // scroll textarea to bottom","                element.scrollTop = element.scrollHeight;","            };","        });","        // init event-handling","        ['change', 'click', 'keyup'].forEach(function (event) {","            Array.from(document.querySelectorAll('.on' + event)).forEach(function (element) {","                element.addEventListener(event, local.testRunBrowser);","            });","        });","        // run tests","        local.testRunBrowser();","        break;","","","","    // run node js-env code - post-init","    /* istanbul ignore next */","    case 'node':","        // export local","        module.exports = local;","        // require modules","        local.fs = require('fs');","        local.http = require('http');","        local.url = require('url');","        // init assets","        local.assetsDict = local.assetsDict || {};","        /* jslint-ignore-begin */","        local.assetsDict['/assets.index.template.html'] = '\\","<!doctype html>\\n\\","<html lang=\"en\">\\n\\","<head>\\n\\","<meta charset=\"UTF-8\">\\n\\","<meta name=\"viewport\" content=\"width=device-width, initial-scale=1\">\\n\\","<title>{{env.npm_package_name}} (v{{env.npm_package_version}})</title>\\n\\","<style>\\n\\","/*csslint\\n\\","    box-sizing: false,\\n\\","    universal-selector: false\\n\\","*/\\n\\","* {\\n\\","    box-sizing: border-box;\\n\\","}\\n\\","body {\\n\\","    background: #dde;\\n\\","    font-family: Arial, Helvetica, sans-serif;\\n\\","    margin: 2rem;\\n\\","}\\n\\","body > * {\\n\\","    margin-bottom: 1rem;\\n\\","}\\n\\",".utility2FooterDiv {\\n\\","    margin-top: 20px;\\n\\","    text-align: center;\\n\\","}\\n\\","</style>\\n\\","<style>\\n\\","/*csslint\\n\\","*/\\n\\","textarea {\\n\\","    font-family: monospace;\\n\\","    height: 10rem;\\n\\","    width: 100%;\\n\\","}\\n\\","textarea[readonly] {\\n\\","    background: #ddd;\\n\\","}\\n\\","</style>\\n\\","</head>\\n\\","<body>\\n\\","<!-- utility2-comment\\n\\","<div id=\"ajaxProgressDiv1\" style=\"background: #d00; height: 2px; left: 0; margin: 0; padding: 0; position: fixed; top: 0; transition: background 0.5s, width 1.5s; width: 25%;\"></div>\\n\\","utility2-comment -->\\n\\","<h1>\\n\\","<!-- utility2-comment\\n\\","    <a\\n\\","        {{#if env.npm_package_homepage}}\\n\\","        href=\"{{env.npm_package_homepage}}\"\\n\\","        {{/if env.npm_package_homepage}}\\n\\","        target=\"_blank\"\\n\\","    >\\n\\","utility2-comment -->\\n\\","        {{env.npm_package_name}} (v{{env.npm_package_version}})\\n\\","<!-- utility2-comment\\n\\","    </a>\\n\\","utility2-comment -->\\n\\","</h1>\\n\\","<h3>{{env.npm_package_description}}</h3>\\n\\","<!-- utility2-comment\\n\\","<h4><a download href=\"assets.app.js\">download standalone app</a></h4>\\n\\","<button class=\"onclick onreset\" id=\"testRunButton1\">run internal test</button><br>\\n\\","<div id=\"testReportDiv1\" style=\"display: none;\"></div>\\n\\","utility2-comment -->\\n\\","\\n\\","\\n\\","\\n\\","<label>stderr and stdout</label>\\n\\","<textarea class=\"resettable\" id=\"outputTextareaStdout1\" readonly></textarea>\\n\\","<!-- utility2-comment\\n\\","{{#if isRollup}}\\n\\","<script src=\"assets.app.js\"></script>\\n\\","{{#unless isRollup}}\\n\\","utility2-comment -->\\n\\","<script src=\"assets.utility2.rollup.js\"></script>\\n\\","<script src=\"jsonp.utility2._stateInit?callback=window.utility2._stateInit\"></script>\\n\\","<script src=\"assets.npmtest_es5_ext.rollup.js\"></script>\\n\\","<script src=\"assets.example.js\"></script>\\n\\","<script src=\"assets.test.js\"></script>\\n\\","<!-- utility2-comment\\n\\","{{/if isRollup}}\\n\\","utility2-comment -->\\n\\","<div class=\"utility2FooterDiv\">\\n\\","    [ this app was created with\\n\\","    <a href=\"https://github.com/kaizhu256/node-utility2\" target=\"_blank\">utility2</a>\\n\\","    ]\\n\\","</div>\\n\\","</body>\\n\\","</html>\\n\\","';","        /* jslint-ignore-end */","        if (local.templateRender) {","            local.assetsDict['/'] = local.templateRender(","                local.assetsDict['/assets.index.template.html'],","                {","                    env: local.objectSetDefault(local.env, {","                        npm_package_description: 'the greatest app in the world!',","                        npm_package_name: 'my-app',","                        npm_package_nameAlias: 'my_app',","                        npm_package_version: '0.0.1'","                    })","                }","            );","        } else {","            local.assetsDict['/'] = local.assetsDict['/assets.index.template.html']","                .replace((/\\{\\{env\\.(\\w+?)\\}\\}/g), function (match0, match1) {","                    // jslint-hack","                    String(match0);","                    switch (match1) {","                    case 'npm_package_description':","                        return 'the greatest app in the world!';","                    case 'npm_package_name':","                        return 'my-app';","                    case 'npm_package_nameAlias':","                        return 'my_app';","                    case 'npm_package_version':","                        return '0.0.1';","                    }","                });","        }","        // run the cli","        if (local.global.utility2_rollup || module !== require.main) {","            break;","        }","        local.assetsDict['/assets.example.js'] =","            local.assetsDict['/assets.example.js'] ||","            local.fs.readFileSync(__filename, 'utf8');","        // bug-workaround - long $npm_package_buildCustomOrg","        /* jslint-ignore-begin */","        local.assetsDict['/assets.npmtest_es5_ext.rollup.js'] =","            local.assetsDict['/assets.npmtest_es5_ext.rollup.js'] ||","            local.fs.readFileSync(","                local.npmtest_es5_ext.__dirname + '/lib.npmtest_es5_ext.js',","                'utf8'","            ).replace((/^#!/), '//');","        /* jslint-ignore-end */","        local.assetsDict['/favicon.ico'] = local.assetsDict['/favicon.ico'] || '';","        // if $npm_config_timeout_exit exists,","        // then exit this process after $npm_config_timeout_exit ms","        if (Number(process.env.npm_config_timeout_exit)) {","            setTimeout(process.exit, Number(process.env.npm_config_timeout_exit));","        }","        // start server","        if (local.global.utility2_serverHttp1) {","            break;","        }","        process.env.PORT = process.env.PORT || '8081';","        console.error('server starting on port ' + process.env.PORT);","        local.http.createServer(function (request, response) {","            request.urlParsed = local.url.parse(request.url);","            if (local.assetsDict[request.urlParsed.pathname] !== undefined) {","                response.end(local.assetsDict[request.urlParsed.pathname]);","                return;","            }","            response.statusCode = 404;","            response.end();","        }).listen(process.env.PORT);","        break;","    }","}());",""],"l":{"26":2,"28":2,"33":2,"35":2,"37":2,"38":2,"39":2,"44":1,"51":2,"55":2,"59":2,"61":2,"69":1,"70":2,"76":2,"79":2,"82":2,"83":2,"85":1,"89":2,"92":1,"93":1,"94":1,"96":1,"97":1,"100":1,"101":1,"103":1,"106":1,"108":2,"114":1,"116":1,"118":1,"123":1,"124":2,"125":2,"126":3,"127":3,"128":3,"129":3,"130":1,"133":3,"134":3,"139":3,"143":1,"144":3,"145":1,"149":1,"150":1,"158":1,"160":1,"161":1,"162":1,"164":1,"166":1,"258":1,"259":1,"271":1,"274":6,"275":6,"277":1,"279":2,"281":1,"283":2,"288":1,"289":1,"291":1,"296":1,"303":1,"306":1,"307":1,"310":1,"311":1,"313":1,"314":1,"315":1,"316":1,"317":1,"318":1,"319":1,"321":1,"322":1,"324":1}},"/home/travis/build/npmtest/node-npmtest-es5-ext/node_modules/es5-ext/index.js":{"path":"/home/travis/build/npmtest/node-npmtest-es5-ext/node_modules/es5-ext/index.js","s":{"1":1},"b":{},"f":{},"fnMap":{},"statementMap":{"1":{"start":{"line":3,"column":0},"end":{"line":18,"column":2}}},"branchMap":{},"code":["'use strict';","","module.exports = {","\tglobal:   require('./global'),","","\tarray:    require('./array'),","\tboolean:  require('./boolean'),","\tdate:     require('./date'),","\terror:    require('./error'),","\tfunction: require('./function'),","\titerable: require('./iterable'),","\tjson:     require('./json'),","\tmath:     require('./math'),","\tnumber:   require('./number'),","\tobject:   require('./object'),","\tregExp:   require('./reg-exp'),","\tstring:   require('./string')","};",""],"l":{"3":1}},"/home/travis/build/npmtest/node-npmtest-es5-ext/node_modules/es5-ext/global.js":{"path":"/home/travis/build/npmtest/node-npmtest-es5-ext/node_modules/es5-ext/global.js","s":{"1":1},"b":{},"f":{},"fnMap":{},"statementMap":{"1":{"start":{"line":3,"column":0},"end":{"line":3,"column":47}}},"branchMap":{},"code":["'use strict';","","module.exports = new Function(\"return this\")();",""],"l":{"3":1}},"/home/travis/build/npmtest/node-npmtest-es5-ext/node_modules/es5-ext/array/index.js":{"path":"/home/travis/build/npmtest/node-npmtest-es5-ext/node_modules/es5-ext/array/index.js","s":{"1":1},"b":{},"f":{},"fnMap":{},"statementMap":{"1":{"start":{"line":3,"column":0},"end":{"line":11,"column":2}}},"branchMap":{},"code":["'use strict';","","module.exports = {","\t'#':          require('./#'),","\tfrom:         require('./from'),","\tgenerate:     require('./generate'),","\tisPlainArray: require('./is-plain-array'),","\tof:           require('./of'),","\ttoArray:      require('./to-array'),","\tvalidArray:   require('./valid-array')","};",""],"l":{"3":1}},"/home/travis/build/npmtest/node-npmtest-es5-ext/node_modules/es5-ext/array/#/index.js":{"path":"/home/travis/build/npmtest/node-npmtest-es5-ext/node_modules/es5-ext/array/#/index.js","s":{"1":1},"b":{},"f":{},"fnMap":{},"statementMap":{"1":{"start":{"line":3,"column":0},"end":{"line":40,"column":2}}},"branchMap":{},"code":["'use strict';","","module.exports = {","\t'@@iterator':   require('./@@iterator'),","\tbinarySearch:   require('./binary-search'),","\tclear:          require('./clear'),","\tcompact:        require('./compact'),","\tconcat:         require('./concat'),","\tcontains:       require('./contains'),","\tcopyWithin:     require('./copy-within'),","\tdiff:           require('./diff'),","\teIndexOf:       require('./e-index-of'),","\teLastIndexOf:   require('./e-last-index-of'),","\tentries:        require('./entries'),","\texclusion:      require('./exclusion'),","\tfill:           require('./fill'),","\tfilter:         require('./filter'),","\tfind:           require('./find'),","\tfindIndex:      require('./find-index'),","\tfirst:          require('./first'),","\tfirstIndex:     require('./first-index'),","\tflatten:        require('./flatten'),","\tforEachRight:   require('./for-each-right'),","\tkeys:           require('./keys'),","\tgroup:          require('./group'),","\tindexesOf:      require('./indexes-of'),","\tintersection:   require('./intersection'),","\tisCopy:         require('./is-copy'),","\tisUniq:         require('./is-uniq'),","\tlast:           require('./last'),","\tlastIndex:      require('./last-index'),","\tmap:            require('./map'),","\tremove:         require('./remove'),","\tseparate:       require('./separate'),","\tslice:          require('./slice'),","\tsomeRight:      require('./some-right'),","\tsplice:         require('./splice'),","\tuniq:           require('./uniq'),","\tvalues:         require('./values')","};",""],"l":{"3":1}},"/home/travis/build/npmtest/node-npmtest-es5-ext/node_modules/es5-ext/array/#/@@iterator/index.js":{"path":"/home/travis/build/npmtest/node-npmtest-es5-ext/node_modules/es5-ext/array/#/@@iterator/index.js","s":{"1":1},"b":{"1":[1,0]},"f":{},"fnMap":{},"statementMap":{"1":{"start":{"line":3,"column":0},"end":{"line":4,"column":71}}},"branchMap":{"1":{"line":3,"type":"cond-expr","locations":[{"start":{"line":4,"column":3},"end":{"line":4,"column":50}},{"start":{"line":4,"column":53},"end":{"line":4,"column":70}}]}},"code":["'use strict';","","module.exports = require('./is-implemented')()","\t? Array.prototype[require('es6-symbol').iterator] : require('./shim');",""],"l":{"3":1}},"/home/travis/build/npmtest/node-npmtest-es5-ext/node_modules/es5-ext/array/#/@@iterator/is-implemented.js":{"path":"/home/travis/build/npmtest/node-npmtest-es5-ext/node_modules/es5-ext/array/#/@@iterator/is-implemented.js","s":{"1":1,"2":1,"3":1,"4":1,"5":0,"6":1,"7":1,"8":0,"9":1,"10":0,"11":1,"12":1,"13":0,"14":1,"15":0,"16":1,"17":0,"18":1},"b":{"1":[0,1],"2":[0,1],"3":[0,1],"4":[0,1],"5":[0,1],"6":[0,1]},"f":{"1":1},"fnMap":{"1":{"name":"(anonymous_1)","line":5,"loc":{"start":{"line":5,"column":17},"end":{"line":5,"column":29}}}},"statementMap":{"1":{"start":{"line":3,"column":0},"end":{"line":3,"column":52}},"2":{"start":{"line":5,"column":0},"end":{"line":16,"column":2}},"3":{"start":{"line":6,"column":1},"end":{"line":6,"column":40}},"4":{"start":{"line":7,"column":1},"end":{"line":7,"column":61}},"5":{"start":{"line":7,"column":48},"end":{"line":7,"column":61}},"6":{"start":{"line":8,"column":1},"end":{"line":8,"column":34}},"7":{"start":{"line":9,"column":1},"end":{"line":9,"column":29}},"8":{"start":{"line":9,"column":16},"end":{"line":9,"column":29}},"9":{"start":{"line":10,"column":1},"end":{"line":10,"column":55}},"10":{"start":{"line":10,"column":42},"end":{"line":10,"column":55}},"11":{"start":{"line":11,"column":1},"end":{"line":11,"column":26}},"12":{"start":{"line":12,"column":1},"end":{"line":12,"column":27}},"13":{"start":{"line":12,"column":14},"end":{"line":12,"column":27}},"14":{"start":{"line":13,"column":1},"end":{"line":13,"column":42}},"15":{"start":{"line":13,"column":29},"end":{"line":13,"column":42}},"16":{"start":{"line":14,"column":1},"end":{"line":14,"column":41}},"17":{"start":{"line":14,"column":28},"end":{"line":14,"column":41}},"18":{"start":{"line":15,"column":1},"end":{"line":15,"column":13}}},"branchMap":{"1":{"line":7,"type":"if","locations":[{"start":{"line":7,"column":1},"end":{"line":7,"column":1}},{"start":{"line":7,"column":1},"end":{"line":7,"column":1}}]},"2":{"line":9,"type":"if","locations":[{"start":{"line":9,"column":1},"end":{"line":9,"column":1}},{"start":{"line":9,"column":1},"end":{"line":9,"column":1}}]},"3":{"line":10,"type":"if","locations":[{"start":{"line":10,"column":1},"end":{"line":10,"column":1}},{"start":{"line":10,"column":1},"end":{"line":10,"column":1}}]},"4":{"line":12,"type":"if","locations":[{"start":{"line":12,"column":1},"end":{"line":12,"column":1}},{"start":{"line":12,"column":1},"end":{"line":12,"column":1}}]},"5":{"line":13,"type":"if","locations":[{"start":{"line":13,"column":1},"end":{"line":13,"column":1}},{"start":{"line":13,"column":1},"end":{"line":13,"column":1}}]},"6":{"line":14,"type":"if","locations":[{"start":{"line":14,"column":1},"end":{"line":14,"column":1}},{"start":{"line":14,"column":1},"end":{"line":14,"column":1}}]}},"code":["'use strict';","","var iteratorSymbol = require('es6-symbol').iterator;","","module.exports = function () {","\tvar arr = ['foo', 1], iterator, result;","\tif (typeof arr[iteratorSymbol] !== 'function') return false;","\titerator = arr[iteratorSymbol]();","\tif (!iterator) return false;","\tif (typeof iterator.next !== 'function') return false;","\tresult = iterator.next();","\tif (!result) return false;","\tif (result.value !== 'foo') return false;","\tif (result.done !== false) return false;","\treturn true;","};",""],"l":{"3":1,"5":1,"6":1,"7":1,"8":1,"9":1,"10":1,"11":1,"12":1,"13":1,"14":1,"15":1}},"/home/travis/build/npmtest/node-npmtest-es5-ext/node_modules/es5-ext/array/#/binary-search.js":{"path":"/home/travis/build/npmtest/node-npmtest-es5-ext/node_modules/es5-ext/array/#/binary-search.js","s":{"1":1,"2":1,"3":0,"4":0,"5":0,"6":0,"7":0,"8":0,"9":0,"10":0,"11":0,"12":0,"13":0,"14":0,"15":0,"16":0,"17":0,"18":0},"b":{"1":[0,0],"2":[0,0],"3":[0,0]},"f":{"1":0},"fnMap":{"1":{"name":"(anonymous_1)","line":9,"loc":{"start":{"line":9,"column":17},"end":{"line":9,"column":38}}}},"statementMap":{"1":{"start":{"line":3,"column":0},"end":{"line":7,"column":26}},"2":{"start":{"line":9,"column":0},"end":{"line":28,"column":2}},"3":{"start":{"line":10,"column":1},"end":{"line":10,"column":31}},"4":{"start":{"line":12,"column":1},"end":{"line":12,"column":13}},"5":{"start":{"line":13,"column":1},"end":{"line":13,"column":21}},"6":{"start":{"line":15,"column":1},"end":{"line":15,"column":32}},"7":{"start":{"line":16,"column":1},"end":{"line":16,"column":9}},"8":{"start":{"line":17,"column":1},"end":{"line":17,"column":19}},"9":{"start":{"line":19,"column":1},"end":{"line":23,"column":2}},"10":{"start":{"line":20,"column":2},"end":{"line":20,"column":35}},"11":{"start":{"line":21,"column":2},"end":{"line":22,"column":24}},"12":{"start":{"line":21,"column":35},"end":{"line":21,"column":53}},"13":{"start":{"line":22,"column":7},"end":{"line":22,"column":24}},"14":{"start":{"line":25,"column":1},"end":{"line":25,"column":24}},"15":{"start":{"line":25,"column":15},"end":{"line":25,"column":24}},"16":{"start":{"line":26,"column":1},"end":{"line":26,"column":39}},"17":{"start":{"line":26,"column":21},"end":{"line":26,"column":39}},"18":{"start":{"line":27,"column":1},"end":{"line":27,"column":13}}},"branchMap":{"1":{"line":21,"type":"if","locations":[{"start":{"line":21,"column":2},"end":{"line":21,"column":2}},{"start":{"line":21,"column":2},"end":{"line":21,"column":2}}]},"2":{"line":25,"type":"if","locations":[{"start":{"line":25,"column":1},"end":{"line":25,"column":1}},{"start":{"line":25,"column":1},"end":{"line":25,"column":1}}]},"3":{"line":26,"type":"if","locations":[{"start":{"line":26,"column":1},"end":{"line":26,"column":1}},{"start":{"line":26,"column":1},"end":{"line":26,"column":1}}]}},"code":["'use strict';","","var toPosInt = require('../../number/to-pos-integer')","  , callable = require('../../object/valid-callable')","  , value    = require('../../object/valid-value')","","  , floor    = Math.floor;","","module.exports = function (compareFn) {","\tvar length, low, high, middle;","","\tvalue(this);","\tcallable(compareFn);","","\tlength = toPosInt(this.length);","\tlow = 0;","\thigh = length - 1;","","\twhile (low <= high) {","\t\tmiddle = floor((low + high) / 2);","\t\tif (compareFn(this[middle]) < 0) high = middle - 1;","\t\telse low = middle + 1;","\t}","","\tif (high < 0) return 0;","\tif (high >= length) return length - 1;","\treturn high;","};",""],"l":{"3":1,"9":1,"10":0,"12":0,"13":0,"15":0,"16":0,"17":0,"19":0,"20":0,"21":0,"22":0,"25":0,"26":0,"27":0}},"/home/travis/build/npmtest/node-npmtest-es5-ext/node_modules/es5-ext/number/to-pos-integer.js":{"path":"/home/travis/build/npmtest/node-npmtest-es5-ext/node_modules/es5-ext/number/to-pos-integer.js","s":{"1":1,"2":1,"3":0},"b":{},"f":{"1":0},"fnMap":{"1":{"name":"(anonymous_1)","line":7,"loc":{"start":{"line":7,"column":17},"end":{"line":7,"column":34}}}},"statementMap":{"1":{"start":{"line":3,"column":0},"end":{"line":5,"column":19}},"2":{"start":{"line":7,"column":0},"end":{"line":7,"column":71}},"3":{"start":{"line":7,"column":36},"end":{"line":7,"column":68}}},"branchMap":{},"code":["'use strict';","","var toInteger = require('./to-integer')","","  , max = Math.max;","","module.exports = function (value) { return max(0, toInteger(value)); };",""],"l":{"3":1,"7":1}},"/home/travis/build/npmtest/node-npmtest-es5-ext/node_modules/es5-ext/number/to-integer.js":{"path":"/home/travis/build/npmtest/node-npmtest-es5-ext/node_modules/es5-ext/number/to-integer.js","s":{"1":1,"2":1,"3":0,"4":0,"5":0,"6":0,"7":0,"8":0},"b":{"1":[0,0],"2":[0,0],"3":[0,0]},"f":{"1":0},"fnMap":{"1":{"name":"(anonymous_1)","line":7,"loc":{"start":{"line":7,"column":17},"end":{"line":7,"column":34}}}},"statementMap":{"1":{"start":{"line":3,"column":0},"end":{"line":5,"column":39}},"2":{"start":{"line":7,"column":0},"end":{"line":12,"column":2}},"3":{"start":{"line":8,"column":1},"end":{"line":8,"column":28}},"4":{"start":{"line":8,"column":19},"end":{"line":8,"column":28}},"5":{"start":{"line":9,"column":1},"end":{"line":9,"column":23}},"6":{"start":{"line":10,"column":1},"end":{"line":10,"column":53}},"7":{"start":{"line":10,"column":40},"end":{"line":10,"column":53}},"8":{"start":{"line":11,"column":1},"end":{"line":11,"column":40}}},"branchMap":{"1":{"line":8,"type":"if","locations":[{"start":{"line":8,"column":1},"end":{"line":8,"column":1}},{"start":{"line":8,"column":1},"end":{"line":8,"column":1}}]},"2":{"line":10,"type":"if","locations":[{"start":{"line":10,"column":1},"end":{"line":10,"column":1}},{"start":{"line":10,"column":1},"end":{"line":10,"column":1}}]},"3":{"line":10,"type":"binary-expr","locations":[{"start":{"line":10,"column":6},"end":{"line":10,"column":17}},{"start":{"line":10,"column":22},"end":{"line":10,"column":38}}]}},"code":["'use strict';","","var sign = require('../math/sign')","","  , abs = Math.abs, floor = Math.floor;","","module.exports = function (value) {","\tif (isNaN(value)) return 0;","\tvalue = Number(value);","\tif ((value === 0) || !isFinite(value)) return value;","\treturn sign(value) * floor(abs(value));","};",""],"l":{"3":1,"7":1,"8":0,"9":0,"10":0,"11":0}},"/home/travis/build/npmtest/node-npmtest-es5-ext/node_modules/es5-ext/math/sign/index.js":{"path":"/home/travis/build/npmtest/node-npmtest-es5-ext/node_modules/es5-ext/math/sign/index.js","s":{"1":1},"b":{"1":[1,0]},"f":{},"fnMap":{},"statementMap":{"1":{"start":{"line":3,"column":0},"end":{"line":5,"column":21}}},"branchMap":{"1":{"line":3,"type":"cond-expr","locations":[{"start":{"line":4,"column":3},"end":{"line":4,"column":12}},{"start":{"line":5,"column":3},"end":{"line":5,"column":20}}]}},"code":["'use strict';","","module.exports = require('./is-implemented')()","\t? Math.sign","\t: require('./shim');",""],"l":{"3":1}},"/home/travis/build/npmtest/node-npmtest-es5-ext/node_modules/es5-ext/math/sign/is-implemented.js":{"path":"/home/travis/build/npmtest/node-npmtest-es5-ext/node_modules/es5-ext/math/sign/is-implemented.js","s":{"1":1,"2":1,"3":1,"4":0,"5":1},"b":{"1":[0,1],"2":[1,1]},"f":{"1":1},"fnMap":{"1":{"name":"(anonymous_1)","line":3,"loc":{"start":{"line":3,"column":17},"end":{"line":3,"column":29}}}},"statementMap":{"1":{"start":{"line":3,"column":0},"end":{"line":7,"column":2}},"2":{"start":{"line":4,"column":1},"end":{"line":4,"column":22}},"3":{"start":{"line":5,"column":1},"end":{"line":5,"column":46}},"4":{"start":{"line":5,"column":33},"end":{"line":5,"column":46}},"5":{"start":{"line":6,"column":1},"end":{"line":6,"column":49}}},"branchMap":{"1":{"line":5,"type":"if","locations":[{"start":{"line":5,"column":1},"end":{"line":5,"column":1}},{"start":{"line":5,"column":1},"end":{"line":5,"column":1}}]},"2":{"line":6,"type":"binary-expr","locations":[{"start":{"line":6,"column":10},"end":{"line":6,"column":24}},{"start":{"line":6,"column":30},"end":{"line":6,"column":46}}]}},"code":["'use strict';","","module.exports = function () {","\tvar sign = Math.sign;","\tif (typeof sign !== 'function') return false;","\treturn ((sign(10) === 1) && (sign(-20) === -1));","};",""],"l":{"3":1,"4":1,"5":1,"6":1}},"/home/travis/build/npmtest/node-npmtest-es5-ext/node_modules/es5-ext/object/valid-callable.js":{"path":"/home/travis/build/npmtest/node-npmtest-es5-ext/node_modules/es5-ext/object/valid-callable.js","s":{"1":1,"2":5,"3":0,"4":5},"b":{"1":[0,5]},"f":{"1":5},"fnMap":{"1":{"name":"(anonymous_1)","line":3,"loc":{"start":{"line":3,"column":17},"end":{"line":3,"column":31}}}},"statementMap":{"1":{"start":{"line":3,"column":0},"end":{"line":6,"column":2}},"2":{"start":{"line":4,"column":1},"end":{"line":4,"column":78}},"3":{"start":{"line":4,"column":31},"end":{"line":4,"column":78}},"4":{"start":{"line":5,"column":1},"end":{"line":5,"column":11}}},"branchMap":{"1":{"line":4,"type":"if","locations":[{"start":{"line":4,"column":1},"end":{"line":4,"column":1}},{"start":{"line":4,"column":1},"end":{"line":4,"column":1}}]}},"code":["'use strict';","","module.exports = function (fn) {","\tif (typeof fn !== 'function') throw new TypeError(fn + \" is not a function\");","\treturn fn;","};",""],"l":{"3":1,"4":5,"5":5}},"/home/travis/build/npmtest/node-npmtest-es5-ext/node_modules/es5-ext/object/valid-value.js":{"path":"/home/travis/build/npmtest/node-npmtest-es5-ext/node_modules/es5-ext/object/valid-value.js","s":{"1":1,"2":8,"3":0,"4":8},"b":{"1":[0,8]},"f":{"1":8},"fnMap":{"1":{"name":"(anonymous_1)","line":3,"loc":{"start":{"line":3,"column":17},"end":{"line":3,"column":34}}}},"statementMap":{"1":{"start":{"line":3,"column":0},"end":{"line":6,"column":2}},"2":{"start":{"line":4,"column":1},"end":{"line":4,"column":72}},"3":{"start":{"line":4,"column":20},"end":{"line":4,"column":72}},"4":{"start":{"line":5,"column":1},"end":{"line":5,"column":14}}},"branchMap":{"1":{"line":4,"type":"if","locations":[{"start":{"line":4,"column":1},"end":{"line":4,"column":1}},{"start":{"line":4,"column":1},"end":{"line":4,"column":1}}]}},"code":["'use strict';","","module.exports = function (value) {","\tif (value == null) throw new TypeError(\"Cannot use null or undefined\");","\treturn value;","};",""],"l":{"3":1,"4":8,"5":8}},"/home/travis/build/npmtest/node-npmtest-es5-ext/node_modules/es5-ext/array/#/clear.js":{"path":"/home/travis/build/npmtest/node-npmtest-es5-ext/node_modules/es5-ext/array/#/clear.js","s":{"1":1,"2":1,"3":0,"4":0},"b":{},"f":{"1":0},"fnMap":{"1":{"name":"(anonymous_1)","line":9,"loc":{"start":{"line":9,"column":17},"end":{"line":9,"column":29}}}},"statementMap":{"1":{"start":{"line":7,"column":0},"end":{"line":7,"column":48}},"2":{"start":{"line":9,"column":0},"end":{"line":12,"column":2}},"3":{"start":{"line":10,"column":1},"end":{"line":10,"column":24}},"4":{"start":{"line":11,"column":1},"end":{"line":11,"column":13}}},"branchMap":{},"code":["// Inspired by Google Closure:","// http://closure-library.googlecode.com/svn/docs/","// closure_goog_array_array.js.html#goog.array.clear","","'use strict';","","var value = require('../../object/valid-value');","","module.exports = function () {","\tvalue(this).length = 0;","\treturn this;","};",""],"l":{"7":1,"9":1,"10":0,"11":0}},"/home/travis/build/npmtest/node-npmtest-es5-ext/node_modules/es5-ext/array/#/compact.js":{"path":"/home/travis/build/npmtest/node-npmtest-es5-ext/node_modules/es5-ext/array/#/compact.js","s":{"1":1,"2":1,"3":0,"4":0},"b":{},"f":{"1":0,"2":0},"fnMap":{"1":{"name":"(anonymous_1)","line":7,"loc":{"start":{"line":7,"column":17},"end":{"line":7,"column":29}}},"2":{"name":"(anonymous_2)","line":8,"loc":{"start":{"line":8,"column":26},"end":{"line":8,"column":41}}}},"statementMap":{"1":{"start":{"line":5,"column":0},"end":{"line":5,"column":36}},"2":{"start":{"line":7,"column":0},"end":{"line":9,"column":2}},"3":{"start":{"line":8,"column":1},"end":{"line":8,"column":66}},"4":{"start":{"line":8,"column":43},"end":{"line":8,"column":62}}},"branchMap":{},"code":["// Inspired by: http://documentcloud.github.com/underscore/#compact","","'use strict';","","var filter = Array.prototype.filter;","","module.exports = function () {","\treturn filter.call(this, function (val) { return val != null; });","};",""],"l":{"5":1,"7":1,"8":0}},"/home/travis/build/npmtest/node-npmtest-es5-ext/node_modules/es5-ext/array/#/concat/index.js":{"path":"/home/travis/build/npmtest/node-npmtest-es5-ext/node_modules/es5-ext/array/#/concat/index.js","s":{"1":1},"b":{"1":[1,0]},"f":{},"fnMap":{},"statementMap":{"1":{"start":{"line":3,"column":0},"end":{"line":4,"column":45}}},"branchMap":{"1":{"line":3,"type":"cond-expr","locations":[{"start":{"line":4,"column":2},"end":{"line":4,"column":24}},{"start":{"line":4,"column":27},"end":{"line":4,"column":44}}]}},"code":["'use strict';","","module.exports = require('./is-implemented')() ?","\t\tArray.prototype.concat : require('./shim');",""],"l":{"3":1}},"/home/travis/build/npmtest/node-npmtest-es5-ext/node_modules/es5-ext/array/#/concat/is-implemented.js":{"path":"/home/travis/build/npmtest/node-npmtest-es5-ext/node_modules/es5-ext/array/#/concat/is-implemented.js","s":{"1":1,"2":1,"3":1},"b":{},"f":{"1":1},"fnMap":{"1":{"name":"(anonymous_1)","line":5,"loc":{"start":{"line":5,"column":17},"end":{"line":5,"column":29}}}},"statementMap":{"1":{"start":{"line":3,"column":0},"end":{"line":3,"column":54}},"2":{"start":{"line":5,"column":0},"end":{"line":7,"column":2}},"3":{"start":{"line":6,"column":1},"end":{"line":6,"column":59}}},"branchMap":{},"code":["'use strict';","","var SubArray = require('../../_sub-array-dummy-safe');","","module.exports = function () {","\treturn (new SubArray()).concat('foo') instanceof SubArray;","};",""],"l":{"3":1,"5":1,"6":1}},"/home/travis/build/npmtest/node-npmtest-es5-ext/node_modules/es5-ext/array/_sub-array-dummy-safe.js":{"path":"/home/travis/build/npmtest/node-npmtest-es5-ext/node_modules/es5-ext/array/_sub-array-dummy-safe.js","s":{"1":1,"2":1,"3":1,"4":1,"5":0,"6":1,"7":0,"8":1,"9":10,"10":10,"11":10,"12":1,"13":1,"14":1},"b":{"1":[0,1],"2":[0,1]},"f":{"1":1,"2":10},"fnMap":{"1":{"name":"(anonymous_1)","line":6,"loc":{"start":{"line":6,"column":18},"end":{"line":6,"column":30}}},"2":{"name":"(anonymous_2)","line":12,"loc":{"start":{"line":12,"column":12},"end":{"line":12,"column":24}}}},"statementMap":{"1":{"start":{"line":3,"column":0},"end":{"line":4,"column":49}},"2":{"start":{"line":6,"column":0},"end":{"line":23,"column":5}},"3":{"start":{"line":7,"column":1},"end":{"line":7,"column":14}},"4":{"start":{"line":9,"column":1},"end":{"line":9,"column":56}},"5":{"start":{"line":9,"column":19},"end":{"line":9,"column":56}},"6":{"start":{"line":11,"column":1},"end":{"line":11,"column":34}},"7":{"start":{"line":11,"column":22},"end":{"line":11,"column":34}},"8":{"start":{"line":12,"column":1},"end":{"line":16,"column":3}},"9":{"start":{"line":13,"column":2},"end":{"line":13,"column":41}},"10":{"start":{"line":14,"column":2},"end":{"line":14,"column":42}},"11":{"start":{"line":15,"column":2},"end":{"line":15,"column":13}},"12":{"start":{"line":17,"column":1},"end":{"line":17,"column":33}},"13":{"start":{"line":18,"column":1},"end":{"line":21,"column":4}},"14":{"start":{"line":22,"column":1},"end":{"line":22,"column":17}}},"branchMap":{"1":{"line":9,"type":"if","locations":[{"start":{"line":9,"column":1},"end":{"line":9,"column":1}},{"start":{"line":9,"column":1},"end":{"line":9,"column":1}}]},"2":{"line":11,"type":"if","locations":[{"start":{"line":11,"column":1},"end":{"line":11,"column":1}},{"start":{"line":11,"column":1},"end":{"line":11,"column":1}}]}},"code":["'use strict';","","var setPrototypeOf = require('../object/set-prototype-of')","  , isExtensible   = require('./_is-extensible');","","module.exports = (function () {","\tvar SubArray;","","\tif (isExtensible) return require('./_sub-array-dummy');","","\tif (!setPrototypeOf) return null;","\tSubArray = function () {","\t\tvar arr = Array.apply(this, arguments);","\t\tsetPrototypeOf(arr, SubArray.prototype);","\t\treturn arr;","\t};","\tsetPrototypeOf(SubArray, Array);","\tSubArray.prototype = Object.create(Array.prototype, {","\t\tconstructor: { value: SubArray, enumerable: false, writable: true,","\t\t\tconfigurable: true }","\t});","\treturn SubArray;","}());",""],"l":{"3":1,"6":1,"7":1,"9":1,"11":1,"12":1,"13":10,"14":10,"15":10,"17":1,"18":1,"22":1}},"/home/travis/build/npmtest/node-npmtest-es5-ext/node_modules/es5-ext/object/set-prototype-of/index.js":{"path":"/home/travis/build/npmtest/node-npmtest-es5-ext/node_modules/es5-ext/object/set-prototype-of/index.js","s":{"1":1},"b":{"1":[1,0]},"f":{},"fnMap":{},"statementMap":{"1":{"start":{"line":3,"column":0},"end":{"line":5,"column":21}}},"branchMap":{"1":{"line":3,"type":"cond-expr","locations":[{"start":{"line":4,"column":3},"end":{"line":4,"column":24}},{"start":{"line":5,"column":3},"end":{"line":5,"column":20}}]}},"code":["'use strict';","","module.exports = require('./is-implemented')()","\t? Object.setPrototypeOf","\t: require('./shim');",""],"l":{"3":1}},"/home/travis/build/npmtest/node-npmtest-es5-ext/node_modules/es5-ext/object/set-prototype-of/is-implemented.js":{"path":"/home/travis/build/npmtest/node-npmtest-es5-ext/node_modules/es5-ext/object/set-prototype-of/is-implemented.js","s":{"1":1,"2":1,"3":2,"4":2,"5":0,"6":2},"b":{"1":[2,2],"2":[0,2]},"f":{"1":2},"fnMap":{"1":{"name":"(anonymous_1)","line":6,"loc":{"start":{"line":6,"column":17},"end":{"line":6,"column":45}}}},"statementMap":{"1":{"start":{"line":3,"column":0},"end":{"line":4,"column":11}},"2":{"start":{"line":6,"column":0},"end":{"line":11,"column":2}},"3":{"start":{"line":7,"column":1},"end":{"line":8,"column":43}},"4":{"start":{"line":9,"column":1},"end":{"line":9,"column":56}},"5":{"start":{"line":9,"column":43},"end":{"line":9,"column":56}},"6":{"start":{"line":10,"column":1},"end":{"line":10,"column":68}}},"branchMap":{"1":{"line":8,"type":"binary-expr","locations":[{"start":{"line":8,"column":20},"end":{"line":8,"column":32}},{"start":{"line":8,"column":36},"end":{"line":8,"column":42}}]},"2":{"line":9,"type":"if","locations":[{"start":{"line":9,"column":1},"end":{"line":9,"column":1}},{"start":{"line":9,"column":1},"end":{"line":9,"column":1}}]}},"code":["'use strict';","","var create = Object.create, getPrototypeOf = Object.getPrototypeOf","  , x = {};","","module.exports = function (/*customCreate*/) {","\tvar setPrototypeOf = Object.setPrototypeOf","\t  , customCreate = arguments[0] || create;","\tif (typeof setPrototypeOf !== 'function') return false;","\treturn getPrototypeOf(setPrototypeOf(customCreate(null), x)) === x;","};",""],"l":{"3":1,"6":1,"7":2,"9":2,"10":2}},"/home/travis/build/npmtest/node-npmtest-es5-ext/node_modules/es5-ext/array/_is-extensible.js":{"path":"/home/travis/build/npmtest/node-npmtest-es5-ext/node_modules/es5-ext/array/_is-extensible.js","s":{"1":1,"2":1,"3":1,"4":0,"5":1,"6":1,"7":1,"8":0,"9":0,"10":0,"11":0},"b":{"1":[0,1],"2":[1,0],"3":[0,0]},"f":{"1":1},"fnMap":{"1":{"name":"(anonymous_1)","line":3,"loc":{"start":{"line":3,"column":18},"end":{"line":3,"column":30}}}},"statementMap":{"1":{"start":{"line":3,"column":0},"end":{"line":13,"column":5}},"2":{"start":{"line":4,"column":1},"end":{"line":4,"column":51}},"3":{"start":{"line":6,"column":1},"end":{"line":6,"column":29}},"4":{"start":{"line":6,"column":16},"end":{"line":6,"column":29}},"5":{"start":{"line":7,"column":1},"end":{"line":7,"column":22}},"6":{"start":{"line":8,"column":1},"end":{"line":8,"column":39}},"7":{"start":{"line":8,"column":26},"end":{"line":8,"column":39}},"8":{"start":{"line":9,"column":1},"end":{"line":9,"column":46}},"9":{"start":{"line":9,"column":33},"end":{"line":9,"column":46}},"10":{"start":{"line":11,"column":1},"end":{"line":11,"column":17}},"11":{"start":{"line":12,"column":1},"end":{"line":12,"column":28}}},"branchMap":{"1":{"line":6,"type":"if","locations":[{"start":{"line":6,"column":1},"end":{"line":6,"column":1}},{"start":{"line":6,"column":1},"end":{"line":6,"column":1}}]},"2":{"line":8,"type":"if","locations":[{"start":{"line":8,"column":1},"end":{"line":8,"column":1}},{"start":{"line":8,"column":1},"end":{"line":8,"column":1}}]},"3":{"line":9,"type":"if","locations":[{"start":{"line":9,"column":1},"end":{"line":9,"column":1}},{"start":{"line":9,"column":1},"end":{"line":9,"column":1}}]}},"code":["'use strict';","","module.exports = (function () {","\tvar SubArray = require('./_sub-array-dummy'), arr;","","\tif (!SubArray) return false;","\tarr = new SubArray();","\tif (!Array.isArray(arr)) return false;","\tif (!(arr instanceof SubArray)) return false;","","\tarr[34] = 'foo';","\treturn (arr.length === 35);","}());",""],"l":{"3":1,"4":1,"6":1,"7":1,"8":1,"9":0,"11":0,"12":0}},"/home/travis/build/npmtest/node-npmtest-es5-ext/node_modules/es5-ext/array/_sub-array-dummy.js":{"path":"/home/travis/build/npmtest/node-npmtest-es5-ext/node_modules/es5-ext/array/_sub-array-dummy.js","s":{"1":1,"2":1,"3":1,"4":1,"5":0,"6":1,"7":1,"8":1,"9":1,"10":1},"b":{"1":[0,1]},"f":{"1":1,"2":1},"fnMap":{"1":{"name":"(anonymous_1)","line":5,"loc":{"start":{"line":5,"column":18},"end":{"line":5,"column":30}}},"2":{"name":"(anonymous_2)","line":9,"loc":{"start":{"line":9,"column":12},"end":{"line":9,"column":24}}}},"statementMap":{"1":{"start":{"line":3,"column":0},"end":{"line":3,"column":59}},"2":{"start":{"line":5,"column":0},"end":{"line":16,"column":5}},"3":{"start":{"line":6,"column":1},"end":{"line":6,"column":14}},"4":{"start":{"line":8,"column":1},"end":{"line":8,"column":34}},"5":{"start":{"line":8,"column":22},"end":{"line":8,"column":34}},"6":{"start":{"line":9,"column":1},"end":{"line":9,"column":58}},"7":{"start":{"line":9,"column":26},"end":{"line":9,"column":55}},"8":{"start":{"line":10,"column":1},"end":{"line":10,"column":33}},"9":{"start":{"line":11,"column":1},"end":{"line":14,"column":4}},"10":{"start":{"line":15,"column":1},"end":{"line":15,"column":17}}},"branchMap":{"1":{"line":8,"type":"if","locations":[{"start":{"line":8,"column":1},"end":{"line":8,"column":1}},{"start":{"line":8,"column":1},"end":{"line":8,"column":1}}]}},"code":["'use strict';","","var setPrototypeOf = require('../object/set-prototype-of');","","module.exports = (function () {","\tvar SubArray;","","\tif (!setPrototypeOf) return null;","\tSubArray = function () { Array.apply(this, arguments); };","\tsetPrototypeOf(SubArray, Array);","\tSubArray.prototype = Object.create(Array.prototype, {","\t\tconstructor: { value: SubArray, enumerable: false, writable: true,","\t\t\tconfigurable: true }","\t});","\treturn SubArray;","}());",""],"l":{"3":1,"5":1,"6":1,"8":1,"9":1,"10":1,"11":1,"15":1}},"/home/travis/build/npmtest/node-npmtest-es5-ext/node_modules/es5-e
[...]
64508:[[1740],256],64509:[[1740],256],64510:[[1740],256],64511:[[1740],256]},","\t64512:{64512:[[1574,1580],256],64513:[[1574,1581],256],64514:[[1574,1605],256],64515:[[1574,1609],256],64516:[[1574,1610],256],64517:[[1576,1580],256],64518:[[1576,1581],256],64519:[[1576,1582],256],64520:[[1576,1605],256],64521:[[1576,1609],256],64522:[[1576,1610],256],64523:[[1578,1580],256],64524:[[1578,1581],256],64525:[[1578,1582],256],64526:[[1578,1605],256],64527:[[1578,1609],256],64528:[[1578,1610],256],64529:[[1579,1580],256],64530:[[1579,1605],256],64531:[[1579,1609],256],64532:[[1579,1610],256],64533:[[1580,1581],256],64534:[[1580,1605],256],64535:[[1581,1580],256],64536:[[1581,1605],256],64537:[[1582,1580],256],64538:[[1582,1581],256],64539:[[1582,1605],256],64540:[[1587,1580],256],64541:[[1587,1581],256],64542:[[1587,1582],256],64543:[[1587,1605],256],64544:[[1589,1581],256],64545:[[1589,1605],256],64546:[[1590,1580],256],64547:[[1590,1581],256],64548:[[1590,1582],256],64549:[[1590,1605],256],64550:[[1591,1581],256],64551:[[1591,1605],256],64552:[[1592,1605],256],64553:[[1593,1580],256],64554:[[1593,1605],256],64555:[[1594,1580],256],64556:[[1594,1605],256],64557:[[1601,1580],256],64558:[[1601,1581],256],64559:[[1601,1582],256],64560:[[1601,1605],256],64561:[[1601,1609],256],64562:[[1601,1610],256],64563:[[1602,1581],256],64564:[[1602,1605],256],64565:[[1602,1609],256],64566:[[1602,1610],256],64567:[[1603,1575],256],64568:[[1603,1580],256],64569:[[1603,1581],256],64570:[[1603,1582],256],64571:[[1603,1604],256],64572:[[1603,1605],256],64573:[[1603,1609],256],64574:[[1603,1610],256],64575:[[1604,1580],256],64576:[[1604,1581],256],64577:[[1604,1582],256],64578:[[1604,1605],256],64579:[[1604,1609],256],64580:[[1604,1610],256],64581:[[1605,1580],256],64582:[[1605,1581],256],64583:[[1605,1582],256],64584:[[1605,1605],256],64585:[[1605,1609],256],64586:[[1605,1610],256],64587:[[1606,1580],256],64588:[[1606,1581],256],64589:[[1606,1582],256],64590:[[1606,1605],256],64591:[[1606,1609],256],64592:[[1606,1610],256],64593:[[1607,1580],256],64594:[[1607,1605],256],64595:[[1607,1609],256],64596:[[1607,1610],256],64597:[[1610,1580],256],64598:[[1610,1581],256],64599:[[1610,1582],256],64600:[[1610,1605],256],64601:[[1610,1609],256],64602:[[1610,1610],256],64603:[[1584,1648],256],64604:[[1585,1648],256],64605:[[1609,1648],256],64606:[[32,1612,1617],256],64607:[[32,1613,1617],256],64608:[[32,1614,1617],256],64609:[[32,1615,1617],256],64610:[[32,1616,1617],256],64611:[[32,1617,1648],256],64612:[[1574,1585],256],64613:[[1574,1586],256],64614:[[1574,1605],256],64615:[[1574,1606],256],64616:[[1574,1609],256],64617:[[1574,1610],256],64618:[[1576,1585],256],64619:[[1576,1586],256],64620:[[1576,1605],256],64621:[[1576,1606],256],64622:[[1576,1609],256],64623:[[1576,1610],256],64624:[[1578,1585],256],64625:[[1578,1586],256],64626:[[1578,1605],256],64627:[[1578,1606],256],64628:[[1578,1609],256],64629:[[1578,1610],256],64630:[[1579,1585],256],64631:[[1579,1586],256],64632:[[1579,1605],256],64633:[[1579,1606],256],64634:[[1579,1609],256],64635:[[1579,1610],256],64636:[[1601,1609],256],64637:[[1601,1610],256],64638:[[1602,1609],256],64639:[[1602,1610],256],64640:[[1603,1575],256],64641:[[1603,1604],256],64642:[[1603,1605],256],64643:[[1603,1609],256],64644:[[1603,1610],256],64645:[[1604,1605],256],64646:[[1604,1609],256],64647:[[1604,1610],256],64648:[[1605,1575],256],64649:[[1605,1605],256],64650:[[1606,1585],256],64651:[[1606,1586],256],64652:[[1606,1605],256],64653:[[1606,1606],256],64654:[[1606,1609],256],64655:[[1606,1610],256],64656:[[1609,1648],256],64657:[[1610,1585],256],64658:[[1610,1586],256],64659:[[1610,1605],256],64660:[[1610,1606],256],64661:[[1610,1609],256],64662:[[1610,1610],256],64663:[[1574,1580],256],64664:[[1574,1581],256],64665:[[1574,1582],256],64666:[[1574,1605],256],64667:[[1574,1607],256],64668:[[1576,1580],256],64669:[[1576,1581],256],64670:[[1576,1582],256],64671:[[1576,1605],256],64672:[[1576,1607],256],64673:[[1578,1580],256],64674:[[1578,1581],256],64675:[[1578,1582],256],64676:[[1578,1605],256],64677:[[1578,1607],256],64678:[[1579,1605],256],64679:[[1580,1581],256],64680:[[1580,1605],256],64681:[[1581,1580],256],64682:[[1581,1605],256],64683:[[1582,1580],256],64684:[[1582,1605],256],64685:[[1587,1580],256],64686:[[1587,1581],256],64687:[[1587,1582],256],64688:[[1587,1605],256],64689:[[1589,1581],256],64690:[[1589,1582],256],64691:[[1589,1605],256],64692:[[1590,1580],256],64693:[[1590,1581],256],64694:[[1590,1582],256],64695:[[1590,1605],256],64696:[[1591,1581],256],64697:[[1592,1605],256],64698:[[1593,1580],256],64699:[[1593,1605],256],64700:[[1594,1580],256],64701:[[1594,1605],256],64702:[[1601,1580],256],64703:[[1601,1581],256],64704:[[1601,1582],256],64705:[[1601,1605],256],64706:[[1602,1581],256],64707:[[1602,1605],256],64708:[[1603,1580],256],64709:[[1603,1581],256],64710:[[1603,1582],256],64711:[[1603,1604],256],64712:[[1603,1605],256],64713:[[1604,1580],256],64714:[[1604,1581],256],64715:[[1604,1582],256],64716:[[1604,1605],256],64717:[[1604,1607],256],64718:[[1605,1580],256],64719:[[1605,1581],256],64720:[[1605,1582],256],64721:[[1605,1605],256],64722:[[1606,1580],256],64723:[[1606,1581],256],64724:[[1606,1582],256],64725:[[1606,1605],256],64726:[[1606,1607],256],64727:[[1607,1580],256],64728:[[1607,1605],256],64729:[[1607,1648],256],64730:[[1610,1580],256],64731:[[1610,1581],256],64732:[[1610,1582],256],64733:[[1610,1605],256],64734:[[1610,1607],256],64735:[[1574,1605],256],64736:[[1574,1607],256],64737:[[1576,1605],256],64738:[[1576,1607],256],64739:[[1578,1605],256],64740:[[1578,1607],256],64741:[[1579,1605],256],64742:[[1579,1607],256],64743:[[1587,1605],256],64744:[[1587,1607],256],64745:[[1588,1605],256],64746:[[1588,1607],256],64747:[[1603,1604],256],64748:[[1603,1605],256],64749:[[1604,1605],256],64750:[[1606,1605],256],64751:[[1606,1607],256],64752:[[1610,1605],256],64753:[[1610,1607],256],64754:[[1600,1614,1617],256],64755:[[1600,1615,1617],256],64756:[[1600,1616,1617],256],64757:[[1591,1609],256],64758:[[1591,1610],256],64759:[[1593,1609],256],64760:[[1593,1610],256],64761:[[1594,1609],256],64762:[[1594,1610],256],64763:[[1587,1609],256],64764:[[1587,1610],256],64765:[[1588,1609],256],64766:[[1588,1610],256],64767:[[1581,1609],256]},","\t64768:{64768:[[1581,1610],256],64769:[[1580,1609],256],64770:[[1580,1610],256],64771:[[1582,1609],256],64772:[[1582,1610],256],64773:[[1589,1609],256],64774:[[1589,1610],256],64775:[[1590,1609],256],64776:[[1590,1610],256],64777:[[1588,1580],256],64778:[[1588,1581],256],64779:[[1588,1582],256],64780:[[1588,1605],256],64781:[[1588,1585],256],64782:[[1587,1585],256],64783:[[1589,1585],256],64784:[[1590,1585],256],64785:[[1591,1609],256],64786:[[1591,1610],256],64787:[[1593,1609],256],64788:[[1593,1610],256],64789:[[1594,1609],256],64790:[[1594,1610],256],64791:[[1587,1609],256],64792:[[1587,1610],256],64793:[[1588,1609],256],64794:[[1588,1610],256],64795:[[1581,1609],256],64796:[[1581,1610],256],64797:[[1580,1609],256],64798:[[1580,1610],256],64799:[[1582,1609],256],64800:[[1582,1610],256],64801:[[1589,1609],256],64802:[[1589,1610],256],64803:[[1590,1609],256],64804:[[1590,1610],256],64805:[[1588,1580],256],64806:[[1588,1581],256],64807:[[1588,1582],256],64808:[[1588,1605],256],64809:[[1588,1585],256],64810:[[1587,1585],256],64811:[[1589,1585],256],64812:[[1590,1585],256],64813:[[1588,1580],256],64814:[[1588,1581],256],64815:[[1588,1582],256],64816:[[1588,1605],256],64817:[[1587,1607],256],64818:[[1588,1607],256],64819:[[1591,1605],256],64820:[[1587,1580],256],64821:[[1587,1581],256],64822:[[1587,1582],256],64823:[[1588,1580],256],64824:[[1588,1581],256],64825:[[1588,1582],256],64826:[[1591,1605],256],64827:[[1592,1605],256],64828:[[1575,1611],256],64829:[[1575,1611],256],64848:[[1578,1580,1605],256],64849:[[1578,1581,1580],256],64850:[[1578,1581,1580],256],64851:[[1578,1581,1605],256],64852:[[1578,1582,1605],256],64853:[[1578,1605,1580],256],64854:[[1578,1605,1581],256],64855:[[1578,1605,1582],256],64856:[[1580,1605,1581],256],64857:[[1580,1605,1581],256],64858:[[1581,1605,1610],256],64859:[[1581,1605,1609],256],64860:[[1587,1581,1580],256],64861:[[1587,1580,1581],256],64862:[[1587,1580,1609],256],64863:[[1587,1605,1581],256],64864:[[1587,1605,1581],256],64865:[[1587,1605,1580],256],64866:[[1587,1605,1605],256],64867:[[1587,1605,1605],256],64868:[[1589,1581,1581],256],64869:[[1589,1581,1581],256],64870:[[1589,1605,1605],256],64871:[[1588,1581,1605],256],64872:[[1588,1581,1605],256],64873:[[1588,1580,1610],256],64874:[[1588,1605,1582],256],64875:[[1588,1605,1582],256],64876:[[1588,1605,1605],256],64877:[[1588,1605,1605],256],64878:[[1590,1581,1609],256],64879:[[1590,1582,1605],256],64880:[[1590,1582,1605],256],64881:[[1591,1605,1581],256],64882:[[1591,1605,1581],256],64883:[[1591,1605,1605],256],64884:[[1591,1605,1610],256],64885:[[1593,1580,1605],256],64886:[[1593,1605,1605],256],64887:[[1593,1605,1605],256],64888:[[1593,1605,1609],256],64889:[[1594,1605,1605],256],64890:[[1594,1605,1610],256],64891:[[1594,1605,1609],256],64892:[[1601,1582,1605],256],64893:[[1601,1582,1605],256],64894:[[1602,1605,1581],256],64895:[[1602,1605,1605],256],64896:[[1604,1581,1605],256],64897:[[1604,1581,1610],256],64898:[[1604,1581,1609],256],64899:[[1604,1580,1580],256],64900:[[1604,1580,1580],256],64901:[[1604,1582,1605],256],64902:[[1604,1582,1605],256],64903:[[1604,1605,1581],256],64904:[[1604,1605,1581],256],64905:[[1605,1581,1580],256],64906:[[1605,1581,1605],256],64907:[[1605,1581,1610],256],64908:[[1605,1580,1581],256],64909:[[1605,1580,1605],256],64910:[[1605,1582,1580],256],64911:[[1605,1582,1605],256],64914:[[1605,1580,1582],256],64915:[[1607,1605,1580],256],64916:[[1607,1605,1605],256],64917:[[1606,1581,1605],256],64918:[[1606,1581,1609],256],64919:[[1606,1580,1605],256],64920:[[1606,1580,1605],256],64921:[[1606,1580,1609],256],64922:[[1606,1605,1610],256],64923:[[1606,1605,1609],256],64924:[[1610,1605,1605],256],64925:[[1610,1605,1605],256],64926:[[1576,1582,1610],256],64927:[[1578,1580,1610],256],64928:[[1578,1580,1609],256],64929:[[1578,1582,1610],256],64930:[[1578,1582,1609],256],64931:[[1578,1605,1610],256],64932:[[1578,1605,1609],256],64933:[[1580,1605,1610],256],64934:[[1580,1581,1609],256],64935:[[1580,1605,1609],256],64936:[[1587,1582,1609],256],64937:[[1589,1581,1610],256],64938:[[1588,1581,1610],256],64939:[[1590,1581,1610],256],64940:[[1604,1580,1610],256],64941:[[1604,1605,1610],256],64942:[[1610,1581,1610],256],64943:[[1610,1580,1610],256],64944:[[1610,1605,1610],256],64945:[[1605,1605,1610],256],64946:[[1602,1605,1610],256],64947:[[1606,1581,1610],256],64948:[[1602,1605,1581],256],64949:[[1604,1581,1605],256],64950:[[1593,1605,1610],256],64951:[[1603,1605,1610],256],64952:[[1606,1580,1581],256],64953:[[1605,1582,1610],256],64954:[[1604,1580,1605],256],64955:[[1603,1605,1605],256],64956:[[1604,1580,1605],256],64957:[[1606,1580,1581],256],64958:[[1580,1581,1610],256],64959:[[1581,1580,1610],256],64960:[[1605,1580,1610],256],64961:[[1601,1605,1610],256],64962:[[1576,1581,1610],256],64963:[[1603,1605,1605],256],64964:[[1593,1580,1605],256],64965:[[1589,1605,1605],256],64966:[[1587,1582,1610],256],64967:[[1606,1580,1610],256],65008:[[1589,1604,1746],256],65009:[[1602,1604,1746],256],65010:[[1575,1604,1604,1607],256],65011:[[1575,1603,1576,1585],256],65012:[[1605,1581,1605,1583],256],65013:[[1589,1604,1593,1605],256],65014:[[1585,1587,1608,1604],256],65015:[[1593,1604,1610,1607],256],65016:[[1608,1587,1604,1605],256],65017:[[1589,1604,1609],256],65018:[[1589,1604,1609,32,1575,1604,1604,1607,32,1593,1604,1610,1607,32,1608,1587,1604,1605],256],65019:[[1580,1604,32,1580,1604,1575,1604,1607],256],65020:[[1585,1740,1575,1604],256]},","\t65024:{65040:[[44],256],65041:[[12289],256],65042:[[12290],256],65043:[[58],256],65044:[[59],256],65045:[[33],256],65046:[[63],256],65047:[[12310],256],65048:[[12311],256],65049:[[8230],256],65056:[,230],65057:[,230],65058:[,230],65059:[,230],65060:[,230],65061:[,230],65062:[,230],65072:[[8229],256],65073:[[8212],256],65074:[[8211],256],65075:[[95],256],65076:[[95],256],65077:[[40],256],65078:[[41],256],65079:[[123],256],65080:[[125],256],65081:[[12308],256],65082:[[12309],256],65083:[[12304],256],65084:[[12305],256],65085:[[12298],256],65086:[[12299],256],65087:[[12296],256],65088:[[12297],256],65089:[[12300],256],65090:[[12301],256],65091:[[12302],256],65092:[[12303],256],65095:[[91],256],65096:[[93],256],65097:[[8254],256],65098:[[8254],256],65099:[[8254],256],65100:[[8254],256],65101:[[95],256],65102:[[95],256],65103:[[95],256],65104:[[44],256],65105:[[12289],256],65106:[[46],256],65108:[[59],256],65109:[[58],256],65110:[[63],256],65111:[[33],256],65112:[[8212],256],65113:[[40],256],65114:[[41],256],65115:[[123],256],65116:[[125],256],65117:[[12308],256],65118:[[12309],256],65119:[[35],256],65120:[[38],256],65121:[[42],256],65122:[[43],256],65123:[[45],256],65124:[[60],256],65125:[[62],256],65126:[[61],256],65128:[[92],256],65129:[[36],256],65130:[[37],256],65131:[[64],256],65136:[[32,1611],256],65137:[[1600,1611],256],65138:[[32,1612],256],65140:[[32,1613],256],65142:[[32,1614],256],65143:[[1600,1614],256],65144:[[32,1615],256],65145:[[1600,1615],256],65146:[[32,1616],256],65147:[[1600,1616],256],65148:[[32,1617],256],65149:[[1600,1617],256],65150:[[32,1618],256],65151:[[1600,1618],256],65152:[[1569],256],65153:[[1570],256],65154:[[1570],256],65155:[[1571],256],65156:[[1571],256],65157:[[1572],256],65158:[[1572],256],65159:[[1573],256],65160:[[1573],256],65161:[[1574],256],65162:[[1574],256],65163:[[1574],256],65164:[[1574],256],65165:[[1575],256],65166:[[1575],256],65167:[[1576],256],65168:[[1576],256],65169:[[1576],256],65170:[[1576],256],65171:[[1577],256],65172:[[1577],256],65173:[[1578],256],65174:[[1578],256],65175:[[1578],256],65176:[[1578],256],65177:[[1579],256],65178:[[1579],256],65179:[[1579],256],65180:[[1579],256],65181:[[1580],256],65182:[[1580],256],65183:[[1580],256],65184:[[1580],256],65185:[[1581],256],65186:[[1581],256],65187:[[1581],256],65188:[[1581],256],65189:[[1582],256],65190:[[1582],256],65191:[[1582],256],65192:[[1582],256],65193:[[1583],256],65194:[[1583],256],65195:[[1584],256],65196:[[1584],256],65197:[[1585],256],65198:[[1585],256],65199:[[1586],256],65200:[[1586],256],65201:[[1587],256],65202:[[1587],256],65203:[[1587],256],65204:[[1587],256],65205:[[1588],256],65206:[[1588],256],65207:[[1588],256],65208:[[1588],256],65209:[[1589],256],65210:[[1589],256],65211:[[1589],256],65212:[[1589],256],65213:[[1590],256],65214:[[1590],256],65215:[[1590],256],65216:[[1590],256],65217:[[1591],256],65218:[[1591],256],65219:[[1591],256],65220:[[1591],256],65221:[[1592],256],65222:[[1592],256],65223:[[1592],256],65224:[[1592],256],65225:[[1593],256],65226:[[1593],256],65227:[[1593],256],65228:[[1593],256],65229:[[1594],256],65230:[[1594],256],65231:[[1594],256],65232:[[1594],256],65233:[[1601],256],65234:[[1601],256],65235:[[1601],256],65236:[[1601],256],65237:[[1602],256],65238:[[1602],256],65239:[[1602],256],65240:[[1602],256],65241:[[1603],256],65242:[[1603],256],65243:[[1603],256],65244:[[1603],256],65245:[[1604],256],65246:[[1604],256],65247:[[1604],256],65248:[[1604],256],65249:[[1605],256],65250:[[1605],256],65251:[[1605],256],65252:[[1605],256],65253:[[1606],256],65254:[[1606],256],65255:[[1606],256],65256:[[1606],256],65257:[[1607],256],65258:[[1607],256],65259:[[1607],256],65260:[[1607],256],65261:[[1608],256],65262:[[1608],256],65263:[[1609],256],65264:[[1609],256],65265:[[1610],256],65266:[[1610],256],65267:[[1610],256],65268:[[1610],256],65269:[[1604,1570],256],65270:[[1604,1570],256],65271:[[1604,1571],256],65272:[[1604,1571],256],65273:[[1604,1573],256],65274:[[1604,1573],256],65275:[[1604,1575],256],65276:[[1604,1575],256]},","\t65280:{65281:[[33],256],65282:[[34],256],65283:[[35],256],65284:[[36],256],65285:[[37],256],65286:[[38],256],65287:[[39],256],65288:[[40],256],65289:[[41],256],65290:[[42],256],65291:[[43],256],65292:[[44],256],65293:[[45],256],65294:[[46],256],65295:[[47],256],65296:[[48],256],65297:[[49],256],65298:[[50],256],65299:[[51],256],65300:[[52],256],65301:[[53],256],65302:[[54],256],65303:[[55],256],65304:[[56],256],65305:[[57],256],65306:[[58],256],65307:[[59],256],65308:[[60],256],65309:[[61],256],65310:[[62],256],65311:[[63],256],65312:[[64],256],65313:[[65],256],65314:[[66],256],65315:[[67],256],65316:[[68],256],65317:[[69],256],65318:[[70],256],65319:[[71],256],65320:[[72],256],65321:[[73],256],65322:[[74],256],65323:[[75],256],65324:[[76],256],65325:[[77],256],65326:[[78],256],65327:[[79],256],65328:[[80],256],65329:[[81],256],65330:[[82],256],65331:[[83],256],65332:[[84],256],65333:[[85],256],65334:[[86],256],65335:[[87],256],65336:[[88],256],65337:[[89],256],65338:[[90],256],65339:[[91],256],65340:[[92],256],65341:[[93],256],65342:[[94],256],65343:[[95],256],65344:[[96],256],65345:[[97],256],65346:[[98],256],65347:[[99],256],65348:[[100],256],65349:[[101],256],65350:[[102],256],65351:[[103],256],65352:[[104],256],65353:[[105],256],65354:[[106],256],65355:[[107],256],65356:[[108],256],65357:[[109],256],65358:[[110],256],65359:[[111],256],65360:[[112],256],65361:[[113],256],65362:[[114],256],65363:[[115],256],65364:[[116],256],65365:[[117],256],65366:[[118],256],65367:[[119],256],65368:[[120],256],65369:[[121],256],65370:[[122],256],65371:[[123],256],65372:[[124],256],65373:[[125],256],65374:[[126],256],65375:[[10629],256],65376:[[10630],256],65377:[[12290],256],65378:[[12300],256],65379:[[12301],256],65380:[[12289],256],65381:[[12539],256],65382:[[12530],256],65383:[[12449],256],65384:[[12451],256],65385:[[12453],256],65386:[[12455],256],65387:[[12457],256],65388:[[12515],256],65389:[[12517],256],65390:[[12519],256],65391:[[12483],256],65392:[[12540],256],65393:[[12450],256],65394:[[12452],256],65395:[[12454],256],65396:[[12456],256],65397:[[12458],256],65398:[[12459],256],65399:[[12461],256],65400:[[12463],256],65401:[[12465],256],65402:[[12467],256],65403:[[12469],256],65404:[[12471],256],65405:[[12473],256],65406:[[12475],256],65407:[[12477],256],65408:[[12479],256],65409:[[12481],256],65410:[[12484],256],65411:[[12486],256],65412:[[12488],256],65413:[[12490],256],65414:[[12491],256],65415:[[12492],256],65416:[[12493],256],65417:[[12494],256],65418:[[12495],256],65419:[[12498],256],65420:[[12501],256],65421:[[12504],256],65422:[[12507],256],65423:[[12510],256],65424:[[12511],256],65425:[[12512],256],65426:[[12513],256],65427:[[12514],256],65428:[[12516],256],65429:[[12518],256],65430:[[12520],256],65431:[[12521],256],65432:[[12522],256],65433:[[12523],256],65434:[[12524],256],65435:[[12525],256],65436:[[12527],256],65437:[[12531],256],65438:[[12441],256],65439:[[12442],256],65440:[[12644],256],65441:[[12593],256],65442:[[12594],256],65443:[[12595],256],65444:[[12596],256],65445:[[12597],256],65446:[[12598],256],65447:[[12599],256],65448:[[12600],256],65449:[[12601],256],65450:[[12602],256],65451:[[12603],256],65452:[[12604],256],65453:[[12605],256],65454:[[12606],256],65455:[[12607],256],65456:[[12608],256],65457:[[12609],256],65458:[[12610],256],65459:[[12611],256],65460:[[12612],256],65461:[[12613],256],65462:[[12614],256],65463:[[12615],256],65464:[[12616],256],65465:[[12617],256],65466:[[12618],256],65467:[[12619],256],65468:[[12620],256],65469:[[12621],256],65470:[[12622],256],65474:[[12623],256],65475:[[12624],256],65476:[[12625],256],65477:[[12626],256],65478:[[12627],256],65479:[[12628],256],65482:[[12629],256],65483:[[12630],256],65484:[[12631],256],65485:[[12632],256],65486:[[12633],256],65487:[[12634],256],65490:[[12635],256],65491:[[12636],256],65492:[[12637],256],65493:[[12638],256],65494:[[12639],256],65495:[[12640],256],65498:[[12641],256],65499:[[12642],256],65500:[[12643],256],65504:[[162],256],65505:[[163],256],65506:[[172],256],65507:[[175],256],65508:[[166],256],65509:[[165],256],65510:[[8361],256],65512:[[9474],256],65513:[[8592],256],65514:[[8593],256],65515:[[8594],256],65516:[[8595],256],65517:[[9632],256],65518:[[9675],256]}","};",""],"l":{"3":1}}}