{"/home/travis/build/npmtest/node-npmtest-es5-ext/test.js":{"path":"/home/travis/build/npmtest/node-npmtest-es5-ext/test.js","s":{"1":2,"2":2,"3":2,"4":2,"5":2,"6":2,"7":2,"8":1,"9":2,"10":2,"11":1,"12":1,"13":1,"14":1,"15":2,"16":2,"17":2,"18":2,"19":1,"20":1,"21":2,"22":2,"23":2,"24":1,"25":1,"26":1,"27":1,"28":1,"29":1,"30":1,"31":1,"32":1,"33":1,"34":1,"35":1,"36":1,"37":2,"38":2,"39":1,"40":2,"41":2,"42":1,"43":2,"44":2,"45":1,"46":2,"47":2,"48":1,"49":1,"50":1,"51":1,"52":1},"b":{"1":[2,1,1,1],"2":[1,1,1,1],"3":[1,1],"4":[1,1],"5":[1,1],"6":[1,1],"7":[1,1],"8":[1,1],"9":[1,1,1],"10":[1,1],"11":[1,1],"12":[1,1],"13":[1,1],"14":[1,1],"15":[1,1],"16":[1,1]},"f":{"1":2,"2":2,"3":2,"4":2,"5":2,"6":1,"7":1,"8":2,"9":2,"10":2,"11":2,"12":1},"fnMap":{"1":{"name":"(anonymous_1)","line":12,"loc":{"start":{"line":12,"column":1},"end":{"line":12,"column":13}}},"2":{"name":"(anonymous_2)","line":19,"loc":{"start":{"line":19,"column":5},"end":{"line":19,"column":17}}},"3":{"name":"(anonymous_3)","line":23,"loc":{"start":{"line":23,"column":24},"end":{"line":23,"column":36}}},"4":{"name":"(anonymous_4)","line":61,"loc":{"start":{"line":61,"column":5},"end":{"line":61,"column":17}}},"5":{"name":"(anonymous_5)","line":82,"loc":{"start":{"line":82,"column":5},"end":{"line":82,"column":17}}},"6":{"name":"(anonymous_6)","line":102,"loc":{"start":{"line":102,"column":83},"end":{"line":105,"column":10}},"skip":true},"7":{"name":"(anonymous_7)","line":113,"loc":{"start":{"line":113,"column":77},"end":{"line":116,"column":10}},"skip":true},"8":{"name":"(anonymous_8)","line":129,"loc":{"start":{"line":129,"column":12},"end":{"line":129,"column":40}},"skip":true},"9":{"name":"(anonymous_9)","line":137,"loc":{"start":{"line":137,"column":77},"end":{"line":140,"column":10}},"skip":true},"10":{"name":"(anonymous_10)","line":148,"loc":{"start":{"line":148,"column":83},"end":{"line":151,"column":10}},"skip":true},"11":{"name":"(anonymous_11)","line":159,"loc":{"start":{"line":159,"column":79},"end":{"line":162,"column":10}},"skip":true},"12":{"name":"(anonymous_12)","line":170,"loc":{"start":{"line":170,"column":75},"end":{"line":173,"column":10}},"skip":true}},"statementMap":{"1":{"start":{"line":12,"column":0},"end":{"line":185,"column":5}},"2":{"start":{"line":14,"column":4},"end":{"line":14,"column":14}},"3":{"start":{"line":19,"column":4},"end":{"line":56,"column":9}},"4":{"start":{"line":21,"column":8},"end":{"line":21,"column":19}},"5":{"start":{"line":23,"column":8},"end":{"line":35,"column":13}},"6":{"start":{"line":24,"column":12},"end":{"line":34,"column":13}},"7":{"start":{"line":25,"column":16},"end":{"line":28,"column":30}},"8":{"start":{"line":30,"column":16},"end":{"line":33,"column":27}},"9":{"start":{"line":37,"column":8},"end":{"line":39,"column":21}},"10":{"start":{"line":40,"column":8},"end":{"line":53,"column":9}},"11":{"start":{"line":43,"column":12},"end":{"line":46,"column":14}},"12":{"start":{"line":47,"column":12},"end":{"line":47,"column":18}},"13":{"start":{"line":50,"column":12},"end":{"line":51,"column":46}},"14":{"start":{"line":52,"column":12},"end":{"line":52,"column":18}},"15":{"start":{"line":55,"column":8},"end":{"line":55,"column":35}},"16":{"start":{"line":61,"column":4},"end":{"line":63,"column":9}},"17":{"start":{"line":62,"column":8},"end":{"line":62,"column":15}},"18":{"start":{"line":64,"column":4},"end":{"line":77,"column":5}},"19":{"start":{"line":70,"column":8},"end":{"line":70,"column":14}},"20":{"start":{"line":76,"column":8},"end":{"line":76,"column":14}},"21":{"start":{"line":82,"column":4},"end":{"line":84,"column":9}},"22":{"start":{"line":83,"column":8},"end":{"line":83,"column":15}},"23":{"start":{"line":85,"column":4},"end":{"line":184,"column":5}},"24":{"start":{"line":92,"column":8},"end":{"line":94,"column":63}},"25":{"start":{"line":95,"column":8},"end":{"line":95,"column":14}},"26":{"start":{"line":102,"column":8},"end":{"line":111,"column":10},"skip":true},"27":{"start":{"line":109,"column":12},"end":{"line":109,"column":55},"skip":true},"28":{"start":{"line":110,"column":12},"end":{"line":110,"column":48},"skip":true},"29":{"start":{"line":113,"column":8},"end":{"line":126,"column":10},"skip":true},"30":{"start":{"line":120,"column":12},"end":{"line":120,"column":76},"skip":true},"31":{"start":{"line":121,"column":12},"end":{"line":121,"column":73},"skip":true},"32":{"start":{"line":122,"column":12},"end":{"line":122,"column":74},"skip":true},"33":{"start":{"line":123,"column":12},"end":{"line":123,"column":79},"skip":true},"34":{"start":{"line":124,"column":12},"end":{"line":124,"column":25},"skip":true},"35":{"start":{"line":125,"column":12},"end":{"line":125,"column":45},"skip":true},"36":{"start":{"line":128,"column":8},"end":{"line":135,"column":14},"skip":true},"37":{"start":{"line":133,"column":16},"end":{"line":133,"column":29},"skip":true},"38":{"start":{"line":134,"column":16},"end":{"line":134,"column":55},"skip":true},"39":{"start":{"line":137,"column":8},"end":{"line":146,"column":10},"skip":true},"40":{"start":{"line":144,"column":12},"end":{"line":144,"column":25},"skip":true},"41":{"start":{"line":145,"column":12},"end":{"line":145,"column":45},"skip":true},"42":{"start":{"line":148,"column":8},"end":{"line":157,"column":10},"skip":true},"43":{"start":{"line":155,"column":12},"end":{"line":155,"column":25},"skip":true},"44":{"start":{"line":156,"column":12},"end":{"line":156,"column":48},"skip":true},"45":{"start":{"line":159,"column":8},"end":{"line":168,"column":10},"skip":true},"46":{"start":{"line":166,"column":12},"end":{"line":166,"column":25},"skip":true},"47":{"start":{"line":167,"column":12},"end":{"line":167,"column":46},"skip":true},"48":{"start":{"line":170,"column":8},"end":{"line":179,"column":10},"skip":true},"49":{"start":{"line":177,"column":12},"end":{"line":177,"column":94},"skip":true},"50":{"start":{"line":178,"column":12},"end":{"line":178,"column":48},"skip":true},"51":{"start":{"line":182,"column":8},"end":{"line":182,"column":35},"skip":true},"52":{"start":{"line":183,"column":8},"end":{"line":183,"column":14},"skip":true}},"branchMap":{"1":{"line":25,"type":"binary-expr","locations":[{"start":{"line":25,"column":23},"end":{"line":25,"column":62}},{"start":{"line":26,"column":20},"end":{"line":26,"column":70}},{"start":{"line":27,"column":20},"end":{"line":27,"column":71}},{"start":{"line":28,"column":20},"end":{"line":28,"column":29}}]},"2":{"line":30,"type":"binary-expr","locations":[{"start":{"line":30,"column":23},"end":{"line":30,"column":37}},{"start":{"line":31,"column":20},"end":{"line":31,"column":61}},{"start":{"line":32,"column":20},"end":{"line":32,"column":70}},{"start":{"line":33,"column":20},"end":{"line":33,"column":26}}]},"3":{"line":37,"type":"cond-expr","locations":[{"start":{"line":38,"column":14},"end":{"line":38,"column":20}},{"start":{"line":39,"column":14},"end":{"line":39,"column":20}}]},"4":{"line":40,"type":"switch","locations":[{"start":{"line":42,"column":8},"end":{"line":47,"column":18}},{"start":{"line":49,"column":8},"end":{"line":52,"column":18}}]},"5":{"line":44,"type":"binary-expr","locations":[{"start":{"line":44,"column":16},"end":{"line":44,"column":44}},{"start":{"line":44,"column":48},"end":{"line":44,"column":66}}]},"6":{"line":50,"type":"binary-expr","locations":[{"start":{"line":50,"column":21},"end":{"line":50,"column":49}},{"start":{"line":50,"column":53},"end":{"line":50,"column":72}}]},"7":{"line":64,"type":"switch","locations":[{"start":{"line":69,"column":4},"end":{"line":70,"column":14}},{"start":{"line":75,"column":4},"end":{"line":76,"column":14}}]},"8":{"line":85,"type":"switch","locations":[{"start":{"line":90,"column":4},"end":{"line":95,"column":14}},{"start":{"line":101,"column":4},"end":{"line":183,"column":14},"skip":true}]},"9":{"line":92,"type":"binary-expr","locations":[{"start":{"line":92,"column":18},"end":{"line":92,"column":32}},{"start":{"line":93,"column":12},"end":{"line":93,"column":53}},{"start":{"line":94,"column":12},"end":{"line":94,"column":61}}]},"10":{"line":102,"type":"binary-expr","locations":[{"start":{"line":102,"column":45},"end":{"line":102,"column":79},"skip":true},{"start":{"line":102,"column":83},"end":{"line":111,"column":9},"skip":true}]},"11":{"line":113,"type":"binary-expr","locations":[{"start":{"line":113,"column":42},"end":{"line":113,"column":73},"skip":true},{"start":{"line":113,"column":77},"end":{"line":126,"column":9},"skip":true}]},"12":{"line":128,"type":"binary-expr","locations":[{"start":{"line":128,"column":48},"end":{"line":128,"column":85},"skip":true},{"start":{"line":129,"column":12},"end":{"line":135,"column":13},"skip":true}]},"13":{"line":137,"type":"binary-expr","locations":[{"start":{"line":137,"column":42},"end":{"line":137,"column":73},"skip":true},{"start":{"line":137,"column":77},"end":{"line":146,"column":9},"skip":true}]},"14":{"line":148,"type":"binary-expr","locations":[{"start":{"line":148,"column":45},"end":{"line":148,"column":79},"skip":true},{"start":{"line":148,"column":83},"end":{"line":157,"column":9},"skip":true}]},"15":{"line":159,"type":"binary-expr","locations":[{"start":{"line":159,"column":43},"end":{"line":159,"column":75},"skip":true},{"start":{"line":159,"column":79},"end":{"line":168,"column":9},"skip":true}]},"16":{"line":170,"type":"binary-expr","locations":[{"start":{"line":170,"column":41},"end":{"line":170,"column":71},"skip":true},{"start":{"line":170,"column":75},"end":{"line":179,"column":9},"skip":true}]}},"code":["/* istanbul instrument in package npmtest_es5_ext */","/*jslint","    bitwise: true,","    browser: true,","    maxerr: 8,","    maxlen: 96,","    node: true,","    nomen: true,","    regexp: true,","    stupid: true","*/","(function () {","    'use strict';","    var local;","","","","    // run shared js-env code - pre-init","    (function () {","        // init local","        local = {};","        // init modeJs","        local.modeJs = (function () {","            try {","                return typeof navigator.userAgent === 'string' &&","                    typeof document.querySelector('body') === 'object' &&","                    typeof XMLHttpRequest.prototype.open === 'function' &&","                    'browser';","            } catch (errorCaughtBrowser) {","                return module.exports &&","                    typeof process.versions.node === 'string' &&","                    typeof require('http').createServer === 'function' &&","                    'node';","            }","        }());","        // init global","        local.global = local.modeJs === 'browser'","            ? window","            : global;","        switch (local.modeJs) {","        // re-init local from window.local","        case 'browser':","            local = local.global.utility2.objectSetDefault(","                local.global.utility2_rollup || local.global.local,","                local.global.utility2","            );","            break;","        // re-init local from example.js","        case 'node':","            local = (local.global.utility2_rollup || require('utility2'))","                .requireExampleJsFromReadme();","            break;","        }","        // export local","        local.global.local = local;","    }());","","","","    // run shared js-env code - function","    (function () {","        return;","    }());","    switch (local.modeJs) {","","","","    // run browser js-env code - function","    case 'browser':","        break;","","","","    // run node js-env code - function","    case 'node':","        break;","    }","","","","    // run shared js-env code - post-init","    (function () {","        return;","    }());","    switch (local.modeJs) {","","","","    // run browser js-env code - post-init","    case 'browser':","        // run tests","        local.nop(local.modeTest &&","            document.querySelector('#testRunButton1') &&","            document.querySelector('#testRunButton1').click());","        break;","","","","    // run node js-env code - post-init","    /* istanbul ignore next */","    case 'node':","        local.testCase_buildApidoc_default = local.testCase_buildApidoc_default || function (","            options,","            onError","        ) {","        /*","         * this function will test buildApidoc's default handling-behavior-behavior","         */","            options = { modulePathList: module.paths };","            local.buildApidoc(options, onError);","        };","","        local.testCase_buildApp_default = local.testCase_buildApp_default || function (","            options,","            onError","        ) {","        /*","         * this function will test buildApp's default handling-behavior-behavior","         */","            local.testCase_buildReadme_default(options, local.onErrorThrow);","            local.testCase_buildLib_default(options, local.onErrorThrow);","            local.testCase_buildTest_default(options, local.onErrorThrow);","            local.testCase_buildCustomOrg_default(options, local.onErrorThrow);","            options = [];","            local.buildApp(options, onError);","        };","","        local.testCase_buildCustomOrg_default = local.testCase_buildCustomOrg_default ||","            function (options, onError) {","            /*","             * this function will test buildCustomOrg's default handling-behavior","             */","                options = {};","                local.buildCustomOrg(options, onError);","            };","","        local.testCase_buildLib_default = local.testCase_buildLib_default || function (","            options,","            onError","        ) {","        /*","         * this function will test buildLib's default handling-behavior","         */","            options = {};","            local.buildLib(options, onError);","        };","","        local.testCase_buildReadme_default = local.testCase_buildReadme_default || function (","            options,","            onError","        ) {","        /*","         * this function will test buildReadme's default handling-behavior-behavior","         */","            options = {};","            local.buildReadme(options, onError);","        };","","        local.testCase_buildTest_default = local.testCase_buildTest_default || function (","            options,","            onError","        ) {","        /*","         * this function will test buildTest's default handling-behavior","         */","            options = {};","            local.buildTest(options, onError);","        };","","        local.testCase_webpage_default = local.testCase_webpage_default || function (","            options,","            onError","        ) {","        /*","         * this function will test webpage's default handling-behavior","         */","            options = { modeCoverageMerge: true, url: local.serverLocalHost + '?modeTest=1' };","            local.browserTest(options, onError);","        };","","        // run test-server","        local.testRunServer(local);","        break;","    }","}());",""],"l":{"12":2,"14":2,"19":2,"21":2,"23":2,"24":2,"25":2,"30":1,"37":2,"40":2,"43":1,"47":1,"50":1,"52":1,"55":2,"61":2,"62":2,"64":2,"70":1,"76":1,"82":2,"83":2,"85":2,"92":1,"95":1,"102":1,"109":1,"110":1,"113":1,"120":1,"121":1,"122":1,"123":1,"124":1,"125":1,"128":1,"133":2,"134":2,"137":1,"144":2,"145":2,"148":1,"155":2,"156":2,"159":1,"166":2,"167":2,"170":1,"177":1,"178":1,"182":1,"183":1}},"/home/travis/build/npmtest/node-npmtest-es5-ext/lib.npmtest_es5_ext.js":{"path":"/home/travis/build/npmtest/node-npmtest-es5-ext/lib.npmtest_es5_ext.js","s":{"1":2,"2":2,"3":2,"4":2,"5":2,"6":2,"7":2,"8":1,"9":2,"10":2,"11":2,"12":2,"13":1,"14":1,"15":1,"16":1},"b":{"1":[2,1,1,1],"2":[1,1,1,1],"3":[1,1],"4":[2,2],"5":[1,1]},"f":{"1":2,"2":2,"3":2},"fnMap":{"1":{"name":"(anonymous_1)","line":12,"loc":{"start":{"line":12,"column":1},"end":{"line":12,"column":13}}},"2":{"name":"(anonymous_2)","line":19,"loc":{"start":{"line":19,"column":5},"end":{"line":19,"column":17}}},"3":{"name":"(anonymous_3)","line":23,"loc":{"start":{"line":23,"column":24},"end":{"line":23,"column":36}}}},"statementMap":{"1":{"start":{"line":12,"column":0},"end":{"line":53,"column":5}},"2":{"start":{"line":14,"column":4},"end":{"line":14,"column":14}},"3":{"start":{"line":19,"column":4},"end":{"line":52,"column":9}},"4":{"start":{"line":21,"column":8},"end":{"line":21,"column":19}},"5":{"start":{"line":23,"column":8},"end":{"line":35,"column":13}},"6":{"start":{"line":24,"column":12},"end":{"line":34,"column":13}},"7":{"start":{"line":25,"column":16},"end":{"line":28,"column":30}},"8":{"start":{"line":30,"column":16},"end":{"line":33,"column":27}},"9":{"start":{"line":37,"column":8},"end":{"line":39,"column":21}},"10":{"start":{"line":41,"column":8},"end":{"line":41,"column":54}},"11":{"start":{"line":43,"column":8},"end":{"line":43,"column":52}},"12":{"start":{"line":45,"column":8},"end":{"line":51,"column":9}},"13":{"start":{"line":46,"column":12},"end":{"line":46,"column":58}},"14":{"start":{"line":48,"column":12},"end":{"line":48,"column":35}},"15":{"start":{"line":49,"column":12},"end":{"line":49,"column":49}},"16":{"start":{"line":50,"column":12},"end":{"line":50,"column":43}}},"branchMap":{"1":{"line":25,"type":"binary-expr","locations":[{"start":{"line":25,"column":23},"end":{"line":25,"column":62}},{"start":{"line":26,"column":20},"end":{"line":26,"column":70}},{"start":{"line":27,"column":20},"end":{"line":27,"column":71}},{"start":{"line":28,"column":20},"end":{"line":28,"column":29}}]},"2":{"line":30,"type":"binary-expr","locations":[{"start":{"line":30,"column":23},"end":{"line":30,"column":37}},{"start":{"line":31,"column":20},"end":{"line":31,"column":61}},{"start":{"line":32,"column":20},"end":{"line":32,"column":70}},{"start":{"line":33,"column":20},"end":{"line":33,"column":26}}]},"3":{"line":37,"type":"cond-expr","locations":[{"start":{"line":38,"column":14},"end":{"line":38,"column":20}},{"start":{"line":39,"column":14},"end":{"line":39,"column":20}}]},"4":{"line":41,"type":"binary-expr","locations":[{"start":{"line":41,"column":16},"end":{"line":41,"column":44}},{"start":{"line":41,"column":48},"end":{"line":41,"column":53}}]},"5":{"line":45,"type":"if","locations":[{"start":{"line":45,"column":8},"end":{"line":45,"column":8}},{"start":{"line":45,"column":8},"end":{"line":45,"column":8}}]}},"code":["/* istanbul instrument in package npmtest_es5_ext */","/*jslint","    bitwise: true,","    browser: true,","    maxerr: 8,","    maxlen: 96,","    node: true,","    nomen: true,","    regexp: true,","    stupid: true","*/","(function () {","    'use strict';","    var local;","","","","    // run shared js-env code - pre-init","    (function () {","        // init local","        local = {};","        // init modeJs","        local.modeJs = (function () {","            try {","                return typeof navigator.userAgent === 'string' &&","                    typeof document.querySelector('body') === 'object' &&","                    typeof XMLHttpRequest.prototype.open === 'function' &&","                    'browser';","            } catch (errorCaughtBrowser) {","                return module.exports &&","                    typeof process.versions.node === 'string' &&","                    typeof require('http').createServer === 'function' &&","                    'node';","            }","        }());","        // init global","        local.global = local.modeJs === 'browser'","            ? window","            : global;","        // init utility2_rollup","        local = local.global.utility2_rollup || local;","        // init lib","        local.local = local.npmtest_es5_ext = local;","        // init exports","        if (local.modeJs === 'browser') {","            local.global.utility2_npmtest_es5_ext = local;","        } else {","            module.exports = local;","            module.exports.__dirname = __dirname;","            module.exports.module = module;","        }","    }());","}());",""],"l":{"12":2,"14":2,"19":2,"21":2,"23":2,"24":2,"25":2,"30":1,"37":2,"41":2,"43":2,"45":2,"46":1,"48":1,"49":1,"50":1}},"/home/travis/build/npmtest/node-npmtest-es5-ext/example.js":{"path":"/home/travis/build/npmtest/node-npmtest-es5-ext/example.js","s":{"1":2,"2":2,"3":2,"4":2,"5":2,"6":2,"7":2,"8":1,"9":2,"10":2,"11":2,"12":2,"13":1,"14":2,"15":2,"16":2,"17":2,"18":2,"19":0,"20":2,"21":1,"22":1,"23":1,"24":1,"25":1,"26":0,"27":0,"28":1,"29":1,"30":2,"31":0,"32":0,"33":0,"34":1,"35":2,"36":2,"37":2,"38":2,"39":2,"40":2,"41":0,"42":2,"43":2,"44":2,"45":1,"46":3,"47":1,"48":1,"49":1,"50":1,"51":1,"52":1,"53":1,"54":1,"55":1,"56":1,"57":0,"58":1,"59":6,"60":6,"61":1,"62":2,"63":0,"64":2,"65":1,"66":1,"67":0,"68":0,"69":0,"70":0,"71":0,"72":0,"73":0,"74":0,"75":0,"76":0,"77":0,"78":0,"79":0,"80":0,"81":0,"82":0,"83":0},"b":{"1":[2,1,1,1],"2":[1,1,1,1],"3":[1,1],"4":[2,2],"5":[1,1],"6":[1,1],"7":[2,0],"8":[2,1,1,1,1,1],"9":[0,2,0],"10":[1,1],"11":[2,1,1],"12":[1,0],"13":[0,2],"14":[2,0,0,0,0,0,0],"15":[0,2],"16":[2,0],"17":[1,1],"18":[0,1],"19":[1,2,0,2],"20":[1,0],"21":[1,1],"22":[0,0],"23":[0,0],"24":[0,0],"25":[0,0],"26":[0,0],"27":[0,0],"28":[0,0]},"f":{"1":2,"2":2,"3":2,"4":2,"5":2,"6":2,"7":2,"8":2,"9":3,"10":1,"11":6,"12":0},"fnMap":{"1":{"name":"(anonymous_1)","line":26,"loc":{"start":{"line":26,"column":1},"end":{"line":26,"column":13}}},"2":{"name":"(anonymous_2)","line":33,"loc":{"start":{"line":33,"column":5},"end":{"line":33,"column":17}}},"3":{"name":"(anonymous_3)","line":37,"loc":{"start":{"line":37,"column":24},"end":{"line":37,"column":36}}},"4":{"name":"(anonymous_4)","line":69,"loc":{"start":{"line":69,"column":31},"end":{"line":69,"column":48}},"skip":true},"5":{"name":"(anonymous_5)","line":78,"loc":{"start":{"line":78,"column":26},"end":{"line":78,"column":45}},"skip":true},"6":{"name":"(anonymous_6)","line":123,"loc":{"start":{"line":123,"column":33},"end":{"line":123,"column":48}},"skip":true},"7":{"name":"(anonymous_7)","line":125,"loc":{"start":{"line":125,"column":27},"end":{"line":125,"column":39}},"skip":true},"8":{"name":"(anonymous_8)","line":133,"loc":{"start":{"line":133,"column":59},"end":{"line":133,"column":74}},"skip":true},"9":{"name":"(anonymous_9)","line":143,"loc":{"start":{"line":143,"column":45},"end":{"line":143,"column":62}},"skip":true},"10":{"name":"(anonymous_10)","line":144,"loc":{"start":{"line":144,"column":73},"end":{"line":144,"column":92}},"skip":true},"11":{"name":"(anonymous_11)","line":272,"loc":{"start":{"line":272,"column":51},"end":{"line":272,"column":77}},"skip":true},"12":{"name":"(anonymous_12)","line":314,"loc":{"start":{"line":314,"column":32},"end":{"line":314,"column":61}},"skip":true}},"statementMap":{"1":{"start":{"line":26,"column":0},"end":{"line":325,"column":5}},"2":{"start":{"line":28,"column":4},"end":{"line":28,"column":14}},"3":{"start":{"line":33,"column":4},"end":{"line":60,"column":9}},"4":{"start":{"line":35,"column":8},"end":{"line":35,"column":19}},"5":{"start":{"line":37,"column":8},"end":{"line":49,"column":13}},"6":{"start":{"line":38,"column":12},"end":{"line":48,"column":13}},"7":{"start":{"line":39,"column":16},"end":{"line":42,"column":30}},"8":{"start":{"line":44,"column":16},"end":{"line":47,"column":27}},"9":{"start":{"line":51,"column":8},"end":{"line":53,"column":21}},"10":{"start":{"line":55,"column":8},"end":{"line":57,"column":45}},"11":{"start":{"line":59,"column":8},"end":{"line":59,"column":35}},"12":{"start":{"line":61,"column":4},"end":{"line":324,"column":5}},"13":{"start":{"line":69,"column":8},"end":{"line":121,"column":10},"skip":true},"14":{"start":{"line":70,"column":12},"end":{"line":88,"column":13},"skip":true},"15":{"start":{"line":76,"column":16},"end":{"line":87,"column":19},"skip":true},"16":{"start":{"line":79,"column":20},"end":{"line":86,"column":21},"skip":true},"17":{"start":{"line":82,"column":24},"end":{"line":82,"column":43},"skip":true},"18":{"start":{"line":83,"column":24},"end":{"line":83,"column":30},"skip":true},"19":{"start":{"line":85,"column":24},"end":{"line":85,"column":49},"skip":true},"20":{"start":{"line":89,"column":12},"end":{"line":107,"column":13},"skip":true},"21":{"start":{"line":92,"column":16},"end":{"line":102,"column":17},"skip":true},"22":{"start":{"line":93,"column":20},"end":{"line":93,"column":86},"skip":true},"23":{"start":{"line":94,"column":20},"end":{"line":95,"column":45},"skip":true},"24":{"start":{"line":96,"column":20},"end":{"line":96,"column":42},"skip":true},"25":{"start":{"line":97,"column":20},"end":{"line":97,"column":48},"skip":true},"26":{"start":{"line":100,"column":20},"end":{"line":100,"column":85},"skip":true},"27":{"start":{"line":101,"column":20},"end":{"line":101,"column":96},"skip":true},"28":{"start":{"line":103,"column":16},"end":{"line":103,"column":22},"skip":true},"29":{"start":{"line":106,"column":16},"end":{"line":106,"column":22},"skip":true},"30":{"start":{"line":108,"column":12},"end":{"line":120,"column":13},"skip":true},"31":{"start":{"line":114,"column":16},"end":{"line":119,"column":17},"skip":true},"32":{"start":{"line":116,"column":20},"end":{"line":116,"column":78},"skip":true},"33":{"start":{"line":118,"column":20},"end":{"line":118,"column":47},"skip":true},"34":{"start":{"line":123,"column":8},"end":{"line":141,"column":11},"skip":true},"35":{"start":{"line":124,"column":12},"end":{"line":124,"column":54},"skip":true},"36":{"start":{"line":125,"column":12},"end":{"line":140,"column":14},"skip":true},"37":{"start":{"line":126,"column":16},"end":{"line":126,"column":28},"skip":true},"38":{"start":{"line":127,"column":16},"end":{"line":127,"column":69},"skip":true},"39":{"start":{"line":128,"column":16},"end":{"line":128,"column":75},"skip":true},"40":{"start":{"line":129,"column":16},"end":{"line":131,"column":17},"skip":true},"41":{"start":{"line":130,"column":20},"end":{"line":130,"column":27},"skip":true},"42":{"start":{"line":133,"column":16},"end":{"line":137,"column":36},"skip":true},"43":{"start":{"line":134,"column":20},"end":{"line":136,"column":55},"skip":true},"44":{"start":{"line":139,"column":16},"end":{"line":139,"column":57},"skip":true},"45":{"start":{"line":143,"column":8},"end":{"line":147,"column":11},"skip":true},"46":{"start":{"line":144,"column":12},"end":{"line":146,"column":15},"skip":true},"47":{"start":{"line":145,"column":16},"end":{"line":145,"column":70},"skip":true},"48":{"start":{"line":149,"column":8},"end":{"line":149,"column":31},"skip":true},"49":{"start":{"line":150,"column":8},"end":{"line":150,"column":14},"skip":true},"50":{"start":{"line":158,"column":8},"end":{"line":158,"column":31},"skip":true},"51":{"start":{"line":160,"column":8},"end":{"line":160,"column":33},"skip":true},"52":{"start":{"line":161,"column":8},"end":{"line":161,"column":37},"skip":true},"53":{"start":{"line":162,"column":8},"end":{"line":162,"column":35},"skip":true},"54":{"start":{"line":164,"column":8},"end":{"line":164,"column":50},"skip":true},"55":{"start":{"line":166,"column":8},"end":{"line":256,"column":2},"skip":true},"56":{"start":{"line":258,"column":8},"end":{"line":286,"column":9},"skip":true},"57":{"start":{"line":259,"column":12},"end":{"line":269,"column":14},"skip":true},"58":{"start":{"line":271,"column":12},"end":{"line":285,"column":19},"skip":true},"59":{"start":{"line":274,"column":20},"end":{"line":274,"column":35},"skip":true},"60":{"start":{"line":275,"column":20},"end":{"line":284,"column":21},"skip":true},"61":{"start":{"line":277,"column":24},"end":{"line":277,"column":64},"skip":true},"62":{"start":{"line":279,"column":24},"end":{"line":279,"column":40},"skip":true},"63":{"start":{"line":281,"column":24},"end":{"line":281,"column":40},"skip":true},"64":{"start":{"line":283,"column":24},"end":{"line":283,"column":39},"skip":true},"65":{"start":{"line":288,"column":8},"end":{"line":290,"column":9},"skip":true},"66":{"start":{"line":289,"column":12},"end":{"line":289,"column":18},"skip":true},"67":{"start":{"line":291,"column":8},"end":{"line":293,"column":54},"skip":true},"68":{"start":{"line":294,"column":8},"end":{"line":301,"column":37},"skip":true},"69":{"start":{"line":302,"column":8},"end":{"line":302,"column":82},"skip":true},"70":{"start":{"line":305,"column":8},"end":{"line":307,"column":9},"skip":true},"71":{"start":{"line":306,"column":12},"end":{"line":306,"column":82},"skip":true},"72":{"start":{"line":309,"column":8},"end":{"line":311,"column":9},"skip":true},"73":{"start":{"line":310,"column":12},"end":{"line":310,"column":18},"skip":true},"74":{"start":{"line":312,"column":8},"end":{"line":312,"column":54},"skip":true},"75":{"start":{"line":313,"column":8},"end":{"line":313,"column":69},"skip":true},"76":{"start":{"line":314,"column":8},"end":{"line":322,"column":36},"skip":true},"77":{"start":{"line":315,"column":12},"end":{"line":315,"column":61},"skip":true},"78":{"start":{"line":316,"column":12},"end":{"line":319,"column":13},"skip":true},"79":{"start":{"line":317,"column":16},"end":{"line":317,"column":75},"skip":true},"80":{"start":{"line":318,"column":16},"end":{"line":318,"column":23},"skip":true},"81":{"start":{"line":320,"column":12},"end":{"line":320,"column":38},"skip":true},"82":{"start":{"line":321,"column":12},"end":{"line":321,"column":27},"skip":true},"83":{"start":{"line":323,"column":8},"end":{"line":323,"column":14},"skip":true}},"branchMap":{"1":{"line":39,"type":"binary-expr","locations":[{"start":{"line":39,"column":23},"end":{"line":39,"column":62}},{"start":{"line":40,"column":20},"end":{"line":40,"column":70}},{"start":{"line":41,"column":20},"end":{"line":41,"column":71}},{"start":{"line":42,"column":20},"end":{"line":42,"column":29}}]},"2":{"line":44,"type":"binary-expr","locations":[{"start":{"line":44,"column":23},"end":{"line":44,"column":37}},{"start":{"line":45,"column":20},"end":{"line":45,"column":61}},{"start":{"line":46,"column":20},"end":{"line":46,"column":70}},{"start":{"line":47,"column":20},"end":{"line":47,"column":26}}]},"3":{"line":51,"type":"cond-expr","locations":[{"start":{"line":52,"column":14},"end":{"line":52,"column":20}},{"start":{"line":53,"column":14},"end":{"line":53,"column":20}}]},"4":{"line":55,"type":"binary-expr","locations":[{"start":{"line":55,"column":16},"end":{"line":55,"column":44}},{"start":{"line":55,"column":49},"end":{"line":57,"column":43}}]},"5":{"line":55,"type":"cond-expr","locations":[{"start":{"line":56,"column":14},"end":{"line":56,"column":51}},{"start":{"line":57,"column":14},"end":{"line":57,"column":43}}]},"6":{"line":61,"type":"switch","locations":[{"start":{"line":68,"column":4},"end":{"line":150,"column":14},"skip":true},{"start":{"line":156,"column":4},"end":{"line":323,"column":14},"skip":true}]},"7":{"line":70,"type":"if","locations":[{"start":{"line":70,"column":12},"end":{"line":70,"column":12},"skip":true},{"start":{"line":70,"column":12},"end":{"line":70,"column":12},"skip":true}]},"8":{"line":70,"type":"binary-expr","locations":[{"start":{"line":70,"column":16},"end":{"line":70,"column":22},"skip":true},{"start":{"line":70,"column":27},"end":{"line":70,"column":32},"skip":true},{"start":{"line":71,"column":20},"end":{"line":71,"column":39},"skip":true},{"start":{"line":72,"column":20},"end":{"line":72,"column":49},"skip":true},{"start":{"line":73,"column":20},"end":{"line":73,"column":58},"skip":true},{"start":{"line":74,"column":20},"end":{"line":74,"column":69},"skip":true}]},"9":{"line":79,"type":"switch","locations":[{"start":{"line":80,"column":20},"end":{"line":80,"column":33},"skip":true},{"start":{"line":81,"column":20},"end":{"line":83,"column":30},"skip":true},{"start":{"line":84,"column":20},"end":{"line":85,"column":49},"skip":true}]},"10":{"line":89,"type":"switch","locations":[{"start":{"line":90,"column":12},"end":{"line":103,"column":22},"skip":true},{"start":{"line":105,"column":12},"end":{"line":106,"column":22},"skip":true}]},"11":{"line":89,"type":"binary-expr","locations":[{"start":{"line":89,"column":20},"end":{"line":89,"column":25},"skip":true},{"start":{"line":89,"column":29},"end":{"line":89,"column":48},"skip":true},{"start":{"line":89,"column":52},"end":{"line":89,"column":74},"skip":true}]},"12":{"line":92,"type":"if","locations":[{"start":{"line":92,"column":16},"end":{"line":92,"column":16},"skip":true},{"start":{"line":92,"column":16},"end":{"line":92,"column":16},"skip":true}]},"13":{"line":108,"type":"if","locations":[{"start":{"line":108,"column":12},"end":{"line":108,"column":12},"skip":true},{"start":{"line":108,"column":12},"end":{"line":108,"column":12},"skip":true}]},"14":{"line":108,"type":"binary-expr","locations":[{"start":{"line":108,"column":16},"end":{"line":108,"column":61},"skip":true},{"start":{"line":108,"column":66},"end":{"line":108,"column":72},"skip":true},{"start":{"line":108,"column":77},"end":{"line":108,"column":82},"skip":true},{"start":{"line":109,"column":20},"end":{"line":109,"column":39},"skip":true},{"start":{"line":110,"column":20},"end":{"line":110,"column":49},"skip":true},{"start":{"line":111,"column":20},"end":{"line":111,"column":58},"skip":true},{"start":{"line":112,"column":20},"end":{"line":112,"column":68},"skip":true}]},"15":{"line":129,"type":"if","locations":[{"start":{"line":129,"column":16},"end":{"line":129,"column":16},"skip":true},{"start":{"line":129,"column":16},"end":{"line":129,"column":16},"skip":true}]},"16":{"line":134,"type":"cond-expr","locations":[{"start":{"line":135,"column":26},"end":{"line":135,"column":29},"skip":true},{"start":{"line":136,"column":26},"end":{"line":136,"column":54},"skip":true}]},"17":{"line":164,"type":"binary-expr","locations":[{"start":{"line":164,"column":27},"end":{"line":164,"column":43},"skip":true},{"start":{"line":164,"column":47},"end":{"line":164,"column":49},"skip":true}]},"18":{"line":258,"type":"if","locations":[{"start":{"line":258,"column":8},"end":{"line":258,"column":8},"skip":true},{"start":{"line":258,"column":8},"end":{"line":258,"column":8},"skip":true}]},"19":{"line":275,"type":"switch","locations":[{"start":{"line":276,"column":20},"end":{"line":277,"column":64},"skip":true},{"start":{"line":278,"column":20},"end":{"line":279,"column":40},"skip":true},{"start":{"line":280,"column":20},"end":{"line":281,"column":40},"skip":true},{"start":{"line":282,"column":20},"end":{"line":283,"column":39},"skip":true}]},"20":{"line":288,"type":"if","locations":[{"start":{"line":288,"column":8},"end":{"line":288,"column":8},"skip":true},{"start":{"line":288,"column":8},"end":{"line":288,"column":8},"skip":true}]},"21":{"line":288,"type":"binary-expr","locations":[{"start":{"line":288,"column":12},"end":{"line":288,"column":40},"skip":true},{"start":{"line":288,"column":44},"end":{"line":288,"column":67},"skip":true}]},"22":{"line":292,"type":"binary-expr","locations":[{"start":{"line":292,"column":12},"end":{"line":292,"column":50},"skip":true},{"start":{"line":293,"column":12},"end":{"line":293,"column":53},"skip":true}]},"23":{"line":295,"type":"binary-expr","locations":[{"start":{"line":295,"column":12},"end":{"line":295,"column":65},"skip":true},{"start":{"line":296,"column":12},"end":{"line":301,"column":36},"skip":true}]},"24":{"line":302,"type":"binary-expr","locations":[{"start":{"line":302,"column":43},"end":{"line":302,"column":75},"skip":true},{"start":{"line":302,"column":79},"end":{"line":302,"column":81},"skip":true}]},"25":{"line":305,"type":"if","locations":[{"start":{"line":305,"column":8},"end":{"line":305,"column":8},"skip":true},{"start":{"line":305,"column":8},"end":{"line":305,"column":8},"skip":true}]},"26":{"line":309,"type":"if","locations":[{"start":{"line":309,"column":8},"end":{"line":309,"column":8},"skip":true},{"start":{"line":309,"column":8},"end":{"line":309,"column":8},"skip":true}]},"27":{"line":312,"type":"binary-expr","locations":[{"start":{"line":312,"column":27},"end":{"line":312,"column":43},"skip":true},{"start":{"line":312,"column":47},"end":{"line":312,"column":53},"skip":true}]},"28":{"line":316,"type":"if","locations":[{"start":{"line":316,"column":12},"end":{"line":316,"column":12},"skip":true},{"start":{"line":316,"column":12},"end":{"line":316,"column":12},"skip":true}]}},"code":["/*","example.js","","quickstart example","","instruction","    1. save this script as example.js","    2. run the shell command:","        $ npm install npmtest-es5-ext && PORT=8081 node example.js","    3. play with the browser-demo on http://127.0.0.1:8081","*/","","","","/* istanbul instrument in package npmtest_es5_ext */","/*jslint","    bitwise: true,","    browser: true,","    maxerr: 8,","    maxlen: 96,","    node: true,","    nomen: true,","    regexp: true,","    stupid: true","*/","(function () {","    'use strict';","    var local;","","","","    // run shared js-env code - pre-init","    (function () {","        // init local","        local = {};","        // init modeJs","        local.modeJs = (function () {","            try {","                return typeof navigator.userAgent === 'string' &&","                    typeof document.querySelector('body') === 'object' &&","                    typeof XMLHttpRequest.prototype.open === 'function' &&","                    'browser';","            } catch (errorCaughtBrowser) {","                return module.exports &&","                    typeof process.versions.node === 'string' &&","                    typeof require('http').createServer === 'function' &&","                    'node';","            }","        }());","        // init global","        local.global = local.modeJs === 'browser'","            ? window","            : global;","        // init utility2_rollup","        local = local.global.utility2_rollup || (local.modeJs === 'browser'","            ? local.global.utility2_npmtest_es5_ext","            : global.utility2_moduleExports);","        // export local","        local.global.local = local;","    }());","    switch (local.modeJs) {","","","","    // post-init","    // run browser js-env code - post-init","    /* istanbul ignore next */","    case 'browser':","        local.testRunBrowser = function (event) {","            if (!event || (event &&","                    event.currentTarget &&","                    event.currentTarget.className &&","                    event.currentTarget.className.includes &&","                    event.currentTarget.className.includes('onreset'))) {","                // reset output","                Array.from(","                    document.querySelectorAll('body > .resettable')","                ).forEach(function (element) {","                    switch (element.tagName) {","                    case 'INPUT':","                    case 'TEXTAREA':","                        element.value = '';","                        break;","                    default:","                        element.textContent = '';","                    }","                });","            }","            switch (event && event.currentTarget && event.currentTarget.id) {","            case 'testRunButton1':","                // show tests","                if (document.querySelector('#testReportDiv1').style.display === 'none') {","                    document.querySelector('#testReportDiv1').style.display = 'block';","                    document.querySelector('#testRunButton1').textContent =","                        'hide internal test';","                    local.modeTest = true;","                    local.testRunDefault(local);","                // hide tests","                } else {","                    document.querySelector('#testReportDiv1').style.display = 'none';","                    document.querySelector('#testRunButton1').textContent = 'run internal test';","                }","                break;","            // custom-case","            default:","                break;","            }","            if (document.querySelector('#inputTextareaEval1') && (!event || (event &&","                    event.currentTarget &&","                    event.currentTarget.className &&","                    event.currentTarget.className.includes &&","                    event.currentTarget.className.includes('oneval')))) {","                // try to eval input-code","                try {","                    /*jslint evil: true*/","                    eval(document.querySelector('#inputTextareaEval1').value);","                } catch (errorCaught) {","                    console.error(errorCaught);","                }","            }","        };","        // log stderr and stdout to #outputTextareaStdout1","        ['error', 'log'].forEach(function (key) {","            console[key + '_original'] = console[key];","            console[key] = function () {","                var element;","                console[key + '_original'].apply(console, arguments);","                element = document.querySelector('#outputTextareaStdout1');","                if (!element) {","                    return;","                }","                // append text to #outputTextareaStdout1","                element.value += Array.from(arguments).map(function (arg) {","                    return typeof arg === 'string'","                        ? arg","                        : JSON.stringify(arg, null, 4);","                }).join(' ') + '\\n';","                // scroll textarea to bottom","                element.scrollTop = element.scrollHeight;","            };","        });","        // init event-handling","        ['change', 'click', 'keyup'].forEach(function (event) {","            Array.from(document.querySelectorAll('.on' + event)).forEach(function (element) {","                element.addEventListener(event, local.testRunBrowser);","            });","        });","        // run tests","        local.testRunBrowser();","        break;","","","","    // run node js-env code - post-init","    /* istanbul ignore next */","    case 'node':","        // export local","        module.exports = local;","        // require modules","        local.fs = require('fs');","        local.http = require('http');","        local.url = require('url');","        // init assets","        local.assetsDict = local.assetsDict || {};","        /* jslint-ignore-begin */","        local.assetsDict['/assets.index.template.html'] = '\\","<!doctype html>\\n\\","<html lang=\"en\">\\n\\","<head>\\n\\","<meta charset=\"UTF-8\">\\n\\","<meta name=\"viewport\" content=\"width=device-width, initial-scale=1\">\\n\\","<title>{{env.npm_package_name}} (v{{env.npm_package_version}})</title>\\n\\","<style>\\n\\","/*csslint\\n\\","    box-sizing: false,\\n\\","    universal-selector: false\\n\\","*/\\n\\","* {\\n\\","    box-sizing: border-box;\\n\\","}\\n\\","body {\\n\\","    background: #dde;\\n\\","    font-family: Arial, Helvetica, sans-serif;\\n\\","    margin: 2rem;\\n\\","}\\n\\","body > * {\\n\\","    margin-bottom: 1rem;\\n\\","}\\n\\",".utility2FooterDiv {\\n\\","    margin-top: 20px;\\n\\","    text-align: center;\\n\\","}\\n\\","</style>\\n\\","<style>\\n\\","/*csslint\\n\\","*/\\n\\","textarea {\\n\\","    font-family: monospace;\\n\\","    height: 10rem;\\n\\","    width: 100%;\\n\\","}\\n\\","textarea[readonly] {\\n\\","    background: #ddd;\\n\\","}\\n\\","</style>\\n\\","</head>\\n\\","<body>\\n\\","<!-- utility2-comment\\n\\","<div id=\"ajaxProgressDiv1\" style=\"background: #d00; height: 2px; left: 0; margin: 0; padding: 0; position: fixed; top: 0; transition: background 0.5s, width 1.5s; width: 25%;\"></div>\\n\\","utility2-comment -->\\n\\","<h1>\\n\\","<!-- utility2-comment\\n\\","    <a\\n\\","        {{#if env.npm_package_homepage}}\\n\\","        href=\"{{env.npm_package_homepage}}\"\\n\\","        {{/if env.npm_package_homepage}}\\n\\","        target=\"_blank\"\\n\\","    >\\n\\","utility2-comment -->\\n\\","        {{env.npm_package_name}} (v{{env.npm_package_version}})\\n\\","<!-- utility2-comment\\n\\","    </a>\\n\\","utility2-comment -->\\n\\","</h1>\\n\\","<h3>{{env.npm_package_description}}</h3>\\n\\","<!-- utility2-comment\\n\\","<h4><a download href=\"assets.app.js\">download standalone app</a></h4>\\n\\","<button class=\"onclick onreset\" id=\"testRunButton1\">run internal test</button><br>\\n\\","<div id=\"testReportDiv1\" style=\"display: none;\"></div>\\n\\","utility2-comment -->\\n\\","\\n\\","\\n\\","\\n\\","<label>stderr and stdout</label>\\n\\","<textarea class=\"resettable\" id=\"outputTextareaStdout1\" readonly></textarea>\\n\\","<!-- utility2-comment\\n\\","{{#if isRollup}}\\n\\","<script src=\"assets.app.js\"></script>\\n\\","{{#unless isRollup}}\\n\\","utility2-comment -->\\n\\","<script src=\"assets.utility2.rollup.js\"></script>\\n\\","<script src=\"jsonp.utility2._stateInit?callback=window.utility2._stateInit\"></script>\\n\\","<script src=\"assets.npmtest_es5_ext.rollup.js\"></script>\\n\\","<script src=\"assets.example.js\"></script>\\n\\","<script src=\"assets.test.js\"></script>\\n\\","<!-- utility2-comment\\n\\","{{/if isRollup}}\\n\\","utility2-comment -->\\n\\","<div class=\"utility2FooterDiv\">\\n\\","    [ this app was created with\\n\\","    <a href=\"https://github.com/kaizhu256/node-utility2\" target=\"_blank\">utility2</a>\\n\\","    ]\\n\\","</div>\\n\\","</body>\\n\\","</html>\\n\\","';","        /* jslint-ignore-end */","        if (local.templateRender) {","            local.assetsDict['/'] = local.templateRender(","                local.assetsDict['/assets.index.template.html'],","                {","                    env: local.objectSetDefault(local.env, {","                        npm_package_description: 'the greatest app in the world!',","                        npm_package_name: 'my-app',","                        npm_package_nameAlias: 'my_app',","                        npm_package_version: '0.0.1'","                    })","                }","            );","        } else {","            local.assetsDict['/'] = local.assetsDict['/assets.index.template.html']","                .replace((/\\{\\{env\\.(\\w+?)\\}\\}/g), function (match0, match1) {","                    // jslint-hack","                    String(match0);","                    switch (match1) {","                    case 'npm_package_description':","                        return 'the greatest app in the world!';","                    case 'npm_package_name':","                        return 'my-app';","                    case 'npm_package_nameAlias':","                        return 'my_app';","                    case 'npm_package_version':","                        return '0.0.1';","                    }","                });","        }","        // run the cli","        if (local.global.utility2_rollup || module !== require.main) {","            break;","        }","        local.assetsDict['/assets.example.js'] =","            local.assetsDict['/assets.example.js'] ||","            local.fs.readFileSync(__filename, 'utf8');","        local.assetsDict['/assets.npmtest_es5_ext.rollup.js'] =","            local.assetsDict['/assets.npmtest_es5_ext.rollup.js'] ||","            local.fs.readFileSync(","                // buildCustomOrg-hack","                local.npmtest_es5_ext.__dirname +","                    '/lib.npmtest_es5_ext.js',","                'utf8'","            ).replace((/^#!/), '//');","        local.assetsDict['/favicon.ico'] = local.assetsDict['/favicon.ico'] || '';","        // if $npm_config_timeout_exit exists,","        // then exit this process after $npm_config_timeout_exit ms","        if (Number(process.env.npm_config_timeout_exit)) {","            setTimeout(process.exit, Number(process.env.npm_config_timeout_exit));","        }","        // start server","        if (local.global.utility2_serverHttp1) {","            break;","        }","        process.env.PORT = process.env.PORT || '8081';","        console.error('server starting on port ' + process.env.PORT);","        local.http.createServer(function (request, response) {","            request.urlParsed = local.url.parse(request.url);","            if (local.assetsDict[request.urlParsed.pathname] !== undefined) {","                response.end(local.assetsDict[request.urlParsed.pathname]);","                return;","            }","            response.statusCode = 404;","            response.end();","        }).listen(process.env.PORT);","        break;","    }","}());",""],"l":{"26":2,"28":2,"33":2,"35":2,"37":2,"38":2,"39":2,"44":1,"51":2,"55":2,"59":2,"61":2,"69":1,"70":2,"76":2,"79":2,"82":2,"83":2,"85":1,"89":2,"92":1,"93":1,"94":1,"96":1,"97":1,"100":1,"101":1,"103":1,"106":1,"108":2,"114":1,"116":1,"118":1,"123":1,"124":2,"125":2,"126":2,"127":2,"128":2,"129":2,"130":1,"133":2,"134":2,"139":2,"143":1,"144":3,"145":1,"149":1,"150":1,"158":1,"160":1,"161":1,"162":1,"164":1,"166":1,"258":1,"259":1,"271":1,"274":6,"275":6,"277":1,"279":2,"281":1,"283":2,"288":1,"289":1,"291":1,"294":1,"302":1,"305":1,"306":1,"309":1,"310":1,"312":1,"313":1,"314":1,"315":1,"316":1,"317":1,"318":1,"320":1,"321":1,"323":1}},"/home/travis/build/npmtest/node-npmtest-es5-ext/node_modules/es5-ext/index.js":{"path":"/home/travis/build/npmtest/node-npmtest-es5-ext/node_modules/es5-ext/index.js","s":{"1":1},"b":{},"f":{},"fnMap":{},"statementMap":{"1":{"start":{"line":3,"column":0},"end":{"line":18,"column":2}}},"branchMap":{},"code":["'use strict';","","module.exports = {","\tglobal:   require('./global'),","","\tarray:    require('./array'),","\tboolean:  require('./boolean'),","\tdate:     require('./date'),","\terror:    require('./error'),","\tfunction: require('./function'),","\titerable: require('./iterable'),","\tjson:     require('./json'),","\tmath:     require('./math'),","\tnumber:   require('./number'),","\tobject:   require('./object'),","\tregExp:   require('./reg-exp'),","\tstring:   require('./string')","};",""],"l":{"3":1}},"/home/travis/build/npmtest/node-npmtest-es5-ext/node_modules/es5-ext/global.js":{"path":"/home/travis/build/npmtest/node-npmtest-es5-ext/node_modules/es5-ext/global.js","s":{"1":1},"b":{},"f":{},"fnMap":{},"statementMap":{"1":{"start":{"line":3,"column":0},"end":{"line":3,"column":47}}},"branchMap":{},"code":["'use strict';","","module.exports = new Function(\"return this\")();",""],"l":{"3":1}},"/home/travis/build/npmtest/node-npmtest-es5-ext/node_modules/es5-ext/array/index.js":{"path":"/home/travis/build/npmtest/node-npmtest-es5-ext/node_modules/es5-ext/array/index.js","s":{"1":1},"b":{},"f":{},"fnMap":{},"statementMap":{"1":{"start":{"line":3,"column":0},"end":{"line":11,"column":2}}},"branchMap":{},"code":["'use strict';","","module.exports = {","\t'#':          require('./#'),","\tfrom:         require('./from'),","\tgenerate:     require('./generate'),","\tisPlainArray: require('./is-plain-array'),","\tof:           require('./of'),","\ttoArray:      require('./to-array'),","\tvalidArray:   require('./valid-array')","};",""],"l":{"3":1}},"/home/travis/build/npmtest/node-npmtest-es5-ext/node_modules/es5-ext/array/#/index.js":{"path":"/home/travis/build/npmtest/node-npmtest-es5-ext/node_modules/es5-ext/array/#/index.js","s":{"1":1},"b":{},"f":{},"fnMap":{},"statementMap":{"1":{"start":{"line":3,"column":0},"end":{"line":40,"column":2}}},"branchMap":{},"code":["'use strict';","","module.exports = {","\t'@@iterator':   require('./@@iterator'),","\tbinarySearch:   require('./binary-search'),","\tclear:          require('./clear'),","\tcompact:        require('./compact'),","\tconcat:         require('./concat'),","\tcontains:       require('./contains'),","\tcopyWithin:     require('./copy-within'),","\tdiff:           require('./diff'),","\teIndexOf:       require('./e-index-of'),","\teLastIndexOf:   require('./e-last-index-of'),","\tentries:        require('./entries'),","\texclusion:      require('./exclusion'),","\tfill:           require('./fill'),","\tfilter:         require('./filter'),","\tfind:           require('./find'),","\tfindIndex:      require('./find-index'),","\tfirst:          require('./first'),","\tfirstIndex:     require('./first-index'),","\tflatten:        require('./flatten'),","\tforEachRight:   require('./for-each-right'),","\tkeys:           require('./keys'),","\tgroup:          require('./group'),","\tindexesOf:      require('./indexes-of'),","\tintersection:   require('./intersection'),","\tisCopy:         require('./is-copy'),","\tisUniq:         require('./is-uniq'),","\tlast:           require('./last'),","\tlastIndex:      require('./last-index'),","\tmap:            require('./map'),","\tremove:         require('./remove'),","\tseparate:       require('./separate'),","\tslice:          require('./slice'),","\tsomeRight:      require('./some-right'),","\tsplice:         require('./splice'),","\tuniq:           require('./uniq'),","\tvalues:         require('./values')","};",""],"l":{"3":1}},"/home/travis/build/npmtest/node-npmtest-es5-ext/node_modules/es5-ext/array/#/@@iterator/index.js":{"path":"/home/travis/build/npmtest/node-npmtest-es5-ext/node_modules/es5-ext/array/#/@@iterator/index.js","s":{"1":1},"b":{"1":[1,0]},"f":{},"fnMap":{},"statementMap":{"1":{"start":{"line":3,"column":0},"end":{"line":4,"column":71}}},"branchMap":{"1":{"line":3,"type":"cond-expr","locations":[{"start":{"line":4,"column":3},"end":{"line":4,"column":50}},{"start":{"line":4,"column":53},"end":{"line":4,"column":70}}]}},"code":["'use strict';","","module.exports = require('./is-implemented')()","\t? Array.prototype[require('es6-symbol').iterator] : require('./shim');",""],"l":{"3":1}},"/home/travis/build/npmtest/node-npmtest-es5-ext/node_modules/es5-ext/array/#/@@iterator/is-implemented.js":{"path":"/home/travis/build/npmtest/node-npmtest-es5-ext/node_modules/es5-ext/array/#/@@iterator/is-implemented.js","s":{"1":1,"2":1,"3":1,"4":1,"5":0,"6":1,"7":1,"8":0,"9":1,"10":0,"11":1,"12":1,"13":0,"14":1,"15":0,"16":1,"17":0,"18":1},"b":{"1":[0,1],"2":[0,1],"3":[0,1],"4":[0,1],"5":[0,1],"6":[0,1]},"f":{"1":1},"fnMap":{"1":{"name":"(anonymous_1)","line":5,"loc":{"start":{"line":5,"column":17},"end":{"line":5,"column":29}}}},"statementMap":{"1":{"start":{"line":3,"column":0},"end":{"line":3,"column":52}},"2":{"start":{"line":5,"column":0},"end":{"line":16,"column":2}},"3":{"start":{"line":6,"column":1},"end":{"line":6,"column":40}},"4":{"start":{"line":7,"column":1},"end":{"line":7,"column":61}},"5":{"start":{"line":7,"column":48},"end":{"line":7,"column":61}},"6":{"start":{"line":8,"column":1},"end":{"line":8,"column":34}},"7":{"start":{"line":9,"column":1},"end":{"line":9,"column":29}},"8":{"start":{"line":9,"column":16},"end":{"line":9,"column":29}},"9":{"start":{"line":10,"column":1},"end":{"line":10,"column":55}},"10":{"start":{"line":10,"column":42},"end":{"line":10,"column":55}},"11":{"start":{"line":11,"column":1},"end":{"line":11,"column":26}},"12":{"start":{"line":12,"column":1},"end":{"line":12,"column":27}},"13":{"start":{"line":12,"column":14},"end":{"line":12,"column":27}},"14":{"start":{"line":13,"column":1},"end":{"line":13,"column":42}},"15":{"start":{"line":13,"column":29},"end":{"line":13,"column":42}},"16":{"start":{"line":14,"column":1},"end":{"line":14,"column":41}},"17":{"start":{"line":14,"column":28},"end":{"line":14,"column":41}},"18":{"start":{"line":15,"column":1},"end":{"line":15,"column":13}}},"branchMap":{"1":{"line":7,"type":"if","locations":[{"start":{"line":7,"column":1},"end":{"line":7,"column":1}},{"start":{"line":7,"column":1},"end":{"line":7,"column":1}}]},"2":{"line":9,"type":"if","locations":[{"start":{"line":9,"column":1},"end":{"line":9,"column":1}},{"start":{"line":9,"column":1},"end":{"line":9,"column":1}}]},"3":{"line":10,"type":"if","locations":[{"start":{"line":10,"column":1},"end":{"line":10,"column":1}},{"start":{"line":10,"column":1},"end":{"line":10,"column":1}}]},"4":{"line":12,"type":"if","locations":[{"start":{"line":12,"column":1},"end":{"line":12,"column":1}},{"start":{"line":12,"column":1},"end":{"line":12,"column":1}}]},"5":{"line":13,"type":"if","locations":[{"start":{"line":13,"column":1},"end":{"line":13,"column":1}},{"start":{"line":13,"column":1},"end":{"line":13,"column":1}}]},"6":{"line":14,"type":"if","locations":[{"start":{"line":14,"column":1},"end":{"line":14,"column":1}},{"start":{"line":14,"column":1},"end":{"line":14,"column":1}}]}},"code":["'use strict';","","var iteratorSymbol = require('es6-symbol').iterator;","","module.exports = function () {","\tvar arr = ['foo', 1], iterator, result;","\tif (typeof arr[iteratorSymbol] !== 'function') return false;","\titerator = arr[iteratorSymbol]();","\tif (!iterator) return false;","\tif (typeof iterator.next !== 'function') return false;","\tresult = iterator.next();","\tif (!result) return false;","\tif (result.value !== 'foo') return false;","\tif (result.done !== false) return false;","\treturn true;","};",""],"l":{"3":1,"5":1,"6":1,"7":1,"8":1,"9":1,"10":1,"11":1,"12":1,"13":1,"14":1,"15":1}},"/home/travis/build/npmtest/node-npmtest-es5-ext/node_modules/es5-ext/array/#/binary-search.js":{"path":"/home/travis/build/npmtest/node-npmtest-es5-ext/node_modules/es5-ext/array/#/binary-search.js","s":{"1":1,"2":1,"3":0,"4":0,"5":0,"6":0,"7":0,"8":0,"9":0,"10":0,"11":0,"12":0,"13":0,"14":0,"15":0,"16":0,"17":0,"18":0},"b":{"1":[0,0],"2":[0,0],"3":[0,0]},"f":{"1":0},"fnMap":{"1":{"name":"(anonymous_1)","line":9,"loc":{"start":{"line":9,"column":17},"end":{"line":9,"column":38}}}},"statementMap":{"1":{"start":{"line":3,"column":0},"end":{"line":7,"column":26}},"2":{"start":{"line":9,"column":0},"end":{"line":28,"column":2}},"3":{"start":{"line":10,"column":1},"end":{"line":10,"column":31}},"4":{"start":{"line":12,"column":1},"end":{"line":12,"column":13}},"5":{"start":{"line":13,"column":1},"end":{"line":13,"column":21}},"6":{"start":{"line":15,"column":1},"end":{"line":15,"column":32}},"7":{"start":{"line":16,"column":1},"end":{"line":16,"column":9}},"8":{"start":{"line":17,"column":1},"end":{"line":17,"column":19}},"9":{"start":{"line":19,"column":1},"end":{"line":23,"column":2}},"10":{"start":{"line":20,"column":2},"end":{"line":20,"column":35}},"11":{"start":{"line":21,"column":2},"end":{"line":22,"column":24}},"12":{"start":{"line":21,"column":35},"end":{"line":21,"column":53}},"13":{"start":{"line":22,"column":7},"end":{"line":22,"column":24}},"14":{"start":{"line":25,"column":1},"end":{"line":25,"column":24}},"15":{"start":{"line":25,"column":15},"end":{"line":25,"column":24}},"16":{"start":{"line":26,"column":1},"end":{"line":26,"column":39}},"17":{"start":{"line":26,"column":21},"end":{"line":26,"column":39}},"18":{"start":{"line":27,"column":1},"end":{"line":27,"column":13}}},"branchMap":{"1":{"line":21,"type":"if","locations":[{"start":{"line":21,"column":2},"end":{"line":21,"column":2}},{"start":{"line":21,"column":2},"end":{"line":21,"column":2}}]},"2":{"line":25,"type":"if","locations":[{"start":{"line":25,"column":1},"end":{"line":25,"column":1}},{"start":{"line":25,"column":1},"end":{"line":25,"column":1}}]},"3":{"line":26,"type":"if","locations":[{"start":{"line":26,"column":1},"end":{"line":26,"column":1}},{"start":{"line":26,"column":1},"end":{"line":26,"column":1}}]}},"code":["'use strict';","","var toPosInt = require('../../number/to-pos-integer')","  , callable = require('../../object/valid-callable')","  , value    = require('../../object/valid-value')","","  , floor    = Math.floor;","","module.exports = function (compareFn) {","\tvar length, low, high, middle;","","\tvalue(this);","\tcallable(compareFn);","","\tlength = toPosInt(this.length);","\tlow = 0;","\thigh = length - 1;","","\twhile (low <= high) {","\t\tmiddle = floor((low + high) / 2);","\t\tif (compareFn(this[middle]) < 0) high = middle - 1;","\t\telse low = middle + 1;","\t}","","\tif (high < 0) return 0;","\tif (high >= length) return length - 1;","\treturn high;","};",""],"l":{"3":1,"9":1,"10":0,"12":0,"13":0,"15":0,"16":0,"17":0,"19":0,"20":0,"21":0,"22":0,"25":0,"26":0,"27":0}},"/home/travis/build/npmtest/node-npmtest-es5-ext/node_modules/es5-ext/number/to-pos-integer.js":{"path":"/home/travis/build/npmtest/node-npmtest-es5-ext/node_modules/es5-ext/number/to-pos-integer.js","s":{"1":1,"2":1,"3":0},"b":{},"f":{"1":0},"fnMap":{"1":{"name":"(anonymous_1)","line":7,"loc":{"start":{"line":7,"column":17},"end":{"line":7,"column":34}}}},"statementMap":{"1":{"start":{"line":3,"column":0},"end":{"line":5,"column":19}},"2":{"start":{"line":7,"column":0},"end":{"line":7,"column":71}},"3":{"start":{"line":7,"column":36},"end":{"line":7,"column":68}}},"branchMap":{},"code":["'use strict';","","var toInteger = require('./to-integer')","","  , max = Math.max;","","module.exports = function (value) { return max(0, toInteger(value)); };",""],"l":{"3":1,"7":1}},"/home/travis/build/npmtest/node-npmtest-es5-ext/node_modules/es5-ext/number/to-integer.js":{"path":"/home/travis/build/npmtest/node-npmtest-es5-ext/node_modules/es5-ext/number/to-integer.js","s":{"1":1,"2":1,"3":0,"4":0,"5":0,"6":0,"7":0,"8":0},"b":{"1":[0,0],"2":[0,0],"3":[0,0]},"f":{"1":0},"fnMap":{"1":{"name":"(anonymous_1)","line":7,"loc":{"start":{"line":7,"column":17},"end":{"line":7,"column":34}}}},"statementMap":{"1":{"start":{"line":3,"column":0},"end":{"line":5,"column":39}},"2":{"start":{"line":7,"column":0},"end":{"line":12,"column":2}},"3":{"start":{"line":8,"column":1},"end":{"line":8,"column":28}},"4":{"start":{"line":8,"column":19},"end":{"line":8,"column":28}},"5":{"start":{"line":9,"column":1},"end":{"line":9,"column":23}},"6":{"start":{"line":10,"column":1},"end":{"line":10,"column":53}},"7":{"start":{"line":10,"column":40},"end":{"line":10,"column":53}},"8":{"start":{"line":11,"column":1},"end":{"line":11,"column":40}}},"branchMap":{"1":{"line":8,"type":"if","locations":[{"start":{"line":8,"column":1},"end":{"line":8,"column":1}},{"start":{"line":8,"column":1},"end":{"line":8,"column":1}}]},"2":{"line":10,"type":"if","locations":[{"start":{"line":10,"column":1},"end":{"line":10,"column":1}},{"start":{"line":10,"column":1},"end":{"line":10,"column":1}}]},"3":{"line":10,"type":"binary-expr","locations":[{"start":{"line":10,"column":6},"end":{"line":10,"column":17}},{"start":{"line":10,"column":22},"end":{"line":10,"column":38}}]}},"code":["'use strict';","","var sign = require('../math/sign')","","  , abs = Math.abs, floor = Math.floor;","","module.exports = function (value) {","\tif (isNaN(value)) return 0;","\tvalue = Number(value);","\tif ((value === 0) || !isFinite(value)) return value;","\treturn sign(value) * floor(abs(value));","};",""],"l":{"3":1,"7":1,"8":0,"9":0,"10":0,"11":0}},"/home/travis/build/npmtest/node-npmtest-es5-ext/node_modules/es5-ext/math/sign/index.js":{"path":"/home/travis/build/npmtest/node-npmtest-es5-ext/node_modules/es5-ext/math/sign/index.js","s":{"1":1},"b":{"1":[1,0]},"f":{},"fnMap":{},"statementMap":{"1":{"start":{"line":3,"column":0},"end":{"line":5,"column":21}}},"branchMap":{"1":{"line":3,"type":"cond-expr","locations":[{"start":{"line":4,"column":3},"end":{"line":4,"column":12}},{"start":{"line":5,"column":3},"end":{"line":5,"column":20}}]}},"code":["'use strict';","","module.exports = require('./is-implemented')()","\t? Math.sign","\t: require('./shim');",""],"l":{"3":1}},"/home/travis/build/npmtest/node-npmtest-es5-ext/node_modules/es5-ext/math/sign/is-implemented.js":{"path":"/home/travis/build/npmtest/node-npmtest-es5-ext/node_modules/es5-ext/math/sign/is-implemented.js","s":{"1":1,"2":1,"3":1,"4":0,"5":1},"b":{"1":[0,1],"2":[1,1]},"f":{"1":1},"fnMap":{"1":{"name":"(anonymous_1)","line":3,"loc":{"start":{"line":3,"column":17},"end":{"line":3,"column":29}}}},"statementMap":{"1":{"start":{"line":3,"column":0},"end":{"line":7,"column":2}},"2":{"start":{"line":4,"column":1},"end":{"line":4,"column":22}},"3":{"start":{"line":5,"column":1},"end":{"line":5,"column":46}},"4":{"start":{"line":5,"column":33},"end":{"line":5,"column":46}},"5":{"start":{"line":6,"column":1},"end":{"line":6,"column":49}}},"branchMap":{"1":{"line":5,"type":"if","locations":[{"start":{"line":5,"column":1},"end":{"line":5,"column":1}},{"start":{"line":5,"column":1},"end":{"line":5,"column":1}}]},"2":{"line":6,"type":"binary-expr","locations":[{"start":{"line":6,"column":10},"end":{"line":6,"column":24}},{"start":{"line":6,"column":30},"end":{"line":6,"column":46}}]}},"code":["'use strict';","","module.exports = function () {","\tvar sign = Math.sign;","\tif (typeof sign !== 'function') return false;","\treturn ((sign(10) === 1) && (sign(-20) === -1));","};",""],"l":{"3":1,"4":1,"5":1,"6":1}},"/home/travis/build/npmtest/node-npmtest-es5-ext/node_modules/es5-ext/object/valid-callable.js":{"path":"/home/travis/build/npmtest/node-npmtest-es5-ext/node_modules/es5-ext/object/valid-callable.js","s":{"1":1,"2":5,"3":0,"4":5},"b":{"1":[0,5]},"f":{"1":5},"fnMap":{"1":{"name":"(anonymous_1)","line":3,"loc":{"start":{"line":3,"column":17},"end":{"line":3,"column":31}}}},"statementMap":{"1":{"start":{"line":3,"column":0},"end":{"line":6,"column":2}},"2":{"start":{"line":4,"column":1},"end":{"line":4,"column":78}},"3":{"start":{"line":4,"column":31},"end":{"line":4,"column":78}},"4":{"start":{"line":5,"column":1},"end":{"line":5,"column":11}}},"branchMap":{"1":{"line":4,"type":"if","locations":[{"start":{"line":4,"column":1},"end":{"line":4,"column":1}},{"start":{"line":4,"column":1},"end":{"line":4,"column":1}}]}},"code":["'use strict';","","module.exports = function (fn) {","\tif (typeof fn !== 'function') throw new TypeError(fn + \" is not a function\");","\treturn fn;","};",""],"l":{"3":1,"4":5,"5":5}},"/home/travis/build/npmtest/node-npmtest-es5-ext/node_modules/es5-ext/object/valid-value.js":{"path":"/home/travis/build/npmtest/node-npmtest-es5-ext/node_modules/es5-ext/object/valid-value.js","s":{"1":1,"2":8,"3":0,"4":8},"b":{"1":[0,8]},"f":{"1":8},"fnMap":{"1":{"name":"(anonymous_1)","line":3,"loc":{"start":{"line":3,"column":17},"end":{"line":3,"column":34}}}},"statementMap":{"1":{"start":{"line":3,"column":0},"end":{"line":6,"column":2}},"2":{"start":{"line":4,"column":1},"end":{"line":4,"column":72}},"3":{"start":{"line":4,"column":20},"end":{"line":4,"column":72}},"4":{"start":{"line":5,"column":1},"end":{"line":5,"column":14}}},"branchMap":{"1":{"line":4,"type":"if","locations":[{"start":{"line":4,"column":1},"end":{"line":4,"column":1}},{"start":{"line":4,"column":1},"end":{"line":4,"column":1}}]}},"code":["'use strict';","","module.exports = function (value) {","\tif (value == null) throw new TypeError(\"Cannot use null or undefined\");","\treturn value;","};",""],"l":{"3":1,"4":8,"5":8}},"/home/travis/build/npmtest/node-npmtest-es5-ext/node_modules/es5-ext/array/#/clear.js":{"path":"/home/travis/build/npmtest/node-npmtest-es5-ext/node_modules/es5-ext/array/#/clear.js","s":{"1":1,"2":1,"3":0,"4":0},"b":{},"f":{"1":0},"fnMap":{"1":{"name":"(anonymous_1)","line":9,"loc":{"start":{"line":9,"column":17},"end":{"line":9,"column":29}}}},"statementMap":{"1":{"start":{"line":7,"column":0},"end":{"line":7,"column":48}},"2":{"start":{"line":9,"column":0},"end":{"line":12,"column":2}},"3":{"start":{"line":10,"column":1},"end":{"line":10,"column":24}},"4":{"start":{"line":11,"column":1},"end":{"line":11,"column":13}}},"branchMap":{},"code":["// Inspired by Google Closure:","// http://closure-library.googlecode.com/svn/docs/","// closure_goog_array_array.js.html#goog.array.clear","","'use strict';","","var value = require('../../object/valid-value');","","module.exports = function () {","\tvalue(this).length = 0;","\treturn this;","};",""],"l":{"7":1,"9":1,"10":0,"11":0}},"/home/travis/build/npmtest/node-npmtest-es5-ext/node_modules/es5-ext/array/#/compact.js":{"path":"/home/travis/build/npmtest/node-npmtest-es5-ext/node_modules/es5-ext/array/#/compact.js","s":{"1":1,"2":1,"3":0,"4":0},"b":{},"f":{"1":0,"2":0},"fnMap":{"1":{"name":"(anonymous_1)","line":7,"loc":{"start":{"line":7,"column":17},"end":{"line":7,"column":29}}},"2":{"name":"(anonymous_2)","line":8,"loc":{"start":{"line":8,"column":26},"end":{"line":8,"column":41}}}},"statementMap":{"1":{"start":{"line":5,"column":0},"end":{"line":5,"column":36}},"2":{"start":{"line":7,"column":0},"end":{"line":9,"column":2}},"3":{"start":{"line":8,"column":1},"end":{"line":8,"column":66}},"4":{"start":{"line":8,"column":43},"end":{"line":8,"column":62}}},"branchMap":{},"code":["// Inspired by: http://documentcloud.github.com/underscore/#compact","","'use strict';","","var filter = Array.prototype.filter;","","module.exports = function () {","\treturn filter.call(this, function (val) { return val != null; });","};",""],"l":{"5":1,"7":1,"8":0}},"/home/travis/build/npmtest/node-npmtest-es5-ext/node_modules/es5-ext/array/#/concat/index.js":{"path":"/home/travis/build/npmtest/node-npmtest-es5-ext/node_modules/es5-ext/array/#/concat/index.js","s":{"1":1},"b":{"1":[1,0]},"f":{},"fnMap":{},"statementMap":{"1":{"start":{"line":3,"column":0},"end":{"line":4,"column":45}}},"branchMap":{"1":{"line":3,"type":"cond-expr","locations":[{"start":{"line":4,"column":2},"end":{"line":4,"column":24}},{"start":{"line":4,"column":27},"end":{"line":4,"column":44}}]}},"code":["'use strict';","","module.exports = require('./is-implemented')() ?","\t\tArray.prototype.concat : require('./shim');",""],"l":{"3":1}},"/home/travis/build/npmtest/node-npmtest-es5-ext/node_modules/es5-ext/array/#/concat/is-implemented.js":{"path":"/home/travis/build/npmtest/node-npmtest-es5-ext/node_modules/es5-ext/array/#/concat/is-implemented.js","s":{"1":1,"2":1,"3":1},"b":{},"f":{"1":1},"fnMap":{"1":{"name":"(anonymous_1)","line":5,"loc":{"start":{"line":5,"column":17},"end":{"line":5,"column":29}}}},"statementMap":{"1":{"start":{"line":3,"column":0},"end":{"line":3,"column":54}},"2":{"start":{"line":5,"column":0},"end":{"line":7,"column":2}},"3":{"start":{"line":6,"column":1},"end":{"line":6,"column":59}}},"branchMap":{},"code":["'use strict';","","var SubArray = require('../../_sub-array-dummy-safe');","","module.exports = function () {","\treturn (new SubArray()).concat('foo') instanceof SubArray;","};",""],"l":{"3":1,"5":1,"6":1}},"/home/travis/build/npmtest/node-npmtest-es5-ext/node_modules/es5-ext/array/_sub-array-dummy-safe.js":{"path":"/home/travis/build/npmtest/node-npmtest-es5-ext/node_modules/es5-ext/array/_sub-array-dummy-safe.js","s":{"1":1,"2":1,"3":1,"4":1,"5":0,"6":1,"7":0,"8":1,"9":10,"10":10,"11":10,"12":1,"13":1,"14":1},"b":{"1":[0,1],"2":[0,1]},"f":{"1":1,"2":10},"fnMap":{"1":{"name":"(anonymous_1)","line":6,"loc":{"start":{"line":6,"column":18},"end":{"line":6,"column":30}}},"2":{"name":"(anonymous_2)","line":12,"loc":{"start":{"line":12,"column":12},"end":{"line":12,"column":24}}}},"statementMap":{"1":{"start":{"line":3,"column":0},"end":{"line":4,"column":49}},"2":{"start":{"line":6,"column":0},"end":{"line":23,"column":5}},"3":{"start":{"line":7,"column":1},"end":{"line":7,"column":14}},"4":{"start":{"line":9,"column":1},"end":{"line":9,"column":56}},"5":{"start":{"line":9,"column":19},"end":{"line":9,"column":56}},"6":{"start":{"line":11,"column":1},"end":{"line":11,"column":34}},"7":{"start":{"line":11,"column":22},"end":{"line":11,"column":34}},"8":{"start":{"line":12,"column":1},"end":{"line":16,"column":3}},"9":{"start":{"line":13,"column":2},"end":{"line":13,"column":41}},"10":{"start":{"line":14,"column":2},"end":{"line":14,"column":42}},"11":{"start":{"line":15,"column":2},"end":{"line":15,"column":13}},"12":{"start":{"line":17,"column":1},"end":{"line":17,"column":33}},"13":{"start":{"line":18,"column":1},"end":{"line":21,"column":4}},"14":{"start":{"line":22,"column":1},"end":{"line":22,"column":17}}},"branchMap":{"1":{"line":9,"type":"if","locations":[{"start":{"line":9,"column":1},"end":{"line":9,"column":1}},{"start":{"line":9,"column":1},"end":{"line":9,"column":1}}]},"2":{"line":11,"type":"if","locations":[{"start":{"line":11,"column":1},"end":{"line":11,"column":1}},{"start":{"line":11,"column":1},"end":{"line":11,"column":1}}]}},"code":["'use strict';","","var setPrototypeOf = require('../object/set-prototype-of')","  , isExtensible   = require('./_is-extensible');","","module.exports = (function () {","\tvar SubArray;","","\tif (isExtensible) return require('./_sub-array-dummy');","","\tif (!setPrototypeOf) return null;","\tSubArray = function () {","\t\tvar arr = Array.apply(this, arguments);","\t\tsetPrototypeOf(arr, SubArray.prototype);","\t\treturn arr;","\t};","\tsetPrototypeOf(SubArray, Array);","\tSubArray.prototype = Object.create(Array.prototype, {","\t\tconstructor: { value: SubArray, enumerable: false, writable: true,","\t\t\tconfigurable: true }","\t});","\treturn SubArray;","}());",""],"l":{"3":1,"6":1,"7":1,"9":1,"11":1,"12":1,"13":10,"14":10,"15":10,"17":1,"18":1,"22":1}},"/home/travis/build/npmtest/node-npmtest-es5-ext/node_modules/es5-ext/object/set-prototype-of/index.js":{"path":"/home/travis/build/npmtest/node-npmtest-es5-ext/node_modules/es5-ext/object/set-prototype-of/index.js","s":{"1":1},"b":{"1":[1,0]},"f":{},"fnMap":{},"statementMap":{"1":{"start":{"line":3,"column":0},"end":{"line":5,"column":21}}},"branchMap":{"1":{"line":3,"type":"cond-expr","locations":[{"start":{"line":4,"column":3},"end":{"line":4,"column":24}},{"start":{"line":5,"column":3},"end":{"line":5,"column":20}}]}},"code":["'use strict';","","module.exports = require('./is-implemented')()","\t? Object.setPrototypeOf","\t: require('./shim');",""],"l":{"3":1}},"/home/travis/build/npmtest/node-npmtest-es5-ext/node_modules/es5-ext/object/set-prototype-of/is-implemented.js":{"path":"/home/travis/build/npmtest/node-npmtest-es5-ext/node_modules/es5-ext/object/set-prototype-of/is-implemented.js","s":{"1":1,"2":1,"3":2,"4":2,"5":0,"6":2},"b":{"1":[2,2],"2":[0,2]},"f":{"1":2},"fnMap":{"1":{"name":"(anonymous_1)","line":6,"loc":{"start":{"line":6,"column":17},"end":{"line":6,"column":45}}}},"statementMap":{"1":{"start":{"line":3,"column":0},"end":{"line":4,"column":11}},"2":{"start":{"line":6,"column":0},"end":{"line":11,"column":2}},"3":{"start":{"line":7,"column":1},"end":{"line":8,"column":43}},"4":{"start":{"line":9,"column":1},"end":{"line":9,"column":56}},"5":{"start":{"line":9,"column":43},"end":{"line":9,"column":56}},"6":{"start":{"line":10,"column":1},"end":{"line":10,"column":68}}},"branchMap":{"1":{"line":8,"type":"binary-expr","locations":[{"start":{"line":8,"column":20},"end":{"line":8,"column":32}},{"start":{"line":8,"column":36},"end":{"line":8,"column":42}}]},"2":{"line":9,"type":"if","locations":[{"start":{"line":9,"column":1},"end":{"line":9,"column":1}},{"start":{"line":9,"column":1},"end":{"line":9,"column":1}}]}},"code":["'use strict';","","var create = Object.create, getPrototypeOf = Object.getPrototypeOf","  , x = {};","","module.exports = function (/*customCreate*/) {","\tvar setPrototypeOf = Object.setPrototypeOf","\t  , customCreate = arguments[0] || create;","\tif (typeof setPrototypeOf !== 'function') return false;","\treturn getPrototypeOf(setPrototypeOf(customCreate(null), x)) === x;","};",""],"l":{"3":1,"6":1,"7":2,"9":2,"10":2}},"/home/travis/build/npmtest/node-npmtest-es5-ext/node_modules/es5-ext/array/_is-extensible.js":{"path":"/home/travis/build/npmtest/node-npmtest-es5-ext/node_modules/es5-ext/array/_is-extensible.js","s":{"1":1,"2":1,"3":1,"4":0,"5":1,"6":1,"7":1,"8":0,"9":0,"10":0,"11":0},"b":{"1":[0,1],"2":[1,0],"3":[0,0]},"f":{"1":1},"fnMap":{"1":{"name":"(anonymous_1)","line":3,"loc":{"start":{"line":3,"column":18},"end":{"line":3,"column":30}}}},"statementMap":{"1":{"start":{"line":3,"column":0},"end":{"line":13,"column":5}},"2":{"start":{"line":4,"column":1},"end":{"line":4,"column":51}},"3":{"start":{"line":6,"column":1},"end":{"line":6,"column":29}},"4":{"start":{"line":6,"column":16},"end":{"line":6,"column":29}},"5":{"start":{"line":7,"column":1},"end":{"line":7,"column":22}},"6":{"start":{"line":8,"column":1},"end":{"line":8,"column":39}},"7":{"start":{"line":8,"column":26},"end":{"line":8,"column":39}},"8":{"start":{"line":9,"column":1},"end":{"line":9,"column":46}},"9":{"start":{"line":9,"column":33},"end":{"line":9,"column":46}},"10":{"start":{"line":11,"column":1},"end":{"line":11,"column":17}},"11":{"start":{"line":12,"column":1},"end":{"line":12,"column":28}}},"branchMap":{"1":{"line":6,"type":"if","locations":[{"start":{"line":6,"column":1},"end":{"line":6,"column":1}},{"start":{"line":6,"column":1},"end":{"line":6,"column":1}}]},"2":{"line":8,"type":"if","locations":[{"start":{"line":8,"column":1},"end":{"line":8,"column":1}},{"start":{"line":8,"column":1},"end":{"line":8,"column":1}}]},"3":{"line":9,"type":"if","locations":[{"start":{"line":9,"column":1},"end":{"line":9,"column":1}},{"start":{"line":9,"column":1},"end":{"line":9,"column":1}}]}},"code":["'use strict';","","module.exports = (function () {","\tvar SubArray = require('./_sub-array-dummy'), arr;","","\tif (!SubArray) return false;","\tarr = new SubArray();","\tif (!Array.isArray(arr)) return false;","\tif (!(arr instanceof SubArray)) return false;","","\tarr[34] = 'foo';","\treturn (arr.length === 35);","}());",""],"l":{"3":1,"4":1,"6":1,"7":1,"8":1,"9":0,"11":0,"12":0}},"/home/travis/build/npmtest/node-npmtest-es5-ext/node_modules/es5-ext/array/_sub-array-dummy.js":{"path":"/home/travis/build/npmtest/node-npmtest-es5-ext/node_modules/es5-ext/array/_sub-array-dummy.js","s":{"1":1,"2":1,"3":1,"4":1,"5":0,"6":1,"7":1,"8":1,"9":1,"10":1},"b":{"1":[0,1]},"f":{"1":1,"2":1},"fnMap":{"1":{"name":"(anonymous_1)","line":5,"loc":{"start":{"line":5,"column":18},"end":{"line":5,"column":30}}},"2":{"name":"(anonymous_2)","line":9,"loc":{"start":{"line":9,"column":12},"end":{"line":9,"column":24}}}},"statementMap":{"1":{"start":{"line":3,"column":0},"end":{"line":3,"column":59}},"2":{"start":{"line":5,"column":0},"end":{"line":16,"column":5}},"3":{"start":{"line":6,"column":1},"end":{"line":6,"column":14}},"4":{"start":{"line":8,"column":1},"end":{"line":8,"column":34}},"5":{"start":{"line":8,"column":22},"end":{"line":8,"column":34}},"6":{"start":{"line":9,"column":1},"end":{"line":9,"column":58}},"7":{"start":{"line":9,"column":26},"end":{"line":9,"column":55}},"8":{"start":{"line":10,"column":1},"end":{"line":10,"column":33}},"9":{"start":{"line":11,"column":1},"end":{"line":14,"column":4}},"10":{"start":{"line":15,"column":1},"end":{"line":15,"column":17}}},"branchMap":{"1":{"line":8,"type":"if","locations":[{"start":{"line":8,"column":1},"end":{"line":8,"column":1}},{"start":{"line":8,"column":1},"end":{"line":8,"column":1}}]}},"code":["'use strict';","","var setPrototypeOf = require('../object/set-prototype-of');","","module.exports = (function () {","\tvar SubArray;","","\tif (!setPrototypeOf) return null;","\tSubArray = function () { Array.apply(this, arguments); };","\tsetPrototypeOf(SubArray, Array);","\tSubArray.prototype = Object.create(Array.prototype, {","\t\tconstructor: { value: SubArray, enumerable: false, writable: true,","\t\t\tconfigurable: true }","\t});","\treturn SubArray;","}());",""],"l":{"3":1,"5":1,"6":1,"8":1,"9":1,"10":1,"11":1,"15":1}},"/home/travis/build/npmtest/node-npmtest-es5-ext/node_modules/es5-ext/array/#/contains.js":{"path":"/home/travis/build/npmtest/node-npmtest-es5-ext/node_modules/es5-ext/array/#/contains.js","s":{"1":1,"2":1,"3":0},"b":{},"f":{"1":0},"fnMap":{"1":{"name":"(anonymous_1)","line":5,"loc":{"start":{"line":5,"column":17},"end":{"line":5,"column":56}}}},"statementMap":{"1":{"start":{"line":3,"column":0},"end":{"line":3,"column":38}},"2":{"start":{"line":5,"column":0},"end":{"line":7,"column":2}},"3":{"start":{"line":6,"column":1},"end":{"line":6,"column":61}}},"branchMap":{},"code":["'use strict';","","var indexOf = require('./e-index-of');","","module.exports = function (searchElement/*, position*/) {","\treturn indexOf.call(this, searchElement, arguments[1]) > -1;","};",""],"l":{"3":1,"5":1,"6":0}},"/home/travis/build/npmtest/node-npmtest-es5-ext/node_modules/es5-ext/array/#/e-index-of.js":{"path":"/home/travis/build/
[...]
line":7,"column":42}},{"start":{"line":8,"column":3},"end":{"line":8,"column":33}}]}},"code":["'use strict';","","var str = 'razdwatrzy';","","module.exports = function () {","\tif (typeof str.startsWith !== 'function') return false;","\treturn ((str.startsWith('trzy') === false) &&","\t\t(str.startsWith('raz') === true));","};",""],"l":{"3":1,"5":1,"6":1,"7":1}},"/home/travis/build/npmtest/node-npmtest-es5-ext/node_modules/es5-ext/string/#/uncapitalize.js":{"path":"/home/travis/build/npmtest/node-npmtest-es5-ext/node_modules/es5-ext/string/#/uncapitalize.js","s":{"1":1,"2":1,"3":0,"4":0},"b":{},"f":{"1":0},"fnMap":{"1":{"name":"(anonymous_1)","line":5,"loc":{"start":{"line":5,"column":17},"end":{"line":5,"column":29}}}},"statementMap":{"1":{"start":{"line":3,"column":0},"end":{"line":3,"column":79}},"2":{"start":{"line":5,"column":0},"end":{"line":8,"column":2}},"3":{"start":{"line":6,"column":1},"end":{"line":6,"column":37}},"4":{"start":{"line":7,"column":1},"end":{"line":7,"column":51}}},"branchMap":{},"code":["'use strict';","","var ensureStringifiable = require('../../object/validate-stringifiable-value');","","module.exports = function () {","\tvar str = ensureStringifiable(this);","\treturn str.charAt(0).toLowerCase() + str.slice(1);","};",""],"l":{"3":1,"5":1,"6":0,"7":0}},"/home/travis/build/npmtest/node-npmtest-es5-ext/node_modules/es5-ext/string/from-code-point/index.js":{"path":"/home/travis/build/npmtest/node-npmtest-es5-ext/node_modules/es5-ext/string/from-code-point/index.js","s":{"1":1},"b":{"1":[1,0]},"f":{},"fnMap":{},"statementMap":{"1":{"start":{"line":3,"column":0},"end":{"line":5,"column":21}}},"branchMap":{"1":{"line":3,"type":"cond-expr","locations":[{"start":{"line":4,"column":3},"end":{"line":4,"column":23}},{"start":{"line":5,"column":3},"end":{"line":5,"column":20}}]}},"code":["'use strict';","","module.exports = require('./is-implemented')()","\t? String.fromCodePoint","\t: require('./shim');",""],"l":{"3":1}},"/home/travis/build/npmtest/node-npmtest-es5-ext/node_modules/es5-ext/string/from-code-point/is-implemented.js":{"path":"/home/travis/build/npmtest/node-npmtest-es5-ext/node_modules/es5-ext/string/from-code-point/is-implemented.js","s":{"1":1,"2":1,"3":1,"4":0,"5":1},"b":{"1":[0,1]},"f":{"1":1},"fnMap":{"1":{"name":"(anonymous_1)","line":3,"loc":{"start":{"line":3,"column":17},"end":{"line":3,"column":29}}}},"statementMap":{"1":{"start":{"line":3,"column":0},"end":{"line":7,"column":2}},"2":{"start":{"line":4,"column":1},"end":{"line":4,"column":42}},"3":{"start":{"line":5,"column":1},"end":{"line":5,"column":55}},"4":{"start":{"line":5,"column":42},"end":{"line":5,"column":55}},"5":{"start":{"line":6,"column":1},"end":{"line":6,"column":78}}},"branchMap":{"1":{"line":5,"type":"if","locations":[{"start":{"line":5,"column":1},"end":{"line":5,"column":1}},{"start":{"line":5,"column":1},"end":{"line":5,"column":1}}]}},"code":["'use strict';","","module.exports = function () {","\tvar fromCodePoint = String.fromCodePoint;","\tif (typeof fromCodePoint !== 'function') return false;","\treturn fromCodePoint(0x1D306, 0x61, 0x1D307) === '\\ud834\\udf06a\\ud834\\udf07';","};",""],"l":{"3":1,"4":1,"5":1,"6":1}},"/home/travis/build/npmtest/node-npmtest-es5-ext/node_modules/es5-ext/string/random-uniq.js":{"path":"/home/travis/build/npmtest/node-npmtest-es5-ext/node_modules/es5-ext/string/random-uniq.js","s":{"1":1,"2":1,"3":0,"4":0,"5":0,"6":0},"b":{},"f":{"1":0},"fnMap":{"1":{"name":"(anonymous_1)","line":7,"loc":{"start":{"line":7,"column":17},"end":{"line":7,"column":29}}}},"statementMap":{"1":{"start":{"line":3,"column":0},"end":{"line":5,"column":25}},"2":{"start":{"line":7,"column":0},"end":{"line":11,"column":2}},"3":{"start":{"line":8,"column":1},"end":{"line":8,"column":9}},"4":{"start":{"line":9,"column":1},"end":{"line":9,"column":69}},"5":{"start":{"line":9,"column":6},"end":{"line":9,"column":43}},"6":{"start":{"line":10,"column":1},"end":{"line":10,"column":12}}},"branchMap":{},"code":["'use strict';","","var generated = Object.create(null)","","  , random = Math.random;","","module.exports = function () {","\tvar str;","\tdo { str = random().toString(36).slice(2); } while (generated[str]);","\treturn str;","};",""],"l":{"3":1,"7":1,"8":0,"9":0,"10":0}},"/home/travis/build/npmtest/node-npmtest-es5-ext/node_modules/es5-ext/string/raw/index.js":{"path":"/home/travis/build/npmtest/node-npmtest-es5-ext/node_modules/es5-ext/string/raw/index.js","s":{"1":1},"b":{"1":[1,0]},"f":{},"fnMap":{},"statementMap":{"1":{"start":{"line":3,"column":0},"end":{"line":5,"column":21}}},"branchMap":{"1":{"line":3,"type":"cond-expr","locations":[{"start":{"line":4,"column":3},"end":{"line":4,"column":13}},{"start":{"line":5,"column":3},"end":{"line":5,"column":20}}]}},"code":["'use strict';","","module.exports = require('./is-implemented')()","\t? String.raw","\t: require('./shim');",""],"l":{"3":1}},"/home/travis/build/npmtest/node-npmtest-es5-ext/node_modules/es5-ext/string/raw/is-implemented.js":{"path":"/home/travis/build/npmtest/node-npmtest-es5-ext/node_modules/es5-ext/string/raw/is-implemented.js","s":{"1":1,"2":1,"3":1,"4":0,"5":1,"6":1,"7":1},"b":{"1":[0,1]},"f":{"1":1},"fnMap":{"1":{"name":"(anonymous_1)","line":3,"loc":{"start":{"line":3,"column":17},"end":{"line":3,"column":29}}}},"statementMap":{"1":{"start":{"line":3,"column":0},"end":{"line":9,"column":2}},"2":{"start":{"line":4,"column":1},"end":{"line":4,"column":28}},"3":{"start":{"line":5,"column":1},"end":{"line":5,"column":45}},"4":{"start":{"line":5,"column":32},"end":{"line":5,"column":45}},"5":{"start":{"line":6,"column":1},"end":{"line":6,"column":32}},"6":{"start":{"line":7,"column":1},"end":{"line":7,"column":38}},"7":{"start":{"line":8,"column":1},"end":{"line":8,"column":62}}},"branchMap":{"1":{"line":5,"type":"if","locations":[{"start":{"line":5,"column":1},"end":{"line":5,"column":1}},{"start":{"line":5,"column":1},"end":{"line":5,"column":1}}]}},"code":["'use strict';","","module.exports = function () {","\tvar raw = String.raw, test;","\tif (typeof raw !== 'function') return false;","\ttest = ['foo\\nbar', 'marko\\n'];","\ttest.raw = ['foo\\\\nbar', 'marko\\\\n'];","\treturn raw(test, 'INSE\\nRT') === 'foo\\\\nbarINSE\\nRTmarko\\\\n';","};",""],"l":{"3":1,"4":1,"5":1,"6":1,"7":1,"8":1}},"/home/travis/build/npmtest/node-npmtest-es5-ext/node_modules/es5-ext/math/_pack-ieee754.js":{"path":"/home/travis/build/npmtest/node-npmtest-es5-ext/node_modules/es5-ext/math/_pack-ieee754.js","s":{"1":1,"2":1,"3":0,"4":0,"5":0,"6":0,"7":0,"8":0,"9":1,"10":0,"11":0,"12":0,"13":0,"14":0,"15":0,"16":0,"17":0,"18":0,"19":0,"20":0,"21":0,"22":0,"23":0,"24":0,"25":0,"26":0,"27":0,"28":0,"29":0,"30":0,"31":0,"32":0,"33":0,"34":0,"35":0,"36":0,"37":0,"38":0,"39":0,"40":0,"41":0,"42":0,"43":0,"44":0,"45":0,"46":0,"47":0,"48":0,"49":0,"50":0,"51":0,"52":0},"b":{"1":[0,0],"2":[0,0],"3":[0,0],"4":[0,0],"5":[0,0],"6":[0,0],"7":[0,0],"8":[0,0],"9":[0,0],"10":[0,0],"11":[0,0],"12":[0,0],"13":[0,0],"14":[0,0],"15":[0,0]},"f":{"1":0,"2":0},"fnMap":{"1":{"name":"(anonymous_1)","line":9,"loc":{"start":{"line":9,"column":14},"end":{"line":9,"column":27}}},"2":{"name":"(anonymous_2)","line":16,"loc":{"start":{"line":16,"column":17},"end":{"line":16,"column":44}}}},"statementMap":{"1":{"start":{"line":5,"column":0},"end":{"line":7,"column":16}},"2":{"start":{"line":9,"column":0},"end":{"line":14,"column":2}},"3":{"start":{"line":10,"column":1},"end":{"line":10,"column":29}},"4":{"start":{"line":11,"column":1},"end":{"line":11,"column":23}},"5":{"start":{"line":11,"column":14},"end":{"line":11,"column":23}},"6":{"start":{"line":12,"column":1},"end":{"line":12,"column":27}},"7":{"start":{"line":12,"column":14},"end":{"line":12,"column":27}},"8":{"start":{"line":13,"column":1},"end":{"line":13,"column":26}},"9":{"start":{"line":16,"column":0},"end":{"line":82,"column":2}},"10":{"start":{"line":17,"column":1},"end":{"line":17,"column":65}},"11":{"start":{"line":20,"column":1},"end":{"line":59,"column":2}},"12":{"start":{"line":23,"column":2},"end":{"line":23,"column":23}},"13":{"start":{"line":24,"column":2},"end":{"line":24,"column":24}},"14":{"start":{"line":25,"column":2},"end":{"line":25,"column":8}},"15":{"start":{"line":26,"column":8},"end":{"line":59,"column":2}},"16":{"start":{"line":27,"column":2},"end":{"line":27,"column":23}},"17":{"start":{"line":28,"column":2},"end":{"line":28,"column":8}},"18":{"start":{"line":29,"column":2},"end":{"line":29,"column":22}},"19":{"start":{"line":30,"column":8},"end":{"line":59,"column":2}},"20":{"start":{"line":31,"column":2},"end":{"line":31,"column":8}},"21":{"start":{"line":32,"column":2},"end":{"line":32,"column":8}},"22":{"start":{"line":33,"column":2},"end":{"line":33,"column":36}},"23":{"start":{"line":35,"column":2},"end":{"line":35,"column":12}},"24":{"start":{"line":36,"column":2},"end":{"line":36,"column":13}},"25":{"start":{"line":38,"column":2},"end":{"line":58,"column":3}},"26":{"start":{"line":39,"column":3},"end":{"line":39,"column":38}},"27":{"start":{"line":40,"column":3},"end":{"line":40,"column":50}},"28":{"start":{"line":41,"column":3},"end":{"line":44,"column":4}},"29":{"start":{"line":42,"column":4},"end":{"line":42,"column":14}},"30":{"start":{"line":43,"column":4},"end":{"line":43,"column":10}},"31":{"start":{"line":45,"column":3},"end":{"line":53,"column":4}},"32":{"start":{"line":47,"column":4},"end":{"line":47,"column":25}},"33":{"start":{"line":48,"column":4},"end":{"line":48,"column":10}},"34":{"start":{"line":51,"column":4},"end":{"line":51,"column":17}},"35":{"start":{"line":52,"column":4},"end":{"line":52,"column":26}},"36":{"start":{"line":56,"column":3},"end":{"line":56,"column":9}},"37":{"start":{"line":57,"column":3},"end":{"line":57,"column":49}},"38":{"start":{"line":62,"column":1},"end":{"line":62,"column":11}},"39":{"start":{"line":63,"column":1},"end":{"line":66,"column":2}},"40":{"start":{"line":64,"column":2},"end":{"line":64,"column":27}},"41":{"start":{"line":65,"column":2},"end":{"line":65,"column":19}},"42":{"start":{"line":67,"column":1},"end":{"line":70,"column":2}},"43":{"start":{"line":68,"column":2},"end":{"line":68,"column":27}},"44":{"start":{"line":69,"column":2},"end":{"line":69,"column":19}},"45":{"start":{"line":71,"column":1},"end":{"line":71,"column":22}},"46":{"start":{"line":72,"column":1},"end":{"line":72,"column":16}},"47":{"start":{"line":73,"column":1},"end":{"line":73,"column":21}},"48":{"start":{"line":76,"column":1},"end":{"line":76,"column":12}},"49":{"start":{"line":77,"column":1},"end":{"line":80,"column":2}},"50":{"start":{"line":78,"column":2},"end":{"line":78,"column":47}},"51":{"start":{"line":79,"column":2},"end":{"line":79,"column":25}},"52":{"start":{"line":81,"column":1},"end":{"line":81,"column":14}}},"branchMap":{"1":{"line":11,"type":"if","locations":[{"start":{"line":11,"column":1},"end":{"line":11,"column":1}},{"start":{"line":11,"column":1},"end":{"line":11,"column":1}}]},"2":{"line":12,"type":"if","locations":[{"start":{"line":12,"column":1},"end":{"line":12,"column":1}},{"start":{"line":12,"column":1},"end":{"line":12,"column":1}}]},"3":{"line":13,"type":"cond-expr","locations":[{"start":{"line":13,"column":16},"end":{"line":13,"column":21}},{"start":{"line":13,"column":24},"end":{"line":13,"column":25}}]},"4":{"line":20,"type":"if","locations":[{"start":{"line":20,"column":1},"end":{"line":20,"column":1}},{"start":{"line":20,"column":1},"end":{"line":20,"column":1}}]},"5":{"line":26,"type":"if","locations":[{"start":{"line":26,"column":8},"end":{"line":26,"column":8}},{"start":{"line":26,"column":8},"end":{"line":26,"column":8}}]},"6":{"line":26,"type":"binary-expr","locations":[{"start":{"line":26,"column":12},"end":{"line":26,"column":26}},{"start":{"line":26,"column":30},"end":{"line":26,"column":45}}]},"7":{"line":29,"type":"cond-expr","locations":[{"start":{"line":29,"column":16},"end":{"line":29,"column":17}},{"start":{"line":29,"column":20},"end":{"line":29,"column":21}}]},"8":{"line":30,"type":"if","locations":[{"start":{"line":30,"column":8},"end":{"line":30,"column":8}},{"start":{"line":30,"column":8},"end":{"line":30,"column":8}}]},"9":{"line":33,"type":"cond-expr","locations":[{"start":{"line":33,"column":30},"end":{"line":33,"column":31}},{"start":{"line":33,"column":34},"end":{"line":33,"column":35}}]},"10":{"line":38,"type":"if","locations":[{"start":{"line":38,"column":2},"end":{"line":38,"column":2}},{"start":{"line":38,"column":2},"end":{"line":38,"column":2}}]},"11":{"line":41,"type":"if","locations":[{"start":{"line":41,"column":3},"end":{"line":41,"column":3}},{"start":{"line":41,"column":3},"end":{"line":41,"column":3}}]},"12":{"line":45,"type":"if","locations":[{"start":{"line":45,"column":3},"end":{"line":45,"column":3}},{"start":{"line":45,"column":3},"end":{"line":45,"column":3}}]},"13":{"line":64,"type":"cond-expr","locations":[{"start":{"line":64,"column":20},"end":{"line":64,"column":21}},{"start":{"line":64,"column":24},"end":{"line":64,"column":25}}]},"14":{"line":68,"type":"cond-expr","locations":[{"start":{"line":68,"column":20},"end":{"line":68,"column":21}},{"start":{"line":68,"column":24},"end":{"line":68,"column":25}}]},"15":{"line":71,"type":"cond-expr","locations":[{"start":{"line":71,"column":15},"end":{"line":71,"column":16}},{"start":{"line":71,"column":19},"end":{"line":71,"column":20}}]}},"code":["// Credit: https://github.com/paulmillr/es6-shim/","","'use strict';","","var abs = Math.abs, floor = Math.floor, log = Math.log, min = Math.min","  , pow = Math.pow, LN2 = Math.LN2","  , roundToEven;","","roundToEven = function (n) {","\tvar w = floor(n), f = n - w;","\tif (f < 0.5) return w;","\tif (f > 0.5) return w + 1;","\treturn w % 2 ? w + 1 : w;","};","","module.exports = function (v, ebits, fbits) {","\tvar bias = (1 << (ebits - 1)) - 1, s, e, f, i, bits, str, bytes;","","\t// Compute sign, exponent, fraction","\tif (isNaN(v)) {","\t\t// NaN","\t\t// http://dev.w3.org/2006/webapi/WebIDL/#es-type-mapping","\t\te = (1 << ebits) - 1;","\t\tf = pow(2, fbits - 1);","\t\ts = 0;","\t} else if (v === Infinity || v === -Infinity) {","\t\te = (1 << ebits) - 1;","\t\tf = 0;","\t\ts = (v < 0) ? 1 : 0;","\t} else if (v === 0) {","\t\te = 0;","\t\tf = 0;","\t\ts = (1 / v === -Infinity) ? 1 : 0;","\t} else {","\t\ts = v < 0;","\t\tv = abs(v);","","\t\tif (v >= pow(2, 1 - bias)) {","\t\t\te = min(floor(log(v) / LN2), 1023);","\t\t\tf = roundToEven(v / pow(2, e) * pow(2, fbits));","\t\t\tif (f / pow(2, fbits) >= 2) {","\t\t\t\te = e + 1;","\t\t\t\tf = 1;","\t\t\t}","\t\t\tif (e > bias) {","\t\t\t\t// Overflow","\t\t\t\te = (1 << ebits) - 1;","\t\t\t\tf = 0;","\t\t\t} else {","\t\t\t\t// Normal","\t\t\t\te = e + bias;","\t\t\t\tf = f - pow(2, fbits);","\t\t\t}","\t\t} else {","\t\t\t// Subnormal","\t\t\te = 0;","\t\t\tf = roundToEven(v / pow(2, 1 - bias - fbits));","\t\t}","\t}","","\t// Pack sign, exponent, fraction","\tbits = [];","\tfor (i = fbits; i; i -= 1) {","\t\tbits.push(f % 2 ? 1 : 0);","\t\tf = floor(f / 2);","\t}","\tfor (i = ebits; i; i -= 1) {","\t\tbits.push(e % 2 ? 1 : 0);","\t\te = floor(e / 2);","\t}","\tbits.push(s ? 1 : 0);","\tbits.reverse();","\tstr = bits.join('');","","\t// Bits to bytes","\tbytes = [];","\twhile (str.length) {","\t\tbytes.push(parseInt(str.substring(0, 8), 2));","\t\tstr = str.substring(8);","\t}","\treturn bytes;","};",""],"l":{"5":1,"9":1,"10":0,"11":0,"12":0,"13":0,"16":1,"17":0,"20":0,"23":0,"24":0,"25":0,"26":0,"27":0,"28":0,"29":0,"30":0,"31":0,"32":0,"33":0,"35":0,"36":0,"38":0,"39":0,"40":0,"41":0,"42":0,"43":0,"45":0,"47":0,"48":0,"51":0,"52":0,"56":0,"57":0,"62":0,"63":0,"64":0,"65":0,"67":0,"68":0,"69":0,"71":0,"72":0,"73":0,"76":0,"77":0,"78":0,"79":0,"81":0}},"/home/travis/build/npmtest/node-npmtest-es5-ext/node_modules/es5-ext/math/_unpack-ieee754.js":{"path":"/home/travis/build/npmtest/node-npmtest-es5-ext/node_modules/es5-ext/math/_unpack-ieee754.js","s":{"1":1,"2":1,"3":0,"4":0,"5":0,"6":0,"7":0,"8":0,"9":0,"10":0,"11":0,"12":0,"13":0,"14":0,"15":0,"16":0,"17":0,"18":0,"19":0,"20":0,"21":0},"b":{"1":[0,0],"2":[0,0],"3":[0,0],"4":[0,0],"5":[0,0],"6":[0,0],"7":[0,0]},"f":{"1":0},"fnMap":{"1":{"name":"(anonymous_1)","line":7,"loc":{"start":{"line":7,"column":17},"end":{"line":7,"column":48}}}},"statementMap":{"1":{"start":{"line":5,"column":0},"end":{"line":5,"column":19}},"2":{"start":{"line":7,"column":0},"end":{"line":33,"column":2}},"3":{"start":{"line":9,"column":1},"end":{"line":10,"column":15}},"4":{"start":{"line":12,"column":1},"end":{"line":18,"column":2}},"5":{"start":{"line":13,"column":2},"end":{"line":13,"column":19}},"6":{"start":{"line":14,"column":2},"end":{"line":17,"column":3}},"7":{"start":{"line":15,"column":3},"end":{"line":15,"column":28}},"8":{"start":{"line":16,"column":3},"end":{"line":16,"column":14}},"9":{"start":{"line":19,"column":1},"end":{"line":19,"column":16}},"10":{"start":{"line":20,"column":1},"end":{"line":20,"column":21}},"11":{"start":{"line":23,"column":1},"end":{"line":23,"column":31}},"12":{"start":{"line":24,"column":1},"end":{"line":24,"column":47}},"13":{"start":{"line":25,"column":1},"end":{"line":25,"column":46}},"14":{"start":{"line":26,"column":1},"end":{"line":26,"column":43}},"15":{"start":{"line":29,"column":1},"end":{"line":29,"column":65}},"16":{"start":{"line":29,"column":29},"end":{"line":29,"column":65}},"17":{"start":{"line":30,"column":1},"end":{"line":30,"column":66}},"18":{"start":{"line":30,"column":12},"end":{"line":30,"column":66}},"19":{"start":{"line":31,"column":1},"end":{"line":31,"column":67}},"20":{"start":{"line":31,"column":14},"end":{"line":31,"column":67}},"21":{"start":{"line":32,"column":1},"end":{"line":32,"column":23}}},"branchMap":{"1":{"line":15,"type":"cond-expr","locations":[{"start":{"line":15,"column":21},"end":{"line":15,"column":22}},{"start":{"line":15,"column":25},"end":{"line":15,"column":26}}]},"2":{"line":24,"type":"cond-expr","locations":[{"start":{"line":24,"column":40},"end":{"line":24,"column":42}},{"start":{"line":24,"column":45},"end":{"line":24,"column":46}}]},"3":{"line":29,"type":"if","locations":[{"start":{"line":29,"column":1},"end":{"line":29,"column":1}},{"start":{"line":29,"column":1},"end":{"line":29,"column":1}}]},"4":{"line":29,"type":"cond-expr","locations":[{"start":{"line":29,"column":46},"end":{"line":29,"column":49}},{"start":{"line":29,"column":52},"end":{"line":29,"column":64}}]},"5":{"line":30,"type":"if","locations":[{"start":{"line":30,"column":1},"end":{"line":30,"column":1}},{"start":{"line":30,"column":1},"end":{"line":30,"column":1}}]},"6":{"line":31,"type":"if","locations":[{"start":{"line":31,"column":1},"end":{"line":31,"column":1}},{"start":{"line":31,"column":1},"end":{"line":31,"column":1}}]},"7":{"line":32,"type":"cond-expr","locations":[{"start":{"line":32,"column":16},"end":{"line":32,"column":18}},{"start":{"line":32,"column":21},"end":{"line":32,"column":22}}]}},"code":["// Credit: https://github.com/paulmillr/es6-shim/","","'use strict';","","var pow = Math.pow;","","module.exports = function (bytes, ebits, fbits) {","\t// Bytes to bits","\tvar bits = [], i, j, b, str,","\tbias, s, e, f;","","\tfor (i = bytes.length; i; i -= 1) {","\t\tb = bytes[i - 1];","\t\tfor (j = 8; j; j -= 1) {","\t\t\tbits.push(b % 2 ? 1 : 0);","\t\t\tb = b >> 1;","\t\t}","\t}","\tbits.reverse();","\tstr = bits.join('');","","\t// Unpack sign, exponent, fraction","\tbias = (1 << (ebits - 1)) - 1;","\ts = parseInt(str.substring(0, 1), 2) ? -1 : 1;","\te = parseInt(str.substring(1, 1 + ebits), 2);","\tf = parseInt(str.substring(1 + ebits), 2);","","\t// Produce number","\tif (e === (1 << ebits) - 1) return f !== 0 ? NaN : s * Infinity;","\tif (e > 0) return s * pow(2, e - bias) * (1 + f / pow(2, fbits));","\tif (f !== 0) return s * pow(2, -(bias - 1)) * (f / pow(2, fbits));","\treturn s < 0 ? -0 : 0;","};",""],"l":{"5":1,"7":1,"9":0,"12":0,"13":0,"14":0,"15":0,"16":0,"19":0,"20":0,"23":0,"24":0,"25":0,"26":0,"29":0,"30":0,"31":0,"32":0}}}